time=2025-07-02T11:27:18.540+02:00 level=INFO msg="Server starting" time=2025-07-02T11:27:18+02:00
time=2025-07-02T11:27:18.541+02:00 level=INFO msg="[SERVER] Loaded config."
time=2025-07-02T11:27:18.541+02:00 level=INFO msg="[LUTRON] Lutron cache initialized"
time=2025-07-02T11:27:18.641+02:00 level=INFO msg=[WEBSOCKET] "connection established"=true
time=2025-07-02T11:27:19.053+02:00 level=INFO msg="[LUTRON] Lutron routine started"
time=2025-07-02T11:27:19.053+02:00 level=INFO msg="[LUTRON] Read routine started"
time=2025-07-02T11:27:19.054+02:00 level=INFO msg="[BACNET] Bacnet cache initialized"
time=2025-07-02T11:27:19.055+02:00 level=INFO msg="[BACNET] Bacnet routine started"
time=2025-07-02T11:27:19.055+02:00 level=INFO msg="[CYVIZ] Initialized Cyviz Cache"
time=2025-07-02T11:27:19.055+02:00 level=INFO msg="[BACNET] Read routine started"
time=2025-07-02T11:27:19.100+02:00 level=INFO msg="[CYVIZ] Cyviz routine started" roomId=4 ip=10.10.100.1:15555
time=2025-07-02T11:27:19.110+02:00 level=INFO msg="[CYVIZ] Cyviz routine started" roomId=3 ip=10.10.100.2:15555
[GIN] 2025/07/02 - 11:27:19 | 200 |      1.0599ms |             ::1 | POST     "/cyviz/avinput"
[GIN] 2025/07/02 - 11:27:19 | 200 |      1.9766ms |             ::1 | POST     "/cyviz/avinput"
[GIN] 2025/07/02 - 11:27:19 | 200 |            0s |             ::1 | POST     "/cyviz/avinput"
[GIN] 2025/07/02 - 11:27:19 | 200 |            0s |             ::1 | POST     "/cyviz/avinput"
[GIN] 2025/07/02 - 11:27:23 | 200 |            0s |             ::1 | GET      "/bacnet/info?roomId=4"
[GIN] 2025/07/02 - 11:27:33 | 200 |            0s |             ::1 | GET      "/bacnet/info?roomId=4"
[GIN] 2025/07/02 - 11:27:34 | 200 |            0s |             ::1 | POST     "/cyviz/avinput"
[GIN] 2025/07/02 - 11:27:36 | 200 |      2.7558ms |             ::1 | POST     "/cyviz/avinput"
[GIN] 2025/07/02 - 11:27:38 | 200 |      8.3631ms |             ::1 | POST     "/cyviz/avinput"
[GIN] 2025/07/02 - 11:27:43 | 200 |      3.5126ms |             ::1 | GET      "/bacnet/info?roomId=4"
time=2025-07-02T11:27:51.160+02:00 level=INFO msg="[SERVER] Setting Cyviz target" target=2 preset=1 position=1 loadPreset=true
time=2025-07-02T11:27:51.160+02:00 level=INFO msg="[SERVER] Sending command to Cyviz" command="load preset ExtName: \"MV11\""
time=2025-07-02T11:27:51.661+02:00 level=INFO msg="[SERVER] Sending command to Cyviz" command="replacepipv2 1, HDMI_2"
[GIN] 2025/07/02 - 11:27:51 | 200 |    500.7676ms |             ::1 | POST     "/cyviz/avinput"
[GIN] 2025/07/02 - 11:27:53 | 200 |            0s |             ::1 | GET      "/bacnet/info?roomId=4"
time=2025-07-02T11:27:55.550+02:00 level=INFO msg="[SERVER] Setting Cyviz target" target=1 preset=1 position=1 loadPreset=true
time=2025-07-02T11:27:55.551+02:00 level=INFO msg="[SERVER] Sending command to Cyviz" command="load preset ExtName: \"MV11\""
time=2025-07-02T11:27:56.051+02:00 level=INFO msg="[SERVER] Sending command to Cyviz" command="replacepipv2 1, HDMI_1"
[GIN] 2025/07/02 - 11:27:56 | 200 |    503.9576ms |             ::1 | POST     "/cyviz/avinput"
time=2025-07-02T11:27:58.005+02:00 level=INFO msg="[SERVER] Setting Cyviz target" target=3 preset=1 position=1 loadPreset=true
time=2025-07-02T11:27:58.005+02:00 level=INFO msg="[SERVER] Sending command to Cyviz" command="load preset ExtName: \"MV11\""
time=2025-07-02T11:27:58.505+02:00 level=INFO msg="[SERVER] Sending command to Cyviz" command="replacepipv2 1, HDMI_3"
[GIN] 2025/07/02 - 11:27:58 | 200 |    502.0286ms |             ::1 | POST     "/cyviz/avinput"
time=2025-07-02T11:28:00.752+02:00 level=INFO msg="[SERVER] Setting Cyviz target" target=0 preset=1 position=1 loadPreset=true
time=2025-07-02T11:28:00.752+02:00 level=INFO msg="[SERVER] Sending command to Cyviz" command="load preset ExtName: \"MV11\""
time=2025-07-02T11:28:01.254+02:00 level=INFO msg="[SERVER] Sending command to Cyviz" command="replacepipv2 1, Clickshare_1"
[GIN] 2025/07/02 - 11:28:01 | 200 |    502.3308ms |             ::1 | POST     "/cyviz/avinput"
[GIN] 2025/07/02 - 11:28:03 | 200 |            0s |             ::1 | GET      "/bacnet/info?roomId=4"
time=2025-07-02T11:28:08.377+02:00 level=INFO msg="[SERVER] Setting Cyviz target" target=0 preset=2 position=1 loadPreset=true
time=2025-07-02T11:28:08.377+02:00 level=INFO msg="[SERVER] Sending command to Cyviz" command="load preset ExtName: \"MV12\""
time=2025-07-02T11:28:08.879+02:00 level=INFO msg="[SERVER] Sending command to Cyviz" command="replacepipv2 1, Clickshare_1"
time=2025-07-02T11:28:09.680+02:00 level=INFO msg="[SERVER] Setting Cyviz target" target=2 preset=2 position=2 loadPreset=false
time=2025-07-02T11:28:09.680+02:00 level=INFO msg="[SERVER] Sending command to Cyviz" command="replacepipv2 2, HDMI_2"
[GIN] 2025/07/02 - 11:28:10 | 200 |    2.1055506s |             ::1 | POST     "/cyviz/avinput"
time=2025-07-02T11:28:12.130+02:00 level=INFO msg="[SERVER] Setting Cyviz target" target=0 preset=2 position=1 loadPreset=true
time=2025-07-02T11:28:12.130+02:00 level=INFO msg="[SERVER] Sending command to Cyviz" command="load preset ExtName: \"MV12\""
time=2025-07-02T11:28:12.633+02:00 level=INFO msg="[SERVER] Sending command to Cyviz" command="replacepipv2 1, Clickshare_1"
[GIN] 2025/07/02 - 11:28:13 | 200 |            0s |             ::1 | GET      "/bacnet/info?roomId=4"
time=2025-07-02T11:28:13.433+02:00 level=INFO msg="[SERVER] Setting Cyviz target" target=1 preset=2 position=2 loadPreset=false
time=2025-07-02T11:28:13.434+02:00 level=INFO msg="[SERVER] Sending command to Cyviz" command="replacepipv2 2, HDMI_1"
time=2025-07-02T11:28:13.521+02:00 level=INFO msg="[SERVER] Setting Cyviz target" target=0 preset=2 position=1 loadPreset=true
time=2025-07-02T11:28:13.521+02:00 level=INFO msg="[SERVER] Sending command to Cyviz" command="load preset ExtName: \"MV12\""
time=2025-07-02T11:28:14.022+02:00 level=INFO msg="[SERVER] Sending command to Cyviz" command="replacepipv2 1, Clickshare_1"
[GIN] 2025/07/02 - 11:28:14 | 200 |     2.104302s |             ::1 | POST     "/cyviz/avinput"
time=2025-07-02T11:28:14.823+02:00 level=INFO msg="[SERVER] Setting Cyviz target" target=3 preset=2 position=2 loadPreset=false
time=2025-07-02T11:28:14.825+02:00 level=INFO msg="[SERVER] Sending command to Cyviz" command="replacepipv2 2, HDMI_3"
time=2025-07-02T11:28:14.851+02:00 level=INFO msg="[SERVER] Setting Cyviz target" target=0 preset=2 position=1 loadPreset=true
time=2025-07-02T11:28:14.852+02:00 level=INFO msg="[SERVER] Sending command to Cyviz" command="load preset ExtName: \"MV12\""
time=2025-07-02T11:28:15.353+02:00 level=INFO msg="[SERVER] Sending command to Cyviz" command="replacepipv2 1, Clickshare_1"
[GIN] 2025/07/02 - 11:28:15 | 200 |    2.1042454s |             ::1 | POST     "/cyviz/avinput"
time=2025-07-02T11:28:16.154+02:00 level=INFO msg="[SERVER] Setting Cyviz target" target=0 preset=2 position=2 loadPreset=false
time=2025-07-02T11:28:16.154+02:00 level=INFO msg="[SERVER] Sending command to Cyviz" command="replacepipv2 2, Clickshare_1"
[GIN] 2025/07/02 - 11:28:16 | 200 |    2.1037046s |             ::1 | POST     "/cyviz/avinput"
time=2025-07-02T11:28:22.447+02:00 level=INFO msg="[SERVER] Setting Cyviz target" target=0 preset=1 position=1 loadPreset=true
time=2025-07-02T11:28:22.448+02:00 level=INFO msg="[SERVER] Sending command to Cyviz" command="load preset ExtName: \"MV11\""
time=2025-07-02T11:28:22.949+02:00 level=INFO msg="[SERVER] Sending command to Cyviz" command="replacepipv2 1, Clickshare_1"
[GIN] 2025/07/02 - 11:28:22 | 200 |    502.2503ms |             ::1 | POST     "/cyviz/avinput"
[GIN] 2025/07/02 - 11:28:23 | 200 |            0s |             ::1 | GET      "/bacnet/info?roomId=4"
[GIN] 2025/07/02 - 11:28:27 | 200 |      1.5428ms |             ::1 | POST     "/cyviz/avinput"
[GIN] 2025/07/02 - 11:28:28 | 200 |      2.4291ms |             ::1 | POST     "/cyviz/avinput"
[GIN] 2025/07/02 - 11:28:33 | 200 |            0s |             ::1 | GET      "/bacnet/info?roomId=4"
[GIN] 2025/07/02 - 11:28:36 | 200 |      1.8622ms |             ::1 | POST     "/cyviz/avinput"
[GIN] 2025/07/02 - 11:28:43 | 200 |            0s |             ::1 | GET      "/bacnet/info?roomId=4"
[GIN] 2025/07/02 - 11:28:53 | 200 |            0s |             ::1 | GET      "/bacnet/info?roomId=4"
[GIN] 2025/07/02 - 11:29:03 | 200 |            0s |             ::1 | GET      "/bacnet/info?roomId=4"
[GIN] 2025/07/02 - 11:29:13 | 200 |       887.9µs |             ::1 | GET      "/bacnet/info?roomId=4"
[GIN] 2025/07/02 - 11:29:23 | 200 |            0s |             ::1 | GET      "/bacnet/info?roomId=4"
[GIN] 2025/07/02 - 11:29:33 | 200 |      4.3128ms |             ::1 | GET      "/bacnet/info?roomId=4"
[GIN] 2025/07/02 - 11:29:43 | 200 |            0s |             ::1 | GET      "/bacnet/info?roomId=4"
[GIN] 2025/07/02 - 11:29:53 | 200 |            0s |             ::1 | GET      "/bacnet/info?roomId=4"
[GIN] 2025/07/02 - 11:30:03 | 200 |            0s |             ::1 | GET      "/bacnet/info?roomId=4"
[GIN] 2025/07/02 - 11:30:13 | 200 |            0s |             ::1 | GET      "/bacnet/info?roomId=4"
[GIN] 2025/07/02 - 11:30:23 | 200 |      4.3025ms |             ::1 | GET      "/bacnet/info?roomId=4"
[GIN] 2025/07/02 - 11:30:33 | 200 |            0s |             ::1 | GET      "/bacnet/info?roomId=4"
[GIN] 2025/07/02 - 11:30:43 | 200 |            0s |             ::1 | GET      "/bacnet/info?roomId=4"
[GIN] 2025/07/02 - 11:30:53 | 200 |            0s |             ::1 | GET      "/bacnet/info?roomId=4"
[GIN] 2025/07/02 - 11:31:03 | 200 |            0s |             ::1 | GET      "/bacnet/info?roomId=4"
[GIN] 2025/07/02 - 11:31:13 | 200 |       3.021ms |             ::1 | GET      "/bacnet/info?roomId=4"
[GIN] 2025/07/02 - 11:31:23 | 200 |            0s |             ::1 | GET      "/bacnet/info?roomId=4"
[GIN] 2025/07/02 - 11:31:33 | 200 |            0s |             ::1 | GET      "/bacnet/info?roomId=4"
[GIN] 2025/07/02 - 11:31:43 | 200 |            0s |             ::1 | GET      "/bacnet/info?roomId=4"
[GIN] 2025/07/02 - 11:31:53 | 200 |      5.4389ms |             ::1 | GET      "/bacnet/info?roomId=4"
[GIN] 2025/07/02 - 11:32:03 | 200 |            0s |             ::1 | GET      "/bacnet/info?roomId=4"
[GIN] 2025/07/02 - 11:32:13 | 200 |            0s |             ::1 | GET      "/bacnet/info?roomId=4"
[GIN] 2025/07/02 - 11:32:23 | 200 |            0s |             ::1 | GET      "/bacnet/info?roomId=4"
[GIN] 2025/07/02 - 11:32:33 | 200 |      2.4975ms |             ::1 | GET      "/bacnet/info?roomId=4"
[GIN] 2025/07/02 - 11:32:43 | 200 |      1.5753ms |             ::1 | GET      "/bacnet/info?roomId=4"
[GIN] 2025/07/02 - 11:32:53 | 200 |            0s |             ::1 | GET      "/bacnet/info?roomId=4"
[GIN] 2025/07/02 - 11:33:03 | 200 |            0s |             ::1 | GET      "/bacnet/info?roomId=4"
[GIN] 2025/07/02 - 11:33:13 | 200 |            0s |             ::1 | GET      "/bacnet/info?roomId=4"
[GIN] 2025/07/02 - 11:33:23 | 200 |            0s |             ::1 | GET      "/bacnet/info?roomId=4"
[GIN] 2025/07/02 - 11:33:33 | 200 |            0s |             ::1 | GET      "/bacnet/info?roomId=4"
[GIN] 2025/07/02 - 11:33:43 | 200 |            0s |             ::1 | GET      "/bacnet/info?roomId=4"
[GIN] 2025/07/02 - 11:33:53 | 200 |            0s |             ::1 | GET      "/bacnet/info?roomId=4"
[GIN] 2025/07/02 - 11:34:03 | 200 |            0s |             ::1 | GET      "/bacnet/info?roomId=4"
[GIN] 2025/07/02 - 11:34:13 | 200 |       840.9µs |             ::1 | GET      "/bacnet/info?roomId=4"
[GIN] 2025/07/02 - 11:34:23 | 200 |            0s |             ::1 | GET      "/bacnet/info?roomId=4"
[GIN] 2025/07/02 - 11:34:33 | 200 |            0s |             ::1 | GET      "/bacnet/info?roomId=4"
[GIN] 2025/07/02 - 11:34:43 | 200 |            0s |             ::1 | GET      "/bacnet/info?roomId=4"
[GIN] 2025/07/02 - 11:34:53 | 200 |            0s |             ::1 | GET      "/bacnet/info?roomId=4"
[GIN] 2025/07/02 - 11:35:03 | 200 |            0s |             ::1 | GET      "/bacnet/info?roomId=4"
[GIN] 2025/07/02 - 11:35:13 | 200 |            0s |             ::1 | GET      "/bacnet/info?roomId=4"
[GIN] 2025/07/02 - 11:35:23 | 200 |            0s |             ::1 | GET      "/bacnet/info?roomId=4"
[GIN] 2025/07/02 - 11:35:33 | 200 |            0s |             ::1 | GET      "/bacnet/info?roomId=4"
[GIN] 2025/07/02 - 11:35:43 | 200 |            0s |             ::1 | GET      "/bacnet/info?roomId=4"
[GIN] 2025/07/02 - 11:35:53 | 200 |       654.1µs |             ::1 | GET      "/bacnet/info?roomId=4"
[GIN] 2025/07/02 - 11:36:03 | 200 |            0s |             ::1 | GET      "/bacnet/info?roomId=4"
[GIN] 2025/07/02 - 11:36:13 | 200 |            0s |             ::1 | GET      "/bacnet/info?roomId=4"
[GIN] 2025/07/02 - 11:36:23 | 200 |            0s |             ::1 | GET      "/bacnet/info?roomId=4"
[GIN] 2025/07/02 - 11:36:33 | 200 |            0s |             ::1 | GET      "/bacnet/info?roomId=4"
[GIN] 2025/07/02 - 11:36:43 | 200 |            0s |             ::1 | GET      "/bacnet/info?roomId=4"
[GIN] 2025/07/02 - 11:36:53 | 200 |            0s |             ::1 | GET      "/bacnet/info?roomId=4"
[GIN] 2025/07/02 - 11:37:03 | 200 |            0s |             ::1 | GET      "/bacnet/info?roomId=4"
[GIN] 2025/07/02 - 11:37:13 | 200 |            0s |             ::1 | GET      "/bacnet/info?roomId=4"
[GIN] 2025/07/02 - 11:37:23 | 200 |            0s |             ::1 | GET      "/bacnet/info?roomId=4"
[GIN] 2025/07/02 - 11:37:33 | 200 |            0s |             ::1 | GET      "/bacnet/info?roomId=4"
[GIN] 2025/07/02 - 11:37:43 | 200 |       513.8µs |             ::1 | GET      "/bacnet/info?roomId=4"
[GIN] 2025/07/02 - 11:37:53 | 200 |            0s |             ::1 | GET      "/bacnet/info?roomId=4"
[GIN] 2025/07/02 - 11:38:03 | 200 |            0s |             ::1 | GET      "/bacnet/info?roomId=4"
time=2025-07-02T11:38:10.054+02:00 level=ERROR msg="[LUTRON] Error writing command" command=?DEVICE,3,81,9 error="write tcp 172.31.105.99:54649->172.31.105.236:23: wsasend: An existing connection was forcibly closed by the remote host."
time=2025-07-02T11:38:10.054+02:00 level=ERROR msg="[LUTRON] Error writing command" command=?DEVICE,3,84,9 error="write tcp 172.31.105.99:54649->172.31.105.236:23: wsasend: An existing connection was forcibly closed by the remote host."
