time=2025-07-01T14:13:42.684+02:00 level=INFO msg="Server starting" time=2025-07-01T14:13:42+02:00
time=2025-07-01T14:13:42.684+02:00 level=INFO msg="[SERVER] Loaded config."
time=2025-07-01T14:13:42.685+02:00 level=INFO msg="[LUTRON] Lutron cache initialized"
time=2025-07-01T14:13:42.756+02:00 level=INFO msg=[WEBSOCKET] "connection established"=true
time=2025-07-01T14:13:47.686+02:00 level=ERROR msg="[SERVER] Failed to start Lutron routine" error="failed to connect to Lutron system: dial tcp 172.31.102.235:23: i/o timeout"
time=2025-07-01T14:13:47.686+02:00 level=INFO msg="[BACNET] Bacnet cache initialized"
time=2025-07-01T14:13:47.688+02:00 level=INFO msg="[BACNET] Bacnet routine started"
time=2025-07-01T14:13:47.689+02:00 level=INFO msg="[CYVIZ] Initialized Cyviz Cache"
time=2025-07-01T14:13:47.689+02:00 level=INFO msg="[BACNET] Read routine started"
time=2025-07-01T14:13:47.705+02:00 level=INFO msg="[CYVIZ] Cyviz routine started" roomId=4 ip=10.10.100.1:15555
time=2025-07-01T14:13:47.705+02:00 level=INFO msg="[CYVIZ] Read routine started" roomId=4
time=2025-07-01T14:13:47.719+02:00 level=INFO msg="[CYVIZ] Cyviz routine started" roomId=3 ip=10.10.100.2:15555
time=2025-07-01T14:13:47.720+02:00 level=INFO msg="[CYVIZ] Read routine started" roomId=3
[GIN] 2025/07/01 - 14:13:48 | 200 |      1.8494ms |             ::1 | GET      "/bacnet/info?roomId=4"
[GIN] 2025/07/01 - 14:13:54 | 200 |            0s |             ::1 | GET      "/bacnet/info?roomId=4"
[GIN] 2025/07/01 - 14:14:04 | 200 |            0s |             ::1 | GET      "/bacnet/info?roomId=4"
[GIN] 2025/07/01 - 14:14:12 | 500 |            0s |             ::1 | POST     "/modes"
[GIN] 2025/07/01 - 14:14:14 | 200 |            0s |             ::1 | GET      "/bacnet/info?roomId=4"
[GIN] 2025/07/01 - 14:14:24 | 200 |            0s |             ::1 | GET      "/bacnet/info?roomId=4"
[GIN] 2025/07/01 - 14:14:34 | 200 |            0s |             ::1 | GET      "/bacnet/info?roomId=4"
