time=2025-07-02T08:35:42.795+02:00 level=INFO msg="Server starting" time=2025-07-02T08:35:42+02:00
time=2025-07-02T08:35:42.796+02:00 level=INFO msg="[SERVER] Loaded config."
time=2025-07-02T08:35:42.796+02:00 level=INFO msg="[LUTRON] Lutron cache initialized"
time=2025-07-02T08:35:42.910+02:00 level=INFO msg=[WEBSOCKET] "connection established"=true
time=2025-07-02T08:35:43.308+02:00 level=INFO msg="[LUTRON] Lutron routine started"
time=2025-07-02T08:35:43.309+02:00 level=INFO msg="[BACNET] Bacnet cache initialized"
time=2025-07-02T08:35:43.309+02:00 level=INFO msg="[BACNET] Bacnet routine started"
time=2025-07-02T08:35:43.311+02:00 level=INFO msg="[CYVIZ] Initialized Cyviz Cache"
time=2025-07-02T08:35:43.308+02:00 level=INFO msg="[LUTRON] Read routine started"
time=2025-07-02T08:35:43.309+02:00 level=INFO msg="[BACNET] Read routine started"
time=2025-07-02T08:35:43.353+02:00 level=INFO msg="[CYVIZ] Cyviz routine started" roomId=4 ip=10.10.100.1:15555
time=2025-07-02T08:35:43.353+02:00 level=INFO msg="[CYVIZ] Read routine started" roomId=4
time=2025-07-02T08:35:43.370+02:00 level=INFO msg="[CYVIZ] Cyviz routine started" roomId=3 ip=10.10.100.2:15555
time=2025-07-02T08:35:43.370+02:00 level=INFO msg="[CYVIZ] Read routine started" roomId=3
[GIN] 2025/07/02 - 08:35:46 | 200 |       935.9µs |             ::1 | GET      "/bacnet/info?roomId=4"
time=2025-07-02T08:35:47.954+02:00 level=ERROR msg="[LUTRON] Error parsing response" command=?AREA,8,6 error="device returned error:  connection established\r\n~ERROR,2\r\n\r\nQNET>"
time=2025-07-02T08:35:55.969+02:00 level=ERROR msg="[LUTRON] Error parsing response" command=?AREA,9,6 error="device returned error:  \r\n~ERROR,2\r\n\r\nQNET>"
[GIN] 2025/07/02 - 08:35:56 | 200 |            0s |             ::1 | GET      "/bacnet/info?roomId=4"
time=2025-07-02T08:35:58.313+02:00 level=ERROR msg="[BACNET] Error reading temperature" device=1050 error="failed to execute request: Get \"http://localhost:5000/GetTemperature?DeviceId=1050&Port=47809\": context deadline exceeded (Client.Timeout exceeded while awaiting headers)"
[GIN] 2025/07/02 - 08:36:06 | 200 |            0s |             ::1 | GET      "/bacnet/info?roomId=4"
time=2025-07-02T08:36:07.970+02:00 level=ERROR msg="[LUTRON] Error parsing response" command=?AREA,10,6 error="device returned error:  \r\n~ERROR,2\r\n\r\nQNET>"
time=2025-07-02T08:36:08.314+02:00 level=ERROR msg="[BACNET] Error reading temperature" device=1050 error="failed to execute request: Get \"http://localhost:5000/GetTemperature?DeviceId=1050&Port=47809\": context deadline exceeded (Client.Timeout exceeded while awaiting headers)"
time=2025-07-02T08:36:11.966+02:00 level=ERROR msg="[LUTRON] Error parsing response" command=?AREA,8,6 error="device returned error:  \r\n~ERROR,2\r\n\r\nQNET>"
[GIN] 2025/07/02 - 08:36:16 | 200 |            0s |             ::1 | GET      "/bacnet/info?roomId=4"
time=2025-07-02T08:36:18.316+02:00 level=ERROR msg="[BACNET] Error reading temperature" device=1050 error="failed to execute request: Get \"http://localhost:5000/GetTemperature?DeviceId=1050&Port=47809\": context deadline exceeded (Client.Timeout exceeded while awaiting headers)"
time=2025-07-02T08:36:19.993+02:00 level=ERROR msg="[LUTRON] Error parsing response" command=?AREA,9,6 error="device returned error:  \r\n~ERROR,2\r\n\r\nQNET>"
[GIN] 2025/07/02 - 08:36:26 | 200 |            0s |             ::1 | GET      "/bacnet/info?roomId=4"
time=2025-07-02T08:36:28.317+02:00 level=ERROR msg="[BACNET] Error reading temperature" device=1050 error="failed to execute request: Get \"http://localhost:5000/GetTemperature?DeviceId=1050&Port=47809\": context deadline exceeded (Client.Timeout exceeded while awaiting headers)"
[GIN] 2025/07/02 - 08:36:30 | 404 |            0s |             ::1 | GET      "/lutron/modes?roomId=4"
time=2025-07-02T08:36:31.994+02:00 level=ERROR msg="[LUTRON] Error parsing response" command=?AREA,10,6 error="device returned error:  \r\n~ERROR,2\r\n\r\nQNET>"
time=2025-07-02T08:36:35.990+02:00 level=ERROR msg="[LUTRON] Error parsing response" command=?AREA,8,6 error="device returned error:  \r\n~ERROR,2\r\n\r\nQNET>"
[GIN] 2025/07/02 - 08:36:36 | 200 |            0s |             ::1 | GET      "/bacnet/info?roomId=4"
time=2025-07-02T08:36:38.319+02:00 level=ERROR msg="[BACNET] Error reading temperature" device=1050 error="failed to execute request: Get \"http://localhost:5000/GetTemperature?DeviceId=1050&Port=47809\": context deadline exceeded (Client.Timeout exceeded while awaiting headers)"
time=2025-07-02T08:36:43.998+02:00 level=ERROR msg="[LUTRON] Error parsing response" command=?AREA,9,6 error="device returned error:  \r\n~ERROR,2\r\n\r\nQNET>"
[GIN] 2025/07/02 - 08:36:44 | 200 |            0s |             ::1 | GET      "/modes?roomId=4"
[GIN] 2025/07/02 - 08:36:46 | 200 |            0s |             ::1 | GET      "/bacnet/info?roomId=4"
time=2025-07-02T08:36:48.321+02:00 level=ERROR msg="[BACNET] Error reading temperature" device=1050 error="failed to execute request: Get \"http://localhost:5000/GetTemperature?DeviceId=1050&Port=47809\": context deadline exceeded (Client.Timeout exceeded while awaiting headers)"
time=2025-07-02T08:36:56.014+02:00 level=ERROR msg="[LUTRON] Error parsing response" command=?AREA,10,6 error="device returned error:  \r\n~ERROR,2\r\n\r\nQNET>"
[GIN] 2025/07/02 - 08:36:56 | 200 |            0s |             ::1 | GET      "/bacnet/info?roomId=4"
time=2025-07-02T08:36:58.322+02:00 level=ERROR msg="[BACNET] Error reading temperature" device=1050 error="failed to execute request: Get \"http://localhost:5000/GetTemperature?DeviceId=1050&Port=47809\": context deadline exceeded (Client.Timeout exceeded while awaiting headers)"
time=2025-07-02T08:37:00.007+02:00 level=ERROR msg="[LUTRON] Error parsing response" command=?AREA,8,6 error="device returned error:  \r\n~ERROR,2\r\n\r\nQNET>"
[GIN] 2025/07/02 - 08:37:04 | 200 |            0s |             ::1 | GET      "/cyviz/avinput?roomId=4"
[GIN] 2025/07/02 - 08:37:06 | 200 |       649.5µs |             ::1 | GET      "/bacnet/info?roomId=4"
time=2025-07-02T08:37:07.929+02:00 level=ERROR msg="[LUTRON] Error parsing response" command=?AREA,9,6 error="device returned error:  \r\n~ERROR,2\r\n\r\nQNET>"
time=2025-07-02T08:37:08.323+02:00 level=ERROR msg="[BACNET] Error reading temperature" device=1050 error="failed to execute request: Get \"http://localhost:5000/GetTemperature?DeviceId=1050&Port=47809\": context deadline exceeded (Client.Timeout exceeded while awaiting headers)"
[GIN] 2025/07/02 - 08:37:16 | 200 |            0s |             ::1 | GET      "/bacnet/info?roomId=4"
time=2025-07-02T08:37:18.324+02:00 level=ERROR msg="[BACNET] Error reading temperature" device=1050 error="failed to execute request: Get \"http://localhost:5000/GetTemperature?DeviceId=1050&Port=47809\": context deadline exceeded (Client.Timeout exceeded while awaiting headers)"
time=2025-07-02T08:37:19.930+02:00 level=ERROR msg="[LUTRON] Error parsing response" command=?AREA,10,6 error="device returned error:  \r\n~ERROR,2\r\n\r\nQNET>"
time=2025-07-02T08:37:23.932+02:00 level=ERROR msg="[LUTRON] Error parsing response" command=?AREA,8,6 error="device returned error:  \r\n~ERROR,2\r\n\r\nQNET>"
[GIN] 2025/07/02 - 08:37:26 | 200 |      2.3958ms |             ::1 | GET      "/bacnet/info?roomId=4"
time=2025-07-02T08:37:28.325+02:00 level=ERROR msg="[BACNET] Error reading temperature" device=1050 error="failed to execute request: Get \"http://localhost:5000/GetTemperature?DeviceId=1050&Port=47809\": context deadline exceeded (Client.Timeout exceeded while awaiting headers)"
time=2025-07-02T08:37:31.954+02:00 level=ERROR msg="[LUTRON] Error parsing response" command=?AREA,9,6 error="device returned error:  \r\n~ERROR,2\r\n\r\nQNET>"
[GIN] 2025/07/02 - 08:37:36 | 200 |            0s |             ::1 | GET      "/bacnet/info?roomId=4"
time=2025-07-02T08:37:38.326+02:00 level=ERROR msg="[BACNET] Error reading temperature" device=1050 error="failed to execute request: Get \"http://localhost:5000/GetTemperature?DeviceId=1050&Port=47809\": context deadline exceeded (Client.Timeout exceeded while awaiting headers)"
time=2025-07-02T08:37:43.966+02:00 level=ERROR msg="[LUTRON] Error parsing response" command=?AREA,10,6 error="device returned error:  \r\n~ERROR,2\r\n\r\nQNET>"
[GIN] 2025/07/02 - 08:37:46 | 200 |            0s |             ::1 | GET      "/bacnet/info?roomId=4"
time=2025-07-02T08:37:47.963+02:00 level=ERROR msg="[LUTRON] Error parsing response" command=?AREA,8,6 error="device returned error:  \r\n~ERROR,2\r\n\r\nQNET>"
time=2025-07-02T08:37:48.328+02:00 level=ERROR msg="[BACNET] Error reading temperature" device=1050 error="failed to execute request: Get \"http://localhost:5000/GetTemperature?DeviceId=1050&Port=47809\": context deadline exceeded (Client.Timeout exceeded while awaiting headers)"
time=2025-07-02T08:37:55.980+02:00 level=ERROR msg="[LUTRON] Error parsing response" command=?AREA,9,6 error="device returned error:  \r\n~ERROR,2\r\n\r\nQNET>"
[GIN] 2025/07/02 - 08:37:56 | 200 |            0s |             ::1 | GET      "/bacnet/info?roomId=4"
time=2025-07-02T08:37:58.329+02:00 level=ERROR msg="[BACNET] Error reading temperature" device=1050 error="failed to execute request: Get \"http://localhost:5000/GetTemperature?DeviceId=1050&Port=47809\": context deadline exceeded (Client.Timeout exceeded while awaiting headers)"
[GIN] 2025/07/02 - 08:38:06 | 200 |            0s |             ::1 | GET      "/bacnet/info?roomId=4"
time=2025-07-02T08:38:07.971+02:00 level=ERROR msg="[LUTRON] Error parsing response" command=?AREA,10,6 error="device returned error:  \r\n~ERROR,2\r\n\r\nQNET>"
time=2025-07-02T08:38:08.330+02:00 level=ERROR msg="[BACNET] Error reading temperature" device=1050 error="failed to execute request: Get \"http://localhost:5000/GetTemperature?DeviceId=1050&Port=47809\": context deadline exceeded (Client.Timeout exceeded while awaiting headers)"
time=2025-07-02T08:38:11.977+02:00 level=ERROR msg="[LUTRON] Error parsing response" command=?AREA,8,6 error="device returned error:  \r\n~ERROR,2\r\n\r\nQNET>"
[GIN] 2025/07/02 - 08:38:16 | 200 |            0s |             ::1 | GET      "/bacnet/info?roomId=4"
time=2025-07-02T08:38:18.331+02:00 level=ERROR msg="[BACNET] Error reading temperature" device=1050 error="failed to execute request: Get \"http://localhost:5000/GetTemperature?DeviceId=1050&Port=47809\": context deadline exceeded (Client.Timeout exceeded while awaiting headers)"
time=2025-07-02T08:38:19.982+02:00 level=ERROR msg="[LUTRON] Error parsing response" command=?AREA,9,6 error="device returned error:  \r\n~ERROR,2\r\n\r\nQNET>"
[GIN] 2025/07/02 - 08:38:26 | 200 |            0s |             ::1 | GET      "/bacnet/info?roomId=4"
time=2025-07-02T08:38:28.332+02:00 level=ERROR msg="[BACNET] Error reading temperature" device=1050 error="failed to execute request: Get \"http://localhost:5000/GetTemperature?DeviceId=1050&Port=47809\": context deadline exceeded (Client.Timeout exceeded while awaiting headers)"
time=2025-07-02T08:38:32.001+02:00 level=ERROR msg="[LUTRON] Error parsing response" command=?AREA,10,6 error="device returned error:  \r\n~ERROR,2\r\n\r\nQNET>"
time=2025-07-02T08:38:36.007+02:00 level=ERROR msg="[LUTRON] Error parsing response" command=?AREA,8,6 error="device returned error:  \r\n~ERROR,2\r\n\r\nQNET>"
[GIN] 2025/07/02 - 08:38:36 | 200 |      2.0488ms |             ::1 | GET      "/bacnet/info?roomId=4"
time=2025-07-02T08:38:38.333+02:00 level=ERROR msg="[BACNET] Error reading temperature" device=1050 error="failed to execute request: Get \"http://localhost:5000/GetTemperature?DeviceId=1050&Port=47809\": context deadline exceeded (Client.Timeout exceeded while awaiting headers)"
