time=2025-06-30T13:17:39.252+02:00 level=INFO msg="Server starting" time=2025-06-30T13:17:39+02:00
time=2025-06-30T13:17:39.253+02:00 level=INFO msg="[SERVER] Loaded config."
time=2025-06-30T13:17:39.253+02:00 level=INFO msg="[LUTRON] Lutron cache initialized"
time=2025-06-30T13:17:39.326+02:00 level=INFO msg=[WEBSOCKET] "connection established"=true
time=2025-06-30T13:17:39.332+02:00 level=WARN msg=[WEBSOCKET] "policy violation, not reconnecting"="websocket: close 1008 (policy violation): connection already exists"
time=2025-06-30T13:17:39.332+02:00 level=INFO msg=[WEBSOCKET] "read routine ending, reconnect"=false
time=2025-06-30T13:17:39.334+02:00 level=ERROR msg=[WEBSOCKET] "Write close error"="websocket: close sent"
time=2025-06-30T13:17:39.759+02:00 level=INFO msg="[LUTRON] Lutron routine started"
time=2025-06-30T13:17:39.759+02:00 level=INFO msg="[BACNET] Bacnet cache initialized"
time=2025-06-30T13:17:39.759+02:00 level=INFO msg="[BACNET] Bacnet routine started"
time=2025-06-30T13:17:39.759+02:00 level=INFO msg="[LUTRON] Read routine started"
time=2025-06-30T13:17:39.759+02:00 level=INFO msg="[CYVIZ] Initialized Cyviz Cache"
time=2025-06-30T13:17:39.759+02:00 level=INFO msg="[BACNET] Read routine started"
time=2025-06-30T13:17:39.790+02:00 level=INFO msg="[CYVIZ] Cyviz routine started" roomId=4 ip=172.31.105.10:15555
time=2025-06-30T13:17:39.791+02:00 level=INFO msg="[CYVIZ] Read routine started" roomId=4
time=2025-06-30T13:17:39.799+02:00 level=INFO msg="[CYVIZ] Cyviz routine started" roomId=3 ip=10.10.100.2:15555
time=2025-06-30T13:17:39.799+02:00 level=INFO msg="[CYVIZ] Read routine started" roomId=3
time=2025-06-30T13:17:44.419+02:00 level=ERROR msg="[LUTRON] Error parsing response" command=?AREA,8,6 error="device returned error:  connection established\r\n~ERROR,2\r\n\r\nQNET>"
time=2025-06-30T13:17:52.425+02:00 level=ERROR msg="[LUTRON] Error parsing response" command=?AREA,9,6 error="device returned error:  \r\n~ERROR,2\r\n\r\nQNET>"
time=2025-06-30T13:17:54.763+02:00 level=ERROR msg="[BACNET] Error reading temperature" device=1050 error="failed to execute request: Get \"http://localhost:5000/GetTemperature?DeviceId=1050&Port=47809\": context deadline exceeded (Client.Timeout exceeded while awaiting headers)"
time=2025-06-30T13:18:04.438+02:00 level=ERROR msg="[LUTRON] Error parsing response" command=?AREA,10,6 error="device returned error:  \r\n~ERROR,2\r\n\r\nQNET>"
time=2025-06-30T13:18:04.764+02:00 level=ERROR msg="[BACNET] Error reading temperature" device=1050 error="failed to execute request: Get \"http://localhost:5000/GetTemperature?DeviceId=1050&Port=47809\": context deadline exceeded (Client.Timeout exceeded while awaiting headers)"
time=2025-06-30T13:18:08.464+02:00 level=ERROR msg="[LUTRON] Error parsing response" command=?AREA,8,6 error="device returned error:  \r\n~ERROR,2\r\n\r\nQNET>"
time=2025-06-30T13:18:14.766+02:00 level=ERROR msg="[BACNET] Error reading temperature" device=1050 error="failed to execute request: Get \"http://localhost:5000/GetTemperature?DeviceId=1050&Port=47809\": context deadline exceeded (Client.Timeout exceeded while awaiting headers)"
time=2025-06-30T13:18:16.448+02:00 level=ERROR msg="[LUTRON] Error parsing response" command=?AREA,9,6 error="device returned error:  \r\n~ERROR,2\r\n\r\nQNET>"
time=2025-06-30T13:18:24.768+02:00 level=ERROR msg="[BACNET] Error reading temperature" device=1050 error="failed to execute request: Get \"http://localhost:5000/GetTemperature?DeviceId=1050&Port=47809\": context deadline exceeded (Client.Timeout exceeded while awaiting headers)"
time=2025-06-30T13:18:28.362+02:00 level=ERROR msg="[LUTRON] Error parsing response" command=?AREA,10,6 error="device returned error:  \r\n~ERROR,2\r\n\r\nQNET>"
time=2025-06-30T13:18:32.477+02:00 level=ERROR msg="[LUTRON] Error parsing response" command=?AREA,8,6 error="device returned error:  \r\n~ERROR,2\r\n\r\nQNET>"
time=2025-06-30T13:18:34.769+02:00 level=ERROR msg="[BACNET] Error reading temperature" device=1050 error="failed to execute request: Get \"http://localhost:5000/GetTemperature?DeviceId=1050&Port=47809\": context deadline exceeded (Client.Timeout exceeded while awaiting headers)"
time=2025-06-30T13:18:40.474+02:00 level=ERROR msg="[LUTRON] Error parsing response" command=?AREA,9,6 error="device returned error:  \r\n~ERROR,2\r\n\r\nQNET>"
time=2025-06-30T13:18:44.770+02:00 level=ERROR msg="[BACNET] Error reading temperature" device=1050 error="failed to execute request: Get \"http://localhost:5000/GetTemperature?DeviceId=1050&Port=47809\": context deadline exceeded (Client.Timeout exceeded while awaiting headers)"
time=2025-06-30T13:18:52.386+02:00 level=ERROR msg="[LUTRON] Error parsing response" command=?AREA,10,6 error="device returned error:  \r\n~ERROR,2\r\n\r\nQNET>"
time=2025-06-30T13:18:54.771+02:00 level=ERROR msg="[BACNET] Error reading temperature" device=1050 error="failed to execute request: Get \"http://localhost:5000/GetTemperature?DeviceId=1050&Port=47809\": context deadline exceeded (Client.Timeout exceeded while awaiting headers)"
time=2025-06-30T13:18:56.384+02:00 level=ERROR msg="[LUTRON] Error parsing response" command=?AREA,8,6 error="device returned error:  \r\n~ERROR,2\r\n\r\nQNET>"
time=2025-06-30T13:19:04.378+02:00 level=ERROR msg="[LUTRON] Error parsing response" command=?AREA,9,6 error="device returned error:  \r\n~ERROR,2\r\n\r\nQNET>"
time=2025-06-30T13:19:04.772+02:00 level=ERROR msg="[BACNET] Error reading temperature" device=1050 error="failed to execute request: Get \"http://localhost:5000/GetTemperature?DeviceId=1050&Port=47809\": context deadline exceeded (Client.Timeout exceeded while awaiting headers)"
time=2025-06-30T13:19:14.773+02:00 level=ERROR msg="[BACNET] Error reading temperature" device=1050 error="failed to execute request: Get \"http://localhost:5000/GetTemperature?DeviceId=1050&Port=47809\": context deadline exceeded (Client.Timeout exceeded while awaiting headers)"
time=2025-06-30T13:19:16.424+02:00 level=ERROR msg="[LUTRON] Error parsing response" command=?AREA,10,6 error="device returned error:  \r\n~ERROR,2\r\n\r\nQNET>"
time=2025-06-30T13:19:20.404+02:00 level=ERROR msg="[LUTRON] Error parsing response" command=?AREA,8,6 error="device returned error:  \r\n~ERROR,2\r\n\r\nQNET>"
time=2025-06-30T13:19:24.775+02:00 level=ERROR msg="[BACNET] Error reading temperature" device=1050 error="failed to execute request: Get \"http://localhost:5000/GetTemperature?DeviceId=1050&Port=47809\": context deadline exceeded (Client.Timeout exceeded while awaiting headers)"
time=2025-06-30T13:19:28.419+02:00 level=ERROR msg="[LUTRON] Error parsing response" command=?AREA,9,6 error="device returned error:  \r\n~ERROR,2\r\n\r\nQNET>"
time=2025-06-30T13:19:34.776+02:00 level=ERROR msg="[BACNET] Error reading temperature" device=1050 error="failed to execute request: Get \"http://localhost:5000/GetTemperature?DeviceId=1050&Port=47809\": context deadline exceeded (Client.Timeout exceeded while awaiting headers)"
time=2025-06-30T13:19:40.428+02:00 level=ERROR msg="[LUTRON] Error parsing response" command=?AREA,10,6 error="device returned error:  \r\n~ERROR,2\r\n\r\nQNET>"
time=2025-06-30T13:19:44.426+02:00 level=ERROR msg="[LUTRON] Error parsing response" command=?AREA,8,6 error="device returned error:  \r\n~ERROR,2\r\n\r\nQNET>"
time=2025-06-30T13:19:44.777+02:00 level=ERROR msg="[BACNET] Error reading temperature" device=1050 error="failed to execute request: Get \"http://localhost:5000/GetTemperature?DeviceId=1050&Port=47809\": context deadline exceeded (Client.Timeout exceeded while awaiting headers)"
time=2025-06-30T13:19:52.434+02:00 level=ERROR msg="[LUTRON] Error parsing response" command=?AREA,9,6 error="device returned error:  \r\n~ERROR,2\r\n\r\nQNET>"
time=2025-06-30T13:19:54.779+02:00 level=ERROR msg="[BACNET] Error reading temperature" device=1050 error="failed to execute request: Get \"http://localhost:5000/GetTemperature?DeviceId=1050&Port=47809\": context deadline exceeded (Client.Timeout exceeded while awaiting headers)"
time=2025-06-30T13:20:04.455+02:00 level=ERROR msg="[LUTRON] Error parsing response" command=?AREA,10,6 error="device returned error:  \r\n~ERROR,2\r\n\r\nQNET>"
time=2025-06-30T13:20:04.781+02:00 level=ERROR msg="[BACNET] Error reading temperature" device=1050 error="failed to execute request: Get \"http://localhost:5000/GetTemperature?DeviceId=1050&Port=47809\": context deadline exceeded (Client.Timeout exceeded while awaiting headers)"
time=2025-06-30T13:20:08.470+02:00 level=ERROR msg="[LUTRON] Error parsing response" command=?AREA,8,6 error="device returned error:  \r\n~ERROR,2\r\n\r\nQNET>"
time=2025-06-30T13:20:14.782+02:00 level=ERROR msg="[BACNET] Error reading temperature" device=1050 error="failed to execute request: Get \"http://localhost:5000/GetTemperature?DeviceId=1050&Port=47809\": context deadline exceeded (Client.Timeout exceeded while awaiting headers)"
time=2025-06-30T13:20:16.353+02:00 level=ERROR msg="[LUTRON] Error parsing response" command=?AREA,9,6 error="device returned error:  \r\n~ERROR,2\r\n\r\nQNET>"
time=2025-06-30T13:20:24.784+02:00 level=ERROR msg="[BACNET] Error reading temperature" device=1050 error="failed to execute request: Get \"http://localhost:5000/GetTemperature?DeviceId=1050&Port=47809\": context deadline exceeded (Client.Timeout exceeded while awaiting headers)"
time=2025-06-30T13:20:28.365+02:00 level=ERROR msg="[LUTRON] Error parsing response" command=?AREA,10,6 error="device returned error:  \r\n~ERROR,2\r\n\r\nQNET>"
time=2025-06-30T13:20:32.474+02:00 level=ERROR msg="[LUTRON] Error parsing response" command=?AREA,8,6 error="device returned error:  \r\n~ERROR,2\r\n\r\nQNET>"
time=2025-06-30T13:20:34.785+02:00 level=ERROR msg="[BACNET] Error reading temperature" device=1050 error="failed to execute request: Get \"http://localhost:5000/GetTemperature?DeviceId=1050&Port=47809\": context deadline exceeded (Client.Timeout exceeded while awaiting headers)"
time=2025-06-30T13:20:40.389+02:00 level=ERROR msg="[LUTRON] Error parsing response" command=?AREA,9,6 error="device returned error:  \r\n~ERROR,2\r\n\r\nQNET>"
time=2025-06-30T13:20:44.787+02:00 level=ERROR msg="[BACNET] Error reading temperature" device=1050 error="failed to execute request: Get \"http://localhost:5000/GetTemperature?DeviceId=1050&Port=47809\": context deadline exceeded (Client.Timeout exceeded while awaiting headers)"
time=2025-06-30T13:20:52.395+02:00 level=ERROR msg="[LUTRON] Error parsing response" command=?AREA,10,6 error="device returned error:  \r\n~ERROR,2\r\n\r\nQNET>"
time=2025-06-30T13:20:54.789+02:00 level=ERROR msg="[BACNET] Error reading temperature" device=1050 error="failed to execute request: Get \"http://localhost:5000/GetTemperature?DeviceId=1050&Port=47809\": context deadline exceeded (Client.Timeout exceeded while awaiting headers)"
time=2025-06-30T13:20:56.393+02:00 level=ERROR msg="[LUTRON] Error parsing response" command=?AREA,8,6 error="device returned error:  \r\n~ERROR,2\r\n\r\nQNET>"
time=2025-06-30T13:21:04.401+02:00 level=ERROR msg="[LUTRON] Error parsing response" command=?AREA,9,6 error="device returned error:  \r\n~ERROR,2\r\n\r\nQNET>"
time=2025-06-30T13:21:04.791+02:00 level=ERROR msg="[BACNET] Error reading temperature" device=1050 error="failed to execute request: Get \"http://localhost:5000/GetTemperature?DeviceId=1050&Port=47809\": context deadline exceeded (Client.Timeout exceeded while awaiting headers)"
time=2025-06-30T13:21:14.792+02:00 level=ERROR msg="[BACNET] Error reading temperature" device=1050 error="failed to execute request: Get \"http://localhost:5000/GetTemperature?DeviceId=1050&Port=47809\": context deadline exceeded (Client.Timeout exceeded while awaiting headers)"
time=2025-06-30T13:21:16.426+02:00 level=ERROR msg="[LUTRON] Error parsing response" command=?AREA,10,6 error="device returned error:  \r\n~ERROR,2\r\n\r\nQNET>"
time=2025-06-30T13:21:20.424+02:00 level=ERROR msg="[LUTRON] Error parsing response" command=?AREA,8,6 error="device returned error:  \r\n~ERROR,2\r\n\r\nQNET>"
time=2025-06-30T13:21:24.794+02:00 level=ERROR msg="[BACNET] Error reading temperature" device=1050 error="failed to execute request: Get \"http://localhost:5000/GetTemperature?DeviceId=1050&Port=47809\": context deadline exceeded (Client.Timeout exceeded while awaiting headers)"
time=2025-06-30T13:21:28.426+02:00 level=ERROR msg="[LUTRON] Error parsing response" command=?AREA,9,6 error="device returned error:  \r\n~ERROR,2\r\n\r\nQNET>"
time=2025-06-30T13:21:34.795+02:00 level=ERROR msg="[BACNET] Error reading temperature" device=1050 error="failed to execute request: Get \"http://localhost:5000/GetTemperature?DeviceId=1050&Port=47809\": context deadline exceeded (Client.Timeout exceeded while awaiting headers)"
time=2025-06-30T13:21:40.434+02:00 level=ERROR msg="[LUTRON] Error parsing response" command=?AREA,10,6 error="device returned error:  \r\n~ERROR,2\r\n\r\nQNET>"
time=2025-06-30T13:21:44.439+02:00 level=ERROR msg="[LUTRON] Error parsing response" command=?AREA,8,6 error="device returned error:  \r\n~ERROR,2\r\n\r\nQNET>"
time=2025-06-30T13:21:44.796+02:00 level=ERROR msg="[BACNET] Error reading temperature" device=1050 error="failed to execute request: Get \"http://localhost:5000/GetTemperature?DeviceId=1050&Port=47809\": context deadline exceeded (Client.Timeout exceeded while awaiting headers)"
time=2025-06-30T13:21:52.439+02:00 level=ERROR msg="[LUTRON] Error parsing response" command=?AREA,9,6 error="device returned error:  \r\n~ERROR,2\r\n\r\nQNET>"
time=2025-06-30T13:21:54.798+02:00 level=ERROR msg="[BACNET] Error reading temperature" device=1050 error="failed to execute request: Get \"http://localhost:5000/GetTemperature?DeviceId=1050&Port=47809\": context deadline exceeded (Client.Timeout exceeded while awaiting headers)"
time=2025-06-30T13:22:04.462+02:00 level=ERROR msg="[LUTRON] Error parsing response" command=?AREA,10,6 error="device returned error:  \r\n~ERROR,2\r\n\r\nQNET>"
time=2025-06-30T13:22:04.800+02:00 level=ERROR msg="[BACNET] Error reading temperature" device=1050 error="failed to execute request: Get \"http://localhost:5000/GetTemperature?DeviceId=1050&Port=47809\": context deadline exceeded (Client.Timeout exceeded while awaiting headers)"
time=2025-06-30T13:22:08.471+02:00 level=ERROR msg="[LUTRON] Error parsing response" command=?AREA,8,6 error="device returned error:  \r\n~ERROR,2\r\n\r\nQNET>"
time=2025-06-30T13:22:14.802+02:00 level=ERROR msg="[BACNET] Error reading temperature" device=1050 error="failed to execute request: Get \"http://localhost:5000/GetTemperature?DeviceId=1050&Port=47809\": context deadline exceeded (Client.Timeout exceeded while awaiting headers)"
time=2025-06-30T13:22:16.374+02:00 level=ERROR msg="[LUTRON] Error parsing response" command=?AREA,9,6 error="device returned error:  \r\n~ERROR,2\r\n\r\nQNET>"
time=2025-06-30T13:22:24.805+02:00 level=ERROR msg="[BACNET] Error reading temperature" device=1050 error="failed to execute request: Get \"http://localhost:5000/GetTemperature?DeviceId=1050&Port=47809\": context deadline exceeded (Client.Timeout exceeded while awaiting headers)"
time=2025-06-30T13:22:28.383+02:00 level=ERROR msg="[LUTRON] Error parsing response" command=?AREA,10,6 error="device returned error:  \r\n~ERROR,2\r\n\r\nQNET>"
time=2025-06-30T13:22:32.405+02:00 level=ERROR msg="[LUTRON] Error parsing response" command=?AREA,8,6 error="device returned error:  \r\n~ERROR,2\r\n\r\nQNET>"
time=2025-06-30T13:22:34.806+02:00 level=ERROR msg="[BACNET] Error reading temperature" device=1050 error="failed to execute request: Get \"http://localhost:5000/GetTemperature?DeviceId=1050&Port=47809\": context deadline exceeded (Client.Timeout exceeded while awaiting headers)"
