time=2025-07-02T09:34:07.925+02:00 level=INFO msg="Server starting" time=2025-07-02T09:34:07+02:00
time=2025-07-02T09:34:07.925+02:00 level=INFO msg="[SERVER] Loaded config."
time=2025-07-02T09:34:07.925+02:00 level=INFO msg="[LUTRON] Lutron cache initialized"
time=2025-07-02T09:34:08.036+02:00 level=INFO msg=[WEBSOCKET] "connection established"=true
time=2025-07-02T09:34:08.440+02:00 level=INFO msg="[LUTRON] Lutron routine started"
time=2025-07-02T09:34:08.440+02:00 level=INFO msg="[BACNET] Bacnet cache initialized"
time=2025-07-02T09:34:08.441+02:00 level=INFO msg="[BACNET] Bacnet routine started"
time=2025-07-02T09:34:08.443+02:00 level=INFO msg="[CYVIZ] Initialized Cyviz Cache"
time=2025-07-02T09:34:08.440+02:00 level=INFO msg="[LUTRON] Read routine started"
time=2025-07-02T09:34:08.441+02:00 level=INFO msg="[BACNET] Read routine started"
time=2025-07-02T09:34:08.453+02:00 level=INFO msg="[CYVIZ] Cyviz routine started" roomId=4 ip=10.10.100.1:15555
time=2025-07-02T09:34:08.453+02:00 level=INFO msg="[CYVIZ] Read routine started" roomId=4
time=2025-07-02T09:34:08.464+02:00 level=INFO msg="[CYVIZ] Cyviz routine started" roomId=3 ip=10.10.100.2:15555
time=2025-07-02T09:34:08.464+02:00 level=INFO msg="[CYVIZ] Read routine started" roomId=3
[GIN] 2025/07/02 - 09:34:08 | 200 |       533.2µs |             ::1 | GET      "/bacnet/info?roomId=4"
[GIN] 2025/07/02 - 09:34:17 | 200 |            0s |             ::1 | GET      "/bacnet/info?roomId=4"
[GIN] 2025/07/02 - 09:34:27 | 200 |            0s |             ::1 | GET      "/bacnet/info?roomId=4"
[GIN] 2025/07/02 - 09:34:37 | 200 |            0s |             ::1 | GET      "/bacnet/info?roomId=4"
[GIN] 2025/07/02 - 09:34:47 | 200 |            0s |             ::1 | GET      "/bacnet/info?roomId=4"
[GIN] 2025/07/02 - 09:34:57 | 200 |            0s |             ::1 | GET      "/bacnet/info?roomId=4"
[GIN] 2025/07/02 - 09:35:07 | 200 |            0s |             ::1 | GET      "/bacnet/info?roomId=4"
[GIN] 2025/07/02 - 09:35:12 | 200 |            0s |             ::1 | GET      "/modes?roomId=4"
[GIN] 2025/07/02 - 09:35:17 | 200 |      4.4905ms |             ::1 | GET      "/bacnet/info?roomId=4"
[GIN] 2025/07/02 - 09:35:22 | 200 |            0s |             ::1 | GET      "/modes?roomId=4"
[GIN] 2025/07/02 - 09:35:27 | 200 |       353.5µs |             ::1 | GET      "/bacnet/info?roomId=4"
[GIN] 2025/07/02 - 09:35:27 | 200 |            0s |             ::1 | GET      "/modes?roomId=4"
[GIN] 2025/07/02 - 09:35:32 | 200 |            0s |             ::1 | GET      "/modes?roomId=4"
[GIN] 2025/07/02 - 09:35:35 | 200 |            0s |             ::1 | GET      "/modes?roomId=4"
[GIN] 2025/07/02 - 09:35:37 | 200 |            0s |             ::1 | GET      "/bacnet/info?roomId=4"
[GIN] 2025/07/02 - 09:35:39 | 200 |            0s |             ::1 | GET      "/modes?roomId=4"
[GIN] 2025/07/02 - 09:35:45 | 200 |            0s |             ::1 | GET      "/modes?roomId=4"
[GIN] 2025/07/02 - 09:35:47 | 200 |            0s |             ::1 | GET      "/bacnet/info?roomId=4"
[GIN] 2025/07/02 - 09:35:54 | 200 |            0s |             ::1 | GET      "/modes?roomId=4"
[GIN] 2025/07/02 - 09:35:57 | 200 |            0s |             ::1 | GET      "/bacnet/info?roomId=4"
[GIN] 2025/07/02 - 09:36:07 | 200 |            0s |             ::1 | GET      "/bacnet/info?roomId=4"
[GIN] 2025/07/02 - 09:36:10 | 200 |            0s |             ::1 | GET      "/modes?roomId=3"
[GIN] 2025/07/02 - 09:36:13 | 200 |      2.5078ms |             ::1 | GET      "/modes?roomId=2"
[GIN] 2025/07/02 - 09:36:17 | 200 |            0s |             ::1 | GET      "/modes?roomId=1"
[GIN] 2025/07/02 - 09:36:17 | 200 |            0s |             ::1 | GET      "/bacnet/info?roomId=4"
[GIN] 2025/07/02 - 09:36:22 | 200 |            0s |             ::1 | GET      "/modes?roomId=6"
[GIN] 2025/07/02 - 09:36:26 | 400 |            0s |             ::1 | GET      "/modes?roomId=7"
[GIN] 2025/07/02 - 09:36:27 | 200 |            0s |             ::1 | GET      "/bacnet/info?roomId=4"
[GIN] 2025/07/02 - 09:36:37 | 200 |            0s |             ::1 | GET      "/bacnet/info?roomId=4"
[GIN] 2025/07/02 - 09:36:40 | 400 |      1.9772ms |             ::1 | GET      "/cyviz/avinput"
[GIN] 2025/07/02 - 09:36:46 | 200 |            0s |             ::1 | GET      "/cyviz/avinput?roomId=3"
[GIN] 2025/07/02 - 09:36:47 | 200 |            0s |             ::1 | GET      "/bacnet/info?roomId=4"
[GIN] 2025/07/02 - 09:36:57 | 200 |            0s |             ::1 | GET      "/bacnet/info?roomId=4"
[GIN] 2025/07/02 - 09:37:07 | 200 |            0s |             ::1 | GET      "/bacnet/info?roomId=4"
[GIN] 2025/07/02 - 09:37:12 | 500 |       2.102ms |             ::1 | POST     "/cyviz/avinput"
[GIN] 2025/07/02 - 09:37:17 | 200 |      1.5658ms |             ::1 | GET      "/bacnet/info?roomId=4"
[GIN] 2025/07/02 - 09:37:27 | 200 |            0s |             ::1 | GET      "/bacnet/info?roomId=4"
[GIN] 2025/07/02 - 09:37:37 | 200 |            0s |             ::1 | GET      "/bacnet/info?roomId=4"
[GIN] 2025/07/02 - 09:37:38 | 500 |      7.4592ms |             ::1 | POST     "/cyviz/avinput"
[GIN] 2025/07/02 - 09:37:47 | 200 |            0s |             ::1 | GET      "/bacnet/info?roomId=4"
[GIN] 2025/07/02 - 09:37:57 | 200 |            0s |             ::1 | GET      "/bacnet/info?roomId=4"
[GIN] 2025/07/02 - 09:38:07 | 200 |            0s |             ::1 | GET      "/bacnet/info?roomId=4"
[GIN] 2025/07/02 - 09:38:17 | 200 |            0s |             ::1 | GET      "/bacnet/info?roomId=4"
[GIN] 2025/07/02 - 09:38:27 | 200 |            0s |             ::1 | GET      "/bacnet/info?roomId=4"
[GIN] 2025/07/02 - 09:38:37 | 200 |            0s |             ::1 | GET      "/bacnet/info?roomId=4"
[GIN] 2025/07/02 - 09:38:47 | 200 |            0s |             ::1 | GET      "/bacnet/info?roomId=4"
[GIN] 2025/07/02 - 09:38:57 | 200 |            0s |             ::1 | GET      "/bacnet/info?roomId=4"
[GIN] 2025/07/02 - 09:39:07 | 200 |            0s |             ::1 | GET      "/bacnet/info?roomId=4"
[GIN] 2025/07/02 - 09:39:17 | 200 |            0s |             ::1 | GET      "/bacnet/info?roomId=4"
[GIN] 2025/07/02 - 09:39:27 | 200 |            0s |             ::1 | GET      "/bacnet/info?roomId=4"
[GIN] 2025/07/02 - 09:39:37 | 200 |            0s |             ::1 | GET      "/bacnet/info?roomId=4"
[GIN] 2025/07/02 - 09:39:47 | 200 |            0s |             ::1 | GET      "/bacnet/info?roomId=4"
[GIN] 2025/07/02 - 09:39:57 | 200 |            0s |             ::1 | GET      "/bacnet/info?roomId=4"
[GIN] 2025/07/02 - 09:40:07 | 200 |            0s |             ::1 | GET      "/bacnet/info?roomId=4"
[GIN] 2025/07/02 - 09:40:17 | 200 |            0s |             ::1 | GET      "/bacnet/info?roomId=4"
[GIN] 2025/07/02 - 09:40:27 | 200 |            0s |             ::1 | GET      "/bacnet/info?roomId=4"
[GIN] 2025/07/02 - 09:40:37 | 200 |            0s |             ::1 | GET      "/bacnet/info?roomId=4"
[GIN] 2025/07/02 - 09:40:47 | 200 |      1.0599ms |             ::1 | GET      "/bacnet/info?roomId=4"
[GIN] 2025/07/02 - 09:40:57 | 200 |            0s |             ::1 | GET      "/bacnet/info?roomId=4"
[GIN] 2025/07/02 - 09:41:07 | 200 |       531.6µs |             ::1 | GET      "/bacnet/info?roomId=4"
[GIN] 2025/07/02 - 09:41:17 | 200 |            0s |             ::1 | GET      "/bacnet/info?roomId=4"
[GIN] 2025/07/02 - 09:41:27 | 200 |            0s |             ::1 | GET      "/bacnet/info?roomId=4"
[GIN] 2025/07/02 - 09:41:37 | 200 |            0s |             ::1 | GET      "/bacnet/info?roomId=4"
[GIN] 2025/07/02 - 09:41:47 | 200 |            0s |             ::1 | GET      "/bacnet/info?roomId=4"
[GIN] 2025/07/02 - 09:41:57 | 200 |            0s |             ::1 | GET      "/bacnet/info?roomId=4"
[GIN] 2025/07/02 - 09:42:07 | 200 |            0s |             ::1 | GET      "/bacnet/info?roomId=4"
[GIN] 2025/07/02 - 09:42:17 | 200 |            0s |             ::1 | GET      "/bacnet/info?roomId=4"
[GIN] 2025/07/02 - 09:42:27 | 200 |            0s |             ::1 | GET      "/bacnet/info?roomId=4"
[GIN] 2025/07/02 - 09:42:37 | 200 |            0s |             ::1 | GET      "/bacnet/info?roomId=4"
[GIN] 2025/07/02 - 09:42:47 | 200 |            0s |             ::1 | GET      "/bacnet/info?roomId=4"
[GIN] 2025/07/02 - 09:42:57 | 200 |            0s |             ::1 | GET      "/bacnet/info?roomId=4"
[GIN] 2025/07/02 - 09:43:07 | 200 |            0s |             ::1 | GET      "/bacnet/info?roomId=4"
[GIN] 2025/07/02 - 09:43:17 | 200 |            0s |             ::1 | GET      "/bacnet/info?roomId=4"
