time=2025-07-02T09:50:27.617+02:00 level=INFO msg="Server starting" time=2025-07-02T09:50:27+02:00
time=2025-07-02T09:50:27.617+02:00 level=INFO msg="[SERVER] Loaded config."
time=2025-07-02T09:50:27.617+02:00 level=INFO msg="[LUTRON] Lutron cache initialized"
time=2025-07-02T09:50:27.683+02:00 level=INFO msg=[WEBSOCKET] "connection established"=true
time=2025-07-02T09:50:28.135+02:00 level=INFO msg="[LUTRON] Lutron routine started"
time=2025-07-02T09:50:28.135+02:00 level=INFO msg="[LUTRON] Read routine started"
time=2025-07-02T09:50:28.135+02:00 level=INFO msg="[BACNET] Bacnet cache initialized"
time=2025-07-02T09:50:28.138+02:00 level=INFO msg="[BACNET] Bacnet routine started"
time=2025-07-02T09:50:28.138+02:00 level=INFO msg="[BACNET] Read routine started"
time=2025-07-02T09:50:28.138+02:00 level=INFO msg="[CYVIZ] Initialized Cyviz Cache"
time=2025-07-02T09:50:28.146+02:00 level=INFO msg="[CYVIZ] Cyviz routine started" roomId=4 ip=10.10.100.1:15555
time=2025-07-02T09:50:28.161+02:00 level=INFO msg="[CYVIZ] Cyviz routine started" roomId=3 ip=10.10.100.2:15555
[GIN] 2025/07/02 - 09:50:28 | 200 |       555.3µs |             ::1 | GET      "/bacnet/info?roomId=4"
[GIN] 2025/07/02 - 09:50:32 | 200 |            0s |             ::1 | GET      "/cyviz/avinput?roomId=3"
[GIN] 2025/07/02 - 09:50:37 | 200 |       1.458ms |             ::1 | POST     "/cyviz/avinput"
[GIN] 2025/07/02 - 09:50:37 | 200 |       844.5µs |             ::1 | GET      "/bacnet/info?roomId=4"
[GIN] 2025/07/02 - 09:50:47 | 200 |            0s |             ::1 | GET      "/bacnet/info?roomId=4"
[GIN] 2025/07/02 - 09:50:57 | 200 |            0s |             ::1 | GET      "/bacnet/info?roomId=4"
[GIN] 2025/07/02 - 09:51:07 | 200 |      2.0934ms |             ::1 | GET      "/bacnet/info?roomId=4"
[GIN] 2025/07/02 - 09:51:17 | 200 |       598.2µs |             ::1 | GET      "/bacnet/info?roomId=4"
[GIN] 2025/07/02 - 09:51:27 | 200 |            0s |             ::1 | GET      "/bacnet/info?roomId=4"
[GIN] 2025/07/02 - 09:51:37 | 200 |            0s |             ::1 | GET      "/bacnet/info?roomId=4"
[GIN] 2025/07/02 - 09:51:47 | 200 |            0s |             ::1 | GET      "/bacnet/info?roomId=4"
[GIN] 2025/07/02 - 09:51:57 | 200 |            0s |             ::1 | GET      "/bacnet/info?roomId=4"
[GIN] 2025/07/02 - 09:52:07 | 200 |            0s |             ::1 | GET      "/bacnet/info?roomId=4"
[GIN] 2025/07/02 - 09:52:17 | 200 |            0s |             ::1 | GET      "/bacnet/info?roomId=4"
[GIN] 2025/07/02 - 09:52:27 | 200 |     11.6897ms |             ::1 | GET      "/bacnet/info?roomId=4"
[GIN] 2025/07/02 - 09:52:37 | 200 |            0s |             ::1 | GET      "/bacnet/info?roomId=4"
[GIN] 2025/07/02 - 09:52:47 | 200 |            0s |             ::1 | GET      "/bacnet/info?roomId=4"
[GIN] 2025/07/02 - 09:52:57 | 200 |            0s |             ::1 | GET      "/bacnet/info?roomId=4"
[GIN] 2025/07/02 - 09:53:07 | 200 |            0s |             ::1 | GET      "/bacnet/info?roomId=4"
[GIN] 2025/07/02 - 09:53:17 | 200 |            0s |             ::1 | GET      "/bacnet/info?roomId=4"
[GIN] 2025/07/02 - 09:53:27 | 200 |            0s |             ::1 | GET      "/bacnet/info?roomId=4"
[GIN] 2025/07/02 - 09:53:37 | 200 |            0s |             ::1 | GET      "/bacnet/info?roomId=4"
[GIN] 2025/07/02 - 09:53:47 | 200 |            0s |             ::1 | GET      "/bacnet/info?roomId=4"
[GIN] 2025/07/02 - 09:53:57 | 200 |            0s |             ::1 | GET      "/bacnet/info?roomId=4"
[GIN] 2025/07/02 - 09:54:07 | 200 |      4.0183ms |             ::1 | GET      "/bacnet/info?roomId=4"
[GIN] 2025/07/02 - 09:54:17 | 200 |            0s |             ::1 | GET      "/bacnet/info?roomId=4"
[GIN] 2025/07/02 - 09:54:27 | 200 |      2.9437ms |             ::1 | GET      "/bacnet/info?roomId=4"
[GIN] 2025/07/02 - 09:54:37 | 200 |            0s |             ::1 | GET      "/bacnet/info?roomId=4"
[GIN] 2025/07/02 - 09:54:47 | 200 |            0s |             ::1 | GET      "/bacnet/info?roomId=4"
[GIN] 2025/07/02 - 09:54:57 | 200 |       324.2µs |             ::1 | GET      "/bacnet/info?roomId=4"
[GIN] 2025/07/02 - 09:55:07 | 200 |            0s |             ::1 | GET      "/bacnet/info?roomId=4"
[GIN] 2025/07/02 - 09:55:17 | 200 |            0s |             ::1 | GET      "/bacnet/info?roomId=4"
[GIN] 2025/07/02 - 09:55:27 | 200 |            0s |             ::1 | GET      "/bacnet/info?roomId=4"
[GIN] 2025/07/02 - 09:55:37 | 200 |            0s |             ::1 | GET      "/bacnet/info?roomId=4"
[GIN] 2025/07/02 - 09:55:47 | 200 |            0s |             ::1 | GET      "/bacnet/info?roomId=4"
[GIN] 2025/07/02 - 09:55:57 | 200 |            0s |             ::1 | GET      "/bacnet/info?roomId=4"
[GIN] 2025/07/02 - 09:56:07 | 200 |            0s |             ::1 | GET      "/bacnet/info?roomId=4"
[GIN] 2025/07/02 - 09:56:17 | 200 |            0s |             ::1 | GET      "/bacnet/info?roomId=4"
[GIN] 2025/07/02 - 09:56:27 | 200 |       531.6µs |             ::1 | GET      "/bacnet/info?roomId=4"
[GIN] 2025/07/02 - 09:56:37 | 200 |            0s |             ::1 | GET      "/bacnet/info?roomId=4"
[GIN] 2025/07/02 - 09:56:47 | 200 |            0s |             ::1 | GET      "/bacnet/info?roomId=4"
[GIN] 2025/07/02 - 09:56:57 | 200 |            0s |             ::1 | GET      "/bacnet/info?roomId=4"
[GIN] 2025/07/02 - 09:57:07 | 200 |            0s |             ::1 | GET      "/bacnet/info?roomId=4"
[GIN] 2025/07/02 - 09:57:17 | 200 |            0s |             ::1 | GET      "/bacnet/info?roomId=4"
[GIN] 2025/07/02 - 09:57:27 | 200 |            0s |             ::1 | GET      "/bacnet/info?roomId=4"
[GIN] 2025/07/02 - 09:57:37 | 200 |            0s |             ::1 | GET      "/bacnet/info?roomId=4"
[GIN] 2025/07/02 - 09:57:47 | 200 |            0s |             ::1 | GET      "/bacnet/info?roomId=4"
[GIN] 2025/07/02 - 09:57:57 | 200 |            0s |             ::1 | GET      "/bacnet/info?roomId=4"
[GIN] 2025/07/02 - 09:58:07 | 200 |            0s |             ::1 | GET      "/bacnet/info?roomId=4"
[GIN] 2025/07/02 - 09:58:17 | 200 |            0s |             ::1 | GET      "/bacnet/info?roomId=4"
[GIN] 2025/07/02 - 09:58:27 | 200 |            0s |             ::1 | GET      "/bacnet/info?roomId=4"
[GIN] 2025/07/02 - 09:58:37 | 200 |            0s |             ::1 | GET      "/bacnet/info?roomId=4"
[GIN] 2025/07/02 - 09:58:47 | 200 |            0s |             ::1 | GET      "/bacnet/info?roomId=4"
[GIN] 2025/07/02 - 09:58:51 | 200 |    124.3561ms |             ::1 | POST     "/lutron/shades"
time=2025-07-02T09:58:51.234+02:00 level=INFO msg="[LUTRON] Reading paused for write operations"
time=2025-07-02T09:58:55.345+02:00 level=INFO msg="[LUTRON] Reading resumed"
[GIN] 2025/07/02 - 09:58:57 | 200 |            0s |             ::1 | GET      "/bacnet/info?roomId=4"
[GIN] 2025/07/02 - 09:59:04 | 200 |      4.6438ms |             ::1 | POST     "/lutron/shades"
time=2025-07-02T09:59:04.200+02:00 level=INFO msg="[LUTRON] Reading paused for write operations"
[GIN] 2025/07/02 - 09:59:04 | 200 |            0s |             ::1 | POST     "/lutron/shades"
[GIN] 2025/07/02 - 09:59:07 | 200 |            0s |             ::1 | GET      "/bacnet/info?roomId=4"
time=2025-07-02T09:59:11.278+02:00 level=INFO msg="[LUTRON] Reading resumed"
[GIN] 2025/07/02 - 09:59:11 | 200 |            0s |             ::1 | POST     "/lutron/shades"
[GIN] 2025/07/02 - 09:59:11 | 200 |       468.2µs |             ::1 | POST     "/lutron/shades"
time=2025-07-02T09:59:11.991+02:00 level=INFO msg="[LUTRON] Reading paused for write operations"
[GIN] 2025/07/02 - 09:59:17 | 200 |       721.1µs |             ::1 | GET      "/bacnet/info?roomId=4"
time=2025-07-02T09:59:19.101+02:00 level=INFO msg="[LUTRON] Reading resumed"
[GIN] 2025/07/02 - 09:59:27 | 200 |            0s |             ::1 | GET      "/bacnet/info?roomId=4"
[GIN] 2025/07/02 - 09:59:28 | 200 |      3.0631ms |             ::1 | GET      "/cyviz/avinput?roomId=3"
[GIN] 2025/07/02 - 09:59:30 | 200 |            0s |             ::1 | POST     "/cyviz/avinput"
[GIN] 2025/07/02 - 09:59:33 | 200 |            0s |             ::1 | POST     "/cyviz/avinput"
[GIN] 2025/07/02 - 09:59:37 | 200 |            0s |             ::1 | GET      "/bacnet/info?roomId=4"
[GIN] 2025/07/02 - 09:59:47 | 200 |            0s |             ::1 | GET      "/bacnet/info?roomId=4"
[GIN] 2025/07/02 - 09:59:55 | 200 |            0s |             ::1 | GET      "/cyviz/avinput?roomId=3"
[GIN] 2025/07/02 - 09:59:57 | 200 |            0s |             ::1 | GET      "/bacnet/info?roomId=4"
[GIN] 2025/07/02 - 09:59:58 | 200 |      5.2299ms |             ::1 | POST     "/cyviz/avinput"
time=2025-07-02T10:00:01.757+02:00 level=INFO msg="[SERVER] Setting Cyviz target" target=2 preset=1 position=1 loadPreset=true
time=2025-07-02T10:00:01.758+02:00 level=INFO msg="[SERVER] Sending command to Cyviz" command="load preset ExtName: \"MV11\""
time=2025-07-02T10:00:02.259+02:00 level=INFO msg="[SERVER] Sending command to Cyviz" command="replacepipv2 1, HDMI_2"
[GIN] 2025/07/02 - 10:00:02 | 200 |    502.7494ms |             ::1 | POST     "/cyviz/avinput"
time=2025-07-02T10:00:05.647+02:00 level=INFO msg="[SERVER] Setting Cyviz target" target=3 preset=1 position=1 loadPreset=true
time=2025-07-02T10:00:05.647+02:00 level=INFO msg="[SERVER] Sending command to Cyviz" command="load preset ExtName: \"MV11\""
time=2025-07-02T10:00:06.148+02:00 level=INFO msg="[SERVER] Sending command to Cyviz" command="replacepipv2 1, HDMI_3"
[GIN] 2025/07/02 - 10:00:06 | 200 |    504.3014ms |             ::1 | POST     "/cyviz/avinput"
[GIN] 2025/07/02 - 10:00:07 | 200 |            0s |             ::1 | GET      "/bacnet/info?roomId=4"
time=2025-07-02T10:00:09.456+02:00 level=INFO msg="[SERVER] Setting Cyviz target" target=0 preset=1 position=1 loadPreset=true
time=2025-07-02T10:00:09.456+02:00 level=INFO msg="[SERVER] Sending command to Cyviz" command="load preset ExtName: \"MV11\""
time=2025-07-02T10:00:09.957+02:00 level=INFO msg="[SERVER] Sending command to Cyviz" command="replacepipv2 1, Clickshare_1"
[GIN] 2025/07/02 - 10:00:09 | 200 |    501.7004ms |             ::1 | POST     "/cyviz/avinput"
[GIN] 2025/07/02 - 10:00:12 | 200 |            0s |             ::1 | POST     "/cyviz/avinput"
[GIN] 2025/07/02 - 10:00:13 | 200 |      3.2602ms |             ::1 | POST     "/cyviz/avinput"
[GIN] 2025/07/02 - 10:00:17 | 200 |            0s |             ::1 | GET      "/bacnet/info?roomId=4"
time=2025-07-02T10:00:19.073+02:00 level=INFO msg="[SERVER] Setting Cyviz target" target=0 preset=2 position=1 loadPreset=true
time=2025-07-02T10:00:19.074+02:00 level=INFO msg="[SERVER] Sending command to Cyviz" command="load preset ExtName: \"MV12\""
time=2025-07-02T10:00:19.574+02:00 level=INFO msg="[SERVER] Sending command to Cyviz" command="replacepipv2 1, Clickshare_1"
time=2025-07-02T10:00:20.376+02:00 level=INFO msg="[SERVER] Setting Cyviz target" target=1 preset=2 position=2 loadPreset=false
time=2025-07-02T10:00:20.376+02:00 level=INFO msg="[SERVER] Sending command to Cyviz" command="replacepipv2 2, HDMI_1"
[GIN] 2025/07/02 - 10:00:21 | 200 |    2.1059271s |             ::1 | POST     "/cyviz/avinput"
time=2025-07-02T10:00:25.701+02:00 level=INFO msg="[SERVER] Setting Cyviz target" target=0 preset=2 position=1 loadPreset=true
time=2025-07-02T10:00:25.701+02:00 level=INFO msg="[SERVER] Sending command to Cyviz" command="load preset ExtName: \"MV12\""
time=2025-07-02T10:00:26.202+02:00 level=INFO msg="[SERVER] Sending command to Cyviz" command="replacepipv2 1, Clickshare_1"
time=2025-07-02T10:00:27.003+02:00 level=INFO msg="[SERVER] Setting Cyviz target" target=2 preset=2 position=2 loadPreset=false
time=2025-07-02T10:00:27.003+02:00 level=INFO msg="[SERVER] Sending command to Cyviz" command="replacepipv2 2, HDMI_2"
[GIN] 2025/07/02 - 10:00:27 | 200 |    2.1113911s |             ::1 | POST     "/cyviz/avinput"
[GIN] 2025/07/02 - 10:00:27 | 200 |            0s |             ::1 | GET      "/bacnet/info?roomId=4"
time=2025-07-02T10:00:30.876+02:00 level=INFO msg="[SERVER] Setting Cyviz target" target=0 preset=2 position=1 loadPreset=true
time=2025-07-02T10:00:30.877+02:00 level=INFO msg="[SERVER] Sending command to Cyviz" command="load preset ExtName: \"MV12\""
time=2025-07-02T10:00:31.378+02:00 level=INFO msg="[SERVER] Sending command to Cyviz" command="replacepipv2 1, Clickshare_1"
time=2025-07-02T10:00:32.179+02:00 level=INFO msg="[SERVER] Setting Cyviz target" target=0 preset=2 position=2 loadPreset=false
time=2025-07-02T10:00:32.179+02:00 level=INFO msg="[SERVER] Sending command to Cyviz" command="replacepipv2 2, Clickshare_1"
[GIN] 2025/07/02 - 10:00:32 | 200 |    2.1041151s |             ::1 | POST     "/cyviz/avinput"
[GIN] 2025/07/02 - 10:00:37 | 200 |            0s |             ::1 | GET      "/bacnet/info?roomId=4"
[GIN] 2025/07/02 - 10:00:47 | 200 |            0s |             ::1 | GET      "/bacnet/info?roomId=4"
[GIN] 2025/07/02 - 10:00:57 | 200 |      1.0174ms |             ::1 | GET      "/bacnet/info?roomId=4"
[GIN] 2025/07/02 - 10:01:07 | 200 |            0s |             ::1 | GET      "/bacnet/info?roomId=4"
[GIN] 2025/07/02 - 10:01:09 | 200 |      3.8075ms |             ::1 | POST     "/cyviz/avinput"
[GIN] 2025/07/02 - 10:01:12 | 200 |            0s |             ::1 | POST     "/cyviz/avinput"
[GIN] 2025/07/02 - 10:01:14 | 200 |     11.8983ms |             ::1 | POST     "/cyviz/avinput"
[GIN] 2025/07/02 - 10:01:14 | 200 |            0s |             ::1 | POST     "/cyviz/avinput"
[GIN] 2025/07/02 - 10:01:15 | 200 |      7.3023ms |             ::1 | POST     "/cyviz/avinput"
[GIN] 2025/07/02 - 10:01:15 | 200 |       377.1µs |             ::1 | POST     "/cyviz/avinput"
[GIN] 2025/07/02 - 10:01:17 | 200 |       407.3µs |             ::1 | GET      "/bacnet/info?roomId=4"
[GIN] 2025/07/02 - 10:01:19 | 200 |      4.8282ms |             ::1 | POST     "/cyviz/avinput"
[GIN] 2025/07/02 - 10:01:19 | 200 |            0s |             ::1 | POST     "/cyviz/avinput"
[GIN] 2025/07/02 - 10:01:20 | 200 |       1.262ms |             ::1 | POST     "/cyviz/avinput"
[GIN] 2025/07/02 - 10:01:22 | 200 |            0s |             ::1 | POST     "/cyviz/avinput"
[GIN] 2025/07/02 - 10:01:25 | 200 |            0s |             ::1 | POST     "/cyviz/avinput"
[GIN] 2025/07/02 - 10:01:27 | 200 |      2.4473ms |             ::1 | POST     "/cyviz/avinput"
[GIN] 2025/07/02 - 10:01:27 | 200 |      1.5729ms |             ::1 | GET      "/bacnet/info?roomId=4"
[GIN] 2025/07/02 - 10:01:29 | 200 |      1.0046ms |             ::1 | POST     "/cyviz/avinput"
[GIN] 2025/07/02 - 10:01:35 | 200 |      2.6096ms |             ::1 | POST     "/cyviz/avinput"
[GIN] 2025/07/02 - 10:01:37 | 200 |            0s |             ::1 | GET      "/bacnet/info?roomId=4"
[GIN] 2025/07/02 - 10:01:47 | 200 |       711.1µs |             ::1 | GET      "/bacnet/info?roomId=4"
[GIN] 2025/07/02 - 10:01:51 | 200 |            0s |             ::1 | GET      "/modes?roomId=3"
[GIN] 2025/07/02 - 10:01:57 | 200 |            0s |             ::1 | GET      "/bacnet/info?roomId=4"
[GIN] 2025/07/02 - 10:02:04 | 200 |            0s |             ::1 | POST     "/lutron/shades"
time=2025-07-02T10:02:04.331+02:00 level=INFO msg="[LUTRON] Reading paused for write operations"
[GIN] 2025/07/02 - 10:02:07 | 200 |            0s |             ::1 | GET      "/bacnet/info?roomId=4"
time=2025-07-02T10:02:08.475+02:00 level=INFO msg="[LUTRON] Reading resumed"
[GIN] 2025/07/02 - 10:02:17 | 200 |            0s |             ::1 | GET      "/bacnet/info?roomId=4"
[GIN] 2025/07/02 - 10:02:27 | 200 |            0s |             ::1 | GET      "/bacnet/info?roomId=4"
[GIN] 2025/07/02 - 10:02:37 | 200 |            0s |             ::1 | GET      "/bacnet/info?roomId=4"
[GIN] 2025/07/02 - 10:02:47 | 200 |       2.103ms |             ::1 | GET      "/bacnet/info?roomId=4"
[GIN] 2025/07/02 - 10:02:57 | 200 |            0s |             ::1 | GET      "/bacnet/info?roomId=4"
[GIN] 2025/07/02 - 10:03:07 | 200 |            0s |             ::1 | GET      "/bacnet/info?roomId=4"
[GIN] 2025/07/02 - 10:03:17 | 200 |            0s |             ::1 | GET      "/bacnet/info?roomId=4"
