time=2025-06-30T12:26:36.153+02:00 level=INFO msg="Server starting" time=2025-06-30T12:26:36+02:00
time=2025-06-30T12:26:36.154+02:00 level=INFO msg="[SERVER] Loaded config."
time=2025-06-30T12:26:36.154+02:00 level=INFO msg="[LUTRON] Lutron cache initialized"
time=2025-06-30T12:26:36.660+02:00 level=INFO msg="[LUTRON] Lutron routine started"
time=2025-06-30T12:26:36.660+02:00 level=INFO msg="[BACNET] Bacnet cache initialized"
time=2025-06-30T12:26:36.660+02:00 level=INFO msg="[BACNET] Bacnet routine started"
time=2025-06-30T12:26:36.660+02:00 level=INFO msg="[LUTRON] Read routine started"
time=2025-06-30T12:26:36.660+02:00 level=INFO msg="[BACNET] Read routine started"
time=2025-06-30T12:26:36.660+02:00 level=INFO msg="[CYVIZ] Initialized Cyviz Cache"
time=2025-06-30T12:26:36.694+02:00 level=INFO msg="[CYVIZ] Cyviz routine started" roomId=4 ip=172.31.105.10:15555
time=2025-06-30T12:26:36.694+02:00 level=INFO msg="[CYVIZ] Read routine started" roomId=4
time=2025-06-30T12:26:36.732+02:00 level=INFO msg="[CYVIZ] Cyviz routine started" roomId=3 ip=10.10.100.2:15555
time=2025-06-30T12:26:36.735+02:00 level=INFO msg="[CYVIZ] Read routine started" roomId=3
time=2025-06-30T12:26:37.243+02:00 level=INFO msg=[WEBSOCKET] "connection established"=true
time=2025-06-30T12:26:37.251+02:00 level=WARN msg=[WEBSOCKET] "policy violation, not reconnecting"="websocket: close 1008 (policy violation): connection already exists"
time=2025-06-30T12:26:37.251+02:00 level=INFO msg=[WEBSOCKET] "read routine ending, reconnect"=false
time=2025-06-30T12:26:37.251+02:00 level=ERROR msg=[WEBSOCKET] "Write close error"="websocket: close sent"
time=2025-06-30T12:26:41.275+02:00 level=ERROR msg="[LUTRON] Error parsing response" command=?AREA,8,6 error="device returned error:  connection established\r\n~ERROR,2\r\n\r\nQNET>"
time=2025-06-30T12:26:49.293+02:00 level=ERROR msg="[LUTRON] Error parsing response" command=?AREA,9,6 error="device returned error:  \r\n~ERROR,2\r\n\r\nQNET>"
time=2025-06-30T12:26:51.662+02:00 level=ERROR msg="[BACNET] Error reading temperature" device=1050 error="failed to execute request: Get \"http://localhost:5000/GetTemperature?DeviceId=1050&Port=47809\": context deadline exceeded (Client.Timeout exceeded while awaiting headers)"
