time=2025-07-02T08:38:52.026+02:00 level=INFO msg="Server starting" time=2025-07-02T08:38:52+02:00
time=2025-07-02T08:38:52.027+02:00 level=INFO msg="[SERVER] Loaded config."
time=2025-07-02T08:38:52.027+02:00 level=INFO msg="[LUTRON] Lutron cache initialized"
time=2025-07-02T08:38:52.099+02:00 level=INFO msg=[WEBSOCKET] "connection established"=true
time=2025-07-02T08:38:52.532+02:00 level=INFO msg="[LUTRON] Lutron routine started"
time=2025-07-02T08:38:52.533+02:00 level=INFO msg="[BACNET] Bacnet cache initialized"
time=2025-07-02T08:38:52.533+02:00 level=INFO msg="[BACNET] Bacnet routine started"
time=2025-07-02T08:38:52.532+02:00 level=INFO msg="[LUTRON] Read routine started"
time=2025-07-02T08:38:52.533+02:00 level=INFO msg="[BACNET] Read routine started"
time=2025-07-02T08:38:52.538+02:00 level=INFO msg="[CYVIZ] Initialized Cyviz Cache"
time=2025-07-02T08:38:52.549+02:00 level=INFO msg="[CYVIZ] Cyviz routine started" roomId=4 ip=10.10.100.1:15555
time=2025-07-02T08:38:52.549+02:00 level=INFO msg="[CYVIZ] Read routine started" roomId=4
time=2025-07-02T08:38:52.561+02:00 level=INFO msg="[CYVIZ] Cyviz routine started" roomId=3 ip=10.10.100.2:15555
time=2025-07-02T08:38:52.561+02:00 level=INFO msg="[CYVIZ] Read routine started" roomId=3
[GIN] 2025/07/02 - 08:38:53 | 200 |       507.2µs |             ::1 | GET      "/bacnet/info?roomId=4"
[GIN] 2025/07/02 - 08:38:56 | 200 |       865.2µs |             ::1 | GET      "/bacnet/info?roomId=4"
time=2025-07-02T08:38:57.234+02:00 level=ERROR msg="[LUTRON] Error parsing response" command=?AREA,8,6 error="device returned error:  connection established\r\n~ERROR,2\r\n\r\nQNET>"
time=2025-07-02T08:39:05.232+02:00 level=ERROR msg="[LUTRON] Error parsing response" command=?AREA,9,6 error="device returned error:  \r\n~ERROR,2\r\n\r\nQNET>"
[GIN] 2025/07/02 - 08:39:06 | 200 |      1.1313ms |             ::1 | GET      "/bacnet/info?roomId=4"
time=2025-07-02T08:39:07.541+02:00 level=ERROR msg="[BACNET] Error reading temperature" device=1050 error="failed to execute request: Get \"http://localhost:5000/GetTemperature?DeviceId=1050&Port=47809\": context deadline exceeded (Client.Timeout exceeded while awaiting headers)"
[GIN] 2025/07/02 - 08:39:16 | 200 |            0s |             ::1 | GET      "/bacnet/info?roomId=4"
time=2025-07-02T08:39:17.248+02:00 level=ERROR msg="[LUTRON] Error parsing response" command=?AREA,10,6 error="device returned error:  \r\n~ERROR,2\r\n\r\nQNET>"
time=2025-07-02T08:39:17.541+02:00 level=ERROR msg="[BACNET] Error reading temperature" device=1050 error="failed to execute request: Get \"http://localhost:5000/GetTemperature?DeviceId=1050&Port=47809\": context deadline exceeded (Client.Timeout exceeded while awaiting headers)"
time=2025-07-02T08:39:21.149+02:00 level=ERROR msg="[LUTRON] Error parsing response" command=?AREA,8,6 error="device returned error:  \r\n~ERROR,2\r\n\r\nQNET>"
[GIN] 2025/07/02 - 08:39:27 | 200 |            0s |             ::1 | GET      "/bacnet/info?roomId=4"
time=2025-07-02T08:39:27.542+02:00 level=ERROR msg="[BACNET] Error reading temperature" device=1050 error="failed to execute request: Get \"http://localhost:5000/GetTemperature?DeviceId=1050&Port=47809\": context deadline exceeded (Client.Timeout exceeded while awaiting headers)"
time=2025-07-02T08:39:29.164+02:00 level=ERROR msg="[LUTRON] Error parsing response" command=?AREA,9,6 error="device returned error:  \r\n~ERROR,2\r\n\r\nQNET>"
[GIN] 2025/07/02 - 08:39:37 | 200 |            0s |             ::1 | GET      "/bacnet/info?roomId=4"
time=2025-07-02T08:39:37.543+02:00 level=ERROR msg="[BACNET] Error reading temperature" device=1050 error="failed to execute request: Get \"http://localhost:5000/GetTemperature?DeviceId=1050&Port=47809\": context deadline exceeded (Client.Timeout exceeded while awaiting headers)"
time=2025-07-02T08:39:41.174+02:00 level=ERROR msg="[LUTRON] Error parsing response" command=?AREA,10,6 error="device returned error:  \r\n~ERROR,2\r\n\r\nQNET>"
time=2025-07-02T08:39:45.175+02:00 level=ERROR msg="[LUTRON] Error parsing response" command=?AREA,8,6 error="device returned error:  \r\n~ERROR,2\r\n\r\nQNET>"
[GIN] 2025/07/02 - 08:39:47 | 200 |            0s |             ::1 | GET      "/bacnet/info?roomId=4"
time=2025-07-02T08:39:47.545+02:00 level=ERROR msg="[BACNET] Error reading temperature" device=1050 error="failed to execute request: Get \"http://localhost:5000/GetTemperature?DeviceId=1050&Port=47809\": context deadline exceeded (Client.Timeout exceeded while awaiting headers)"
time=2025-07-02T08:39:53.206+02:00 level=ERROR msg="[LUTRON] Error parsing response" command=?AREA,9,6 error="device returned error:  \r\n~ERROR,2\r\n\r\nQNET>"
[GIN] 2025/07/02 - 08:39:57 | 200 |            0s |             ::1 | GET      "/bacnet/info?roomId=4"
time=2025-07-02T08:39:57.546+02:00 level=ERROR msg="[BACNET] Error reading temperature" device=1050 error="failed to execute request: Get \"http://localhost:5000/GetTemperature?DeviceId=1050&Port=47809\": context deadline exceeded (Client.Timeout exceeded while awaiting headers)"
time=2025-07-02T08:40:05.208+02:00 level=ERROR msg="[LUTRON] Error parsing response" command=?AREA,10,6 error="device returned error:  \r\n~ERROR,2\r\n\r\nQNET>"
[GIN] 2025/07/02 - 08:40:07 | 200 |            0s |             ::1 | GET      "/bacnet/info?roomId=4"
time=2025-07-02T08:40:07.548+02:00 level=ERROR msg="[BACNET] Error reading temperature" device=1050 error="failed to execute request: Get \"http://localhost:5000/GetTemperature?DeviceId=1050&Port=47809\": context deadline exceeded (Client.Timeout exceeded while awaiting headers)"
time=2025-07-02T08:40:09.202+02:00 level=ERROR msg="[LUTRON] Error parsing response" command=?AREA,8,6 error="device returned error:  \r\n~ERROR,2\r\n\r\nQNET>"
[GIN] 2025/07/02 - 08:40:17 | 200 |            0s |             ::1 | GET      "/bacnet/info?roomId=4"
time=2025-07-02T08:40:17.206+02:00 level=ERROR msg="[LUTRON] Error parsing response" command=?AREA,9,6 error="device returned error:  \r\n~ERROR,2\r\n\r\nQNET>"
time=2025-07-02T08:40:17.549+02:00 level=ERROR msg="[BACNET] Error reading temperature" device=1050 error="failed to execute request: Get \"http://localhost:5000/GetTemperature?DeviceId=1050&Port=47809\": context deadline exceeded (Client.Timeout exceeded while awaiting headers)"
[GIN] 2025/07/02 - 08:40:27 | 200 |            0s |             ::1 | GET      "/bacnet/info?roomId=4"
time=2025-07-02T08:40:27.550+02:00 level=ERROR msg="[BACNET] Error reading temperature" device=1050 error="failed to execute request: Get \"http://localhost:5000/GetTemperature?DeviceId=1050&Port=47809\": context deadline exceeded (Client.Timeout exceeded while awaiting headers)"
time=2025-07-02T08:40:29.235+02:00 level=ERROR msg="[LUTRON] Error parsing response" command=?AREA,10,6 error="device returned error:  \r\n~ERROR,2\r\n\r\nQNET>"
time=2025-07-02T08:40:33.225+02:00 level=ERROR msg="[LUTRON] Error parsing response" command=?AREA,8,6 error="device returned error:  \r\n~ERROR,2\r\n\r\nQNET>"
[GIN] 2025/07/02 - 08:40:37 | 200 |            0s |             ::1 | GET      "/bacnet/info?roomId=4"
time=2025-07-02T08:40:37.552+02:00 level=ERROR msg="[BACNET] Error reading temperature" device=1050 error="failed to execute request: Get \"http://localhost:5000/GetTemperature?DeviceId=1050&Port=47809\": context deadline exceeded (Client.Timeout exceeded while awaiting headers)"
time=2025-07-02T08:40:41.241+02:00 level=ERROR msg="[LUTRON] Error parsing response" command=?AREA,9,6 error="device returned error:  \r\n~ERROR,2\r\n\r\nQNET>"
[GIN] 2025/07/02 - 08:40:47 | 200 |            0s |             ::1 | GET      "/bacnet/info?roomId=4"
time=2025-07-02T08:40:47.553+02:00 level=ERROR msg="[BACNET] Error reading temperature" device=1050 error="failed to execute request: Get \"http://localhost:5000/GetTemperature?DeviceId=1050&Port=47809\": context deadline exceeded (Client.Timeout exceeded while awaiting headers)"
time=2025-07-02T08:40:53.247+02:00 level=ERROR msg="[LUTRON] Error parsing response" command=?AREA,10,6 error="device returned error:  \r\n~ERROR,2\r\n\r\nQNET>"
[GIN] 2025/07/02 - 08:40:57 | 200 |            0s |             ::1 | GET      "/bacnet/info?roomId=4"
time=2025-07-02T08:40:57.157+02:00 level=ERROR msg="[LUTRON] Error parsing response" command=?AREA,8,6 error="device returned error:  \r\n~ERROR,2\r\n\r\nQNET>"
time=2025-07-02T08:40:57.555+02:00 level=ERROR msg="[BACNET] Error reading temperature" device=1050 error="failed to execute request: Get \"http://localhost:5000/GetTemperature?DeviceId=1050&Port=47809\": context deadline exceeded (Client.Timeout exceeded while awaiting headers)"
time=2025-07-02T08:41:05.171+02:00 level=ERROR msg="[LUTRON] Error parsing response" command=?AREA,9,6 error="device returned error:  \r\n~ERROR,2\r\n\r\nQNET>"
[GIN] 2025/07/02 - 08:41:07 | 200 |      5.4919ms |             ::1 | GET      "/bacnet/info?roomId=4"
time=2025-07-02T08:41:07.555+02:00 level=ERROR msg="[BACNET] Error reading temperature" device=1050 error="failed to execute request: Get \"http://localhost:5000/GetTemperature?DeviceId=1050&Port=47809\": context deadline exceeded (Client.Timeout exceeded while awaiting headers)"
[GIN] 2025/07/02 - 08:41:17 | 200 |            0s |             ::1 | GET      "/bacnet/info?roomId=4"
time=2025-07-02T08:41:17.178+02:00 level=ERROR msg="[LUTRON] Error parsing response" command=?AREA,10,6 error="device returned error:  \r\n~ERROR,2\r\n\r\nQNET>"
time=2025-07-02T08:41:17.558+02:00 level=ERROR msg="[BACNET] Error reading temperature" device=1050 error="failed to execute request: Get \"http://localhost:5000/GetTemperature?DeviceId=1050&Port=47809\": context deadline exceeded (Client.Timeout exceeded while awaiting headers)"
time=2025-07-02T08:41:21.174+02:00 level=ERROR msg="[LUTRON] Error parsing response" command=?AREA,8,6 error="device returned error:  \r\n~ERROR,2\r\n\r\nQNET>"
[GIN] 2025/07/02 - 08:41:27 | 200 |            0s |             ::1 | GET      "/bacnet/info?roomId=4"
time=2025-07-02T08:41:27.559+02:00 level=ERROR msg="[BACNET] Error reading temperature" device=1050 error="failed to execute request: Get \"http://localhost:5000/GetTemperature?DeviceId=1050&Port=47809\": context deadline exceeded (Client.Timeout exceeded while awaiting headers)"
time=2025-07-02T08:41:29.188+02:00 level=ERROR msg="[LUTRON] Error parsing response" command=?AREA,9,6 error="device returned error:  \r\n~ERROR,2\r\n\r\nQNET>"
[GIN] 2025/07/02 - 08:41:37 | 200 |            0s |             ::1 | GET      "/bacnet/info?roomId=4"
time=2025-07-02T08:41:37.560+02:00 level=ERROR msg="[BACNET] Error reading temperature" device=1050 error="failed to execute request: Get \"http://localhost:5000/GetTemperature?DeviceId=1050&Port=47809\": context deadline exceeded (Client.Timeout exceeded while awaiting headers)"
time=2025-07-02T08:41:41.191+02:00 level=ERROR msg="[LUTRON] Error parsing response" command=?AREA,10,6 error="device returned error:  \r\n~ERROR,2\r\n\r\nQNET>"
time=2025-07-02T08:41:45.194+02:00 level=ERROR msg="[LUTRON] Error parsing response" command=?AREA,8,6 error="device returned error:  \r\n~ERROR,2\r\n\r\nQNET>"
[GIN] 2025/07/02 - 08:41:47 | 200 |      1.0035ms |             ::1 | GET      "/bacnet/info?roomId=4"
time=2025-07-02T08:41:47.561+02:00 level=ERROR msg="[BACNET] Error reading temperature" device=1050 error="failed to execute request: Get \"http://localhost:5000/GetTemperature?DeviceId=1050&Port=47809\": context deadline exceeded (Client.Timeout exceeded while awaiting headers)"
time=2025-07-02T08:41:53.200+02:00 level=ERROR msg="[LUTRON] Error parsing response" command=?AREA,9,6 error="device returned error:  \r\n~ERROR,2\r\n\r\nQNET>"
[GIN] 2025/07/02 - 08:41:57 | 200 |            0s |             ::1 | GET      "/bacnet/info?roomId=4"
time=2025-07-02T08:41:57.562+02:00 level=ERROR msg="[BACNET] Error reading temperature" device=1050 error="failed to execute request: Get \"http://localhost:5000/GetTemperature?DeviceId=1050&Port=47809\": context deadline exceeded (Client.Timeout exceeded while awaiting headers)"
time=2025-07-02T08:42:05.228+02:00 level=ERROR msg="[LUTRON] Error parsing response" command=?AREA,10,6 error="device returned error:  \r\n~ERROR,2\r\n\r\nQNET>"
[GIN] 2025/07/02 - 08:42:07 | 200 |            0s |             ::1 | GET      "/bacnet/info?roomId=4"
time=2025-07-02T08:42:07.564+02:00 level=ERROR msg="[BACNET] Error reading temperature" device=1050 error="failed to execute request: Get \"http://localhost:5000/GetTemperature?DeviceId=1050&Port=47809\": context deadline exceeded (Client.Timeout exceeded while awaiting headers)"
[GIN] 2025/07/02 - 08:42:08 | 500 |     10.5248ms |             ::1 | POST     "/cyviz/avinput"
time=2025-07-02T08:42:09.213+02:00 level=ERROR msg="[LUTRON] Error parsing response" command=?AREA,8,6 error="device returned error:  \r\n~ERROR,2\r\n\r\nQNET>"
[GIN] 2025/07/02 - 08:42:17 | 200 |            0s |             ::1 | GET      "/bacnet/info?roomId=4"
time=2025-07-02T08:42:17.230+02:00 level=ERROR msg="[LUTRON] Error parsing response" command=?AREA,9,6 error="device returned error:  \r\n~ERROR,2\r\n\r\nQNET>"
time=2025-07-02T08:42:17.565+02:00 level=ERROR msg="[BACNET] Error reading temperature" device=1050 error="failed to execute request: Get \"http://localhost:5000/GetTemperature?DeviceId=1050&Port=47809\": context deadline exceeded (Client.Timeout exceeded while awaiting headers)"
[GIN] 2025/07/02 - 08:42:27 | 200 |            0s |             ::1 | GET      "/bacnet/info?roomId=4"
time=2025-07-02T08:42:27.566+02:00 level=ERROR msg="[BACNET] Error reading temperature" device=1050 error="failed to execute request: Get \"http://localhost:5000/GetTemperature?DeviceId=1050&Port=47809\": context deadline exceeded (Client.Timeout exceeded while awaiting headers)"
time=2025-07-02T08:42:29.243+02:00 level=ERROR msg="[LUTRON] Error parsing response" command=?AREA,10,6 error="device returned error:  \r\n~ERROR,2\r\n\r\nQNET>"
time=2025-07-02T08:42:33.227+02:00 level=ERROR msg="[LUTRON] Error parsing response" command=?AREA,8,6 error="device returned error:  \r\n~ERROR,2\r\n\r\nQNET>"
[GIN] 2025/07/02 - 08:42:37 | 200 |            0s |             ::1 | GET      "/bacnet/info?roomId=4"
time=2025-07-02T08:42:37.568+02:00 level=ERROR msg="[BACNET] Error reading temperature" device=1050 error="failed to execute request: Get \"http://localhost:5000/GetTemperature?DeviceId=1050&Port=47809\": context deadline exceeded (Client.Timeout exceeded while awaiting headers)"
time=2025-07-02T08:42:41.237+02:00 level=ERROR msg="[LUTRON] Error parsing response" command=?AREA,9,6 error="device returned error:  \r\n~ERROR,2\r\n\r\nQNET>"
[GIN] 2025/07/02 - 08:42:47 | 200 |            0s |             ::1 | GET      "/bacnet/info?roomId=4"
time=2025-07-02T08:42:47.569+02:00 level=ERROR msg="[BACNET] Error reading temperature" device=1050 error="failed to execute request: Get \"http://localhost:5000/GetTemperature?DeviceId=1050&Port=47809\": context deadline exceeded (Client.Timeout exceeded while awaiting headers)"
time=2025-07-02T08:42:53.156+02:00 level=ERROR msg="[LUTRON] Error parsing response" command=?AREA,10,6 error="device returned error:  \r\n~ERROR,2\r\n\r\nQNET>"
[GIN] 2025/07/02 - 08:42:57 | 200 |            0s |             ::1 | GET      "/bacnet/info?roomId=4"
time=2025-07-02T08:42:57.156+02:00 level=ERROR msg="[LUTRON] Error parsing response" command=?AREA,8,6 error="device returned error:  \r\n~ERROR,2\r\n\r\nQNET>"
time=2025-07-02T08:42:57.572+02:00 level=ERROR msg="[BACNET] Error reading temperature" device=1050 error="failed to execute request: Get \"http://localhost:5000/GetTemperature?DeviceId=1050&Port=47809\": context deadline exceeded (Client.Timeout exceeded while awaiting headers)"
time=2025-07-02T08:43:05.183+02:00 level=ERROR msg="[LUTRON] Error parsing response" command=?AREA,9,6 error="device returned error:  \r\n~ERROR,2\r\n\r\nQNET>"
[GIN] 2025/07/02 - 08:43:07 | 200 |            0s |             ::1 | GET      "/bacnet/info?roomId=4"
time=2025-07-02T08:43:07.573+02:00 level=ERROR msg="[BACNET] Error reading temperature" device=1050 error="failed to execute request: Get \"http://localhost:5000/GetTemperature?DeviceId=1050&Port=47809\": context deadline exceeded (Client.Timeout exceeded while awaiting headers)"
[GIN] 2025/07/02 - 08:43:17 | 200 |            0s |             ::1 | GET      "/bacnet/info?roomId=4"
time=2025-07-02T08:43:17.198+02:00 level=ERROR msg="[LUTRON] Error parsing response" command=?AREA,10,6 error="device returned error:  \r\n~ERROR,2\r\n\r\nQNET>"
time=2025-07-02T08:43:17.574+02:00 level=ERROR msg="[BACNET] Error reading temperature" device=1050 error="failed to execute request: Get \"http://localhost:5000/GetTemperature?DeviceId=1050&Port=47809\": context deadline exceeded (Client.Timeout exceeded while awaiting headers)"
time=2025-07-02T08:43:21.201+02:00 level=ERROR msg="[LUTRON] Error parsing response" command=?AREA,8,6 error="device returned error:  \r\n~ERROR,2\r\n\r\nQNET>"
[GIN] 2025/07/02 - 08:43:27 | 200 |      1.4656ms |             ::1 | GET      "/bacnet/info?roomId=4"
time=2025-07-02T08:43:27.576+02:00 level=ERROR msg="[BACNET] Error reading temperature" device=1050 error="failed to execute request: Get \"http://localhost:5000/GetTemperature?DeviceId=1050&Port=47809\": context deadline exceeded (Client.Timeout exceeded while awaiting headers)"
time=2025-07-02T08:43:29.201+02:00 level=ERROR msg="[LUTRON] Error parsing response" command=?AREA,9,6 error="device returned error:  \r\n~ERROR,2\r\n\r\nQNET>"
[GIN] 2025/07/02 - 08:43:37 | 200 |            0s |             ::1 | GET      "/bacnet/info?roomId=4"
time=2025-07-02T08:43:37.577+02:00 level=ERROR msg="[BACNET] Error reading temperature" device=1050 error="failed to execute request: Get \"http://localhost:5000/GetTemperature?DeviceId=1050&Port=47809\": context deadline exceeded (Client.Timeout exceeded while awaiting headers)"
time=2025-07-02T08:43:41.214+02:00 level=ERROR msg="[LUTRON] Error parsing response" command=?AREA,10,6 error="device returned error:  \r\n~ERROR,2\r\n\r\nQNET>"
time=2025-07-02T08:43:45.207+02:00 level=ERROR msg="[LUTRON] Error parsing response" command=?AREA,8,6 error="device returned error:  \r\n~ERROR,2\r\n\r\nQNET>"
[GIN] 2025/07/02 - 08:43:47 | 200 |            0s |             ::1 | GET      "/bacnet/info?roomId=4"
time=2025-07-02T08:43:47.579+02:00 level=ERROR msg="[BACNET] Error reading temperature" device=1050 error="failed to execute request: Get \"http://localhost:5000/GetTemperature?DeviceId=1050&Port=47809\": context deadline exceeded (Client.Timeout exceeded while awaiting headers)"
time=2025-07-02T08:43:53.229+02:00 level=ERROR msg="[LUTRON] Error parsing response" command=?AREA,9,6 error="device returned error:  \r\n~ERROR,2\r\n\r\nQNET>"
[GIN] 2025/07/02 - 08:43:57 | 200 |            0s |             ::1 | GET      "/bacnet/info?roomId=4"
time=2025-07-02T08:43:57.580+02:00 level=ERROR msg="[BACNET] Error reading temperature" device=1050 error="failed to execute request: Get \"http://localhost:5000/GetTemperature?DeviceId=1050&Port=47809\": context deadline exceeded (Client.Timeout exceeded while awaiting headers)"
time=2025-07-02T08:44:05.238+02:00 level=ERROR msg="[LUTRON] Error parsing response" command=?AREA,10,6 error="device returned error:  \r\n~ERROR,2\r\n\r\nQNET>"
[GIN] 2025/07/02 - 08:44:07 | 200 |      1.8025ms |             ::1 | GET      "/bacnet/info?roomId=4"
time=2025-07-02T08:44:07.581+02:00 level=ERROR msg="[BACNET] Error reading temperature" device=1050 error="failed to execute request: Get \"http://localhost:5000/GetTemperature?DeviceId=1050&Port=47809\": context deadline exceeded (Client.Timeout exceeded while awaiting headers)"
time=2025-07-02T08:44:09.229+02:00 level=ERROR msg="[LUTRON] Error parsing response" command=?AREA,8,6 error="device returned error:  \r\n~ERROR,2\r\n\r\nQNET>"
[GIN] 2025/07/02 - 08:44:17 | 200 |            0s |             ::1 | GET      "/bacnet/info?roomId=4"
time=2025-07-02T08:44:17.249+02:00 level=ERROR msg="[LUTRON] Error parsing response" command=?AREA,9,6 error="device returned error:  \r\n~ERROR,2\r\n\r\nQNET>"
time=2025-07-02T08:44:17.583+02:00 level=ERROR msg="[BACNET] Error reading temperature" device=1050 error="failed to execute request: Get \"http://localhost:5000/GetTemperature?DeviceId=1050&Port=47809\": context deadline exceeded (Client.Timeout exceeded while awaiting headers)"
[GIN] 2025/07/02 - 08:44:27 | 200 |      1.9955ms |             ::1 | GET      "/bacnet/info?roomId=4"
time=2025-07-02T08:44:27.585+02:00 level=ERROR msg="[BACNET] Error reading temperature" device=1050 error="failed to execute request: Get \"http://localhost:5000/GetTemperature?DeviceId=1050&Port=47809\": context deadline exceeded (Client.Timeout exceeded while awaiting headers)"
time=2025-07-02T08:44:29.158+02:00 level=ERROR msg="[LUTRON] Error parsing response" command=?AREA,10,6 error="device returned error:  \r\n~ERROR,2\r\n\r\nQNET>"
time=2025-07-02T08:44:33.165+02:00 level=ERROR msg="[LUTRON] Error parsing response" command=?AREA,8,6 error="device returned error:  \r\n~ERROR,2\r\n\r\nQNET>"
[GIN] 2025/07/02 - 08:44:37 | 200 |            0s |             ::1 | GET      "/bacnet/info?roomId=4"
time=2025-07-02T08:44:37.587+02:00 level=ERROR msg="[BACNET] Error reading temperature" device=1050 error="failed to execute request: Get \"http://localhost:5000/GetTemperature?DeviceId=1050&Port=47809\": context deadline exceeded (Client.Timeout exceeded while awaiting headers)"
time=2025-07-02T08:44:41.155+02:00 level=ERROR msg="[LUTRON] Error parsing response" command=?AREA,9,6 error="device returned error:  \r\n~ERROR,2\r\n\r\nQNET>"
[GIN] 2025/07/02 - 08:44:47 | 200 |      3.0872ms |             ::1 | GET      "/bacnet/info?roomId=4"
time=2025-07-02T08:44:47.588+02:00 level=ERROR msg="[BACNET] Error reading temperature" device=1050 error="failed to execute request: Get \"http://localhost:5000/GetTemperature?DeviceId=1050&Port=47809\": context deadline exceeded (Client.Timeout exceeded while awaiting headers)"
time=2025-07-02T08:44:53.165+02:00 level=ERROR msg="[LUTRON] Error parsing response" command=?AREA,10,6 error="device returned error:  \r\n~ERROR,2\r\n\r\nQNET>"
[GIN] 2025/07/02 - 08:44:57 | 200 |            0s |             ::1 | GET      "/bacnet/info?roomId=4"
time=2025-07-02T08:44:57.193+02:00 level=ERROR msg="[LUTRON] Error parsing response" command=?AREA,8,6 error="device returned error:  \r\n~ERROR,2\r\n\r\nQNET>"
time=2025-07-02T08:44:57.589+02:00 level=ERROR msg="[BACNET] Error reading temperature" device=1050 error="failed to execute request: Get \"http://localhost:5000/GetTemperature?DeviceId=1050&Port=47809\": context deadline exceeded (Client.Timeout exceeded while awaiting headers)"
time=2025-07-02T08:45:05.206+02:00 level=ERROR msg="[LUTRON] Error parsing response" command=?AREA,9,6 error="device returned error:  \r\n~ERROR,2\r\n\r\nQNET>"
[GIN] 2025/07/02 - 08:45:07 | 200 |            0s |             ::1 | GET      "/bacnet/info?roomId=4"
time=2025-07-02T08:45:07.591+02:00 level=ERROR msg="[BACNET] Error reading temperature" device=1050 error="failed to execute request: Get \"http://localhost:5000/GetTemperature?DeviceId=1050&Port=47809\": context deadline exceeded (Client.Timeout exceeded while awaiting headers)"
[GIN] 2025/07/02 - 08:45:17 | 200 |            0s |             ::1 | GET      "/bacnet/info?roomId=4"
time=2025-07-02T08:45:17.190+02:00 level=ERROR msg="[LUTRON] Error parsing response" command=?AREA,10,6 error="device returned error:  \r\n~ERROR,2\r\n\r\nQNET>"
time=2025-07-02T08:45:17.592+02:00 level=ERROR msg="[BACNET] Error reading temperature" device=1050 error="failed to execute request: Get \"http://localhost:5000/GetTemperature?DeviceId=1050&Port=47809\": context deadline exceeded (Client.Timeout exceeded while awaiting headers)"
time=2025-07-02T08:45:21.211+02:00 level=ERROR msg="[LUTRON] Error parsing response" command=?AREA,8,6 error="device returned error:  \r\n~ERROR,2\r\n\r\nQNET>"
[GIN] 2025/07/02 - 08:45:27 | 200 |      2.0511ms |             ::1 | GET      "/bacnet/info?roomId=4"
time=2025-07-02T08:45:27.593+02:00 level=ERROR msg="[BACNET] Error reading temperature" device=1050 error="failed to execute request: Get \"http://localhost:5000/GetTemperature?DeviceId=1050&Port=47809\": context deadline exceeded (Client.Timeout exceeded while awaiting headers)"
time=2025-07-02T08:45:29.229+02:00 level=ERROR msg="[LUTRON] Error parsing response" command=?AREA,9,6 error="device returned error:  \r\n~ERROR,2\r\n\r\nQNET>"
[GIN] 2025/07/02 - 08:45:37 | 200 |            0s |             ::1 | GET      "/bacnet/info?roomId=4"
time=2025-07-02T08:45:37.595+02:00 level=ERROR msg="[BACNET] Error reading temperature" device=1050 error="failed to execute request: Get \"http://localhost:5000/GetTemperature?DeviceId=1050&Port=47809\": context deadline exceeded (Client.Timeout exceeded while awaiting headers)"
time=2025-07-02T08:45:41.230+02:00 level=ERROR msg="[LUTRON] Error parsing response" command=?AREA,10,6 error="device returned error:  \r\n~ERROR,2\r\n\r\nQNET>"
time=2025-07-02T08:45:45.220+02:00 level=ERROR msg="[LUTRON] Error parsing response" command=?AREA,8,6 error="device returned error:  \r\n~ERROR,2\r\n\r\nQNET>"
[GIN] 2025/07/02 - 08:45:47 | 200 |            0s |             ::1 | GET      "/bacnet/info?roomId=4"
time=2025-07-02T08:45:47.596+02:00 level=ERROR msg="[BACNET] Error reading temperature" device=1050 error="failed to execute request: Get \"http://localhost:5000/GetTemperature?DeviceId=1050&Port=47809\": context deadline exceeded (Client.Timeout exceeded while awaiting headers)"
time=2025-07-02T08:45:53.228+02:00 level=ERROR msg="[LUTRON] Error parsing response" command=?AREA,9,6 error="device returned error:  \r\n~ERROR,2\r\n\r\nQNET>"
[GIN] 2025/07/02 - 08:45:57 | 200 |            0s |             ::1 | GET      "/bacnet/info?roomId=4"
time=2025-07-02T08:45:57.599+02:00 level=ERROR msg="[BACNET] Error reading temperature" device=1050 error="failed to execute request: Get \"http://localhost:5000/GetTemperature?DeviceId=1050&Port=47809\": context deadline exceeded (Client.Timeout exceeded while awaiting headers)"
time=2025-07-02T08:46:05.147+02:00 level=ERROR msg="[LUTRON] Error parsing response" command=?AREA,10,6 error="device returned error:  \r\n~ERROR,2\r\n\r\nQNET>"
[GIN] 2025/07/02 - 08:46:07 | 200 |            0s |             ::1 | GET      "/bacnet/info?roomId=4"
time=2025-07-02T08:46:07.599+02:00 level=ERROR msg="[BACNET] Error reading temperature" device=1050 error="failed to execute request: Get \"http://localhost:5000/GetTemperature?DeviceId=1050&Port=47809\": context deadline exceeded (Client.Timeout exceeded while awaiting headers)"
time=2025-07-02T08:46:09.179+02:00 level=ERROR msg="[LUTRON] Error parsing response" command=?AREA,8,6 error="device returned error:  \r\n~ERROR,2\r\n\r\nQNET>"
[GIN] 2025/07/02 - 08:46:17 | 200 |            0s |             ::1 | GET      "/bacnet/info?roomId=4"
time=2025-07-02T08:46:17.162+02:00 level=ERROR msg="[LUTRON] Error parsing response" command=?AREA,9,6 error="device returned error:  \r\n~ERROR,2\r\n\r\nQNET>"
time=2025-07-02T08:46:17.600+02:00 level=ERROR msg="[BACNET] Error reading temperature" device=1050 error="failed to execute request: Get \"http://localhost:5000/GetTemperature?DeviceId=1050&Port=47809\": context deadline exceeded (Client.Timeout exceeded while awaiting headers)"
[GIN] 2025/07/02 - 08:46:27 | 200 |            0s |             ::1 | GET      "/bacnet/info?roomId=4"
time=2025-07-02T08:46:27.601+02:00 level=ERROR msg="[BACNET] Error reading temperature" device=1050 error="failed to execute request: Get \"http://localhost:5000/GetTemperature?DeviceId=1050&Port=47809\": context deadline exceeded (Client.Timeout exceeded while awaiting headers)"
time=2025-07-02T08:46:29.178+02:00 level=ERROR msg="[LUTRON] Error parsing response" command=?AREA,10,6 error="device returned error:  \r\n~ERROR,2\r\n\r\nQNET>"
time=2025-07-02T08:46:33.163+02:00 level=ERROR msg="[LUTRON] Error parsing response" command=?AREA,8,6 error="device returned error:  \r\n~ERROR,2\r\n\r\nQNET>"
[GIN] 2025/07/02 - 08:46:37 | 200 |            0s |             ::1 | GET      "/bacnet/info?roomId=4"
time=2025-07-02T08:46:37.602+02:00 level=ERROR msg="[BACNET] Error reading temperature" device=1050 error="failed to execute request: Get \"http://localhost:5000/GetTemperature?DeviceId=1050&Port=47809\": context deadline exceeded (Client.Timeout exceeded while awaiting headers)"
time=2025-07-02T08:46:41.164+02:00 level=ERROR msg="[LUTRON] Error parsing response" command=?AREA,9,6 error="device returned error:  \r\n~ERROR,2\r\n\r\nQNET>"
[GIN] 2025/07/02 - 08:46:47 | 200 |         367µs |             ::1 | GET      "/bacnet/info?roomId=4"
time=2025-07-02T08:46:47.603+02:00 level=ERROR msg="[BACNET] Error reading temperature" device=1050 error="failed to execute request: Get \"http://localhost:5000/GetTemperature?DeviceId=1050&Port=47809\": context deadline exceeded (Client.Timeout exceeded while awaiting headers)"
time=2025-07-02T08:46:53.178+02:00 level=ERROR msg="[LUTRON] Error parsing response" command=?AREA,10,6 error="device returned error:  \r\n~ERROR,2\r\n\r\nQNET>"
[GIN] 2025/07/02 - 08:46:57 | 200 |         330µs |             ::1 | GET      "/bacnet/info?roomId=4"
time=2025-07-02T08:46:57.178+02:00 level=ERROR msg="[LUTRON] Error parsing response" command=?AREA,8,6 error="device returned error:  \r\n~ERROR,2\r\n\r\nQNET>"
time=2025-07-02T08:46:57.605+02:00 level=ERROR msg="[BACNET] Error reading temperature" device=1050 error="failed to execute request: Get \"http://localhost:5000/GetTemperature?DeviceId=1050&Port=47809\": context deadline exceeded (Client.Timeout exceeded while awaiting headers)"
time=2025-07-02T08:47:05.195+02:00 level=ERROR msg="[LUTRON] Error parsing response" command=?AREA,9,6 error="device returned error:  \r\n~ERROR,2\r\n\r\nQNET>"
[GIN] 2025/07/02 - 08:47:07 | 200 |            0s |             ::1 | GET      "/bacnet/info?roomId=4"
time=2025-07-02T08:47:07.606+02:00 level=ERROR msg="[BACNET] Error reading temperature" device=1050 error="failed to execute request: Get \"http://localhost:5000/GetTemperature?DeviceId=1050&Port=47809\": context deadline exceeded (Client.Timeout exceeded while awaiting headers)"
[GIN] 2025/07/02 - 08:47:17 | 200 |            0s |             ::1 | GET      "/bacnet/info?roomId=4"
time=2025-07-02T08:47:17.209+02:00 level=ERROR msg="[LUTRON] Error parsing response" command=?AREA,10,6 error="device returned error:  \r\n~ERROR,2\r\n\r\nQNET>"
time=2025-07-02T08:47:17.607+02:00 level=ERROR msg="[BACNET] Error reading temperature" device=1050 error="failed to execute request: Get \"http://localhost:5000/GetTemperature?DeviceId=1050&Port=47809\": context deadline exceeded (Client.Timeout exceeded while awaiting headers)"
time=2025-07-02T08:47:21.212+02:00 level=ERROR msg="[LUTRON] Error parsing response" command=?AREA,8,6 error="device returned error:  \r\n~ERROR,2\r\n\r\nQNET>"
[GIN] 2025/07/02 - 08:47:27 | 200 |            0s |             ::1 | GET      "/bacnet/info?roomId=4"
time=2025-07-02T08:47:27.608+02:00 level=ERROR msg="[BACNET] Error reading temperature" device=1050 error="failed to execute request: Get \"http://localhost:5000/GetTemperature?DeviceId=1050&Port=47809\": context deadline exceeded (Client.Timeout exceeded while awaiting headers)"
time=2025-07-02T08:47:29.224+02:00 level=ERROR msg="[LUTRON] Error parsing response" command=?AREA,9,6 error="device returned error:  \r\n~ERROR,2\r\n\r\nQNET>"
[GIN] 2025/07/02 - 08:47:37 | 200 |            0s |             ::1 | GET      "/bacnet/info?roomId=4"
time=2025-07-02T08:47:37.609+02:00 level=ERROR msg="[BACNET] Error reading temperature" device=1050 error="failed to execute request: Get \"http://localhost:5000/GetTemperature?DeviceId=1050&Port=47809\": context deadline exceeded (Client.Timeout exceeded while awaiting headers)"
time=2025-07-02T08:47:41.227+02:00 level=ERROR msg="[LUTRON] Error parsing response" command=?AREA,10,6 error="device returned error:  \r\n~ERROR,2\r\n\r\nQNET>"
time=2025-07-02T08:47:45.242+02:00 level=ERROR msg="[LUTRON] Error parsing response" command=?AREA,8,6 error="device returned error:  \r\n~ERROR,2\r\n\r\nQNET>"
[GIN] 2025/07/02 - 08:47:47 | 200 |            0s |             ::1 | GET      "/bacnet/info?roomId=4"
time=2025-07-02T08:47:47.611+02:00 level=ERROR msg="[BACNET] Error reading temperature" device=1050 error="failed to execute request: Get \"http://localhost:5000/GetTemperature?DeviceId=1050&Port=47809\": context deadline exceeded (Client.Timeout exceeded while awaiting headers)"
time=2025-07-02T08:47:53.247+02:00 level=ERROR msg="[LUTRON] Error parsing response" command=?AREA,9,6 error="device returned error:  \r\n~ERROR,2\r\n\r\nQNET>"
[GIN] 2025/07/02 - 08:47:57 | 200 |            0s |             ::1 | GET      "/bacnet/info?roomId=4"
time=2025-07-02T08:47:57.612+02:00 level=ERROR msg="[BACNET] Error reading temperature" device=1050 error="failed to execute request: Get \"http://localhost:5000/GetTemperature?DeviceId=1050&Port=47809\": context deadline exceeded (Client.Timeout exceeded while awaiting headers)"
time=2025-07-02T08:48:05.151+02:00 level=ERROR msg="[LUTRON] Error parsing response" command=?AREA,10,6 error="device returned error:  \r\n~ERROR,2\r\n\r\nQNET>"
[GIN] 2025/07/02 - 08:48:07 | 200 |            0s |             ::1 | GET      "/bacnet/info?roomId=4"
time=2025-07-02T08:48:07.612+02:00 level=ERROR msg="[BACNET] Error reading temperature" device=1050 error="failed to execute request: Get \"http://localhost:5000/GetTemperature?DeviceId=1050&Port=47809\": context deadline exceeded (Client.Timeout exceeded while awaiting headers)"
time=2025-07-02T08:48:09.161+02:00 level=ERROR msg="[LUTRON] Error parsing response" command=?AREA,8,6 error="device returned error:  \r\n~ERROR,2\r\n\r\nQNET>"
[GIN] 2025/07/02 - 08:48:17 | 200 |            0s |             ::1 | GET      "/bacnet/info?roomId=4"
time=2025-07-02T08:48:17.178+02:00 level=ERROR msg="[LUTRON] Error parsing response" command=?AREA,9,6 error="device returned error:  \r\n~ERROR,2\r\n\r\nQNET>"
time=2025-07-02T08:48:17.614+02:00 level=ERROR msg="[BACNET] Error reading temperature" device=1050 error="failed to execute request: Get \"http://localhost:5000/GetTemperature?DeviceId=1050&Port=47809\": context deadline exceeded (Client.Timeout exceeded while awaiting headers)"
[GIN] 2025/07/02 - 08:48:27 | 200 |            0s |             ::1 | GET      "/bacnet/info?roomId=4"
time=2025-07-02T08:48:27.616+02:00 level=ERROR msg="[BACNET] Error reading temperature" device=1050 error="failed to execute request: Get \"http://localhost:5000/GetTemperature?DeviceId=1050&Port=47809\": context deadline exceeded (Client.Timeout exceeded while awaiting headers)"
time=2025-07-02T08:48:29.178+02:00 level=ERROR msg="[LUTRON] Error parsing response" command=?AREA,10,6 error="device returned error:  \r\n~ERROR,2\r\n\r\nQNET>"
time=2025-07-02T08:48:33.195+02:00 level=ERROR msg="[LUTRON] Error parsing response" command=?AREA,8,6 error="device returned error:  \r\n~ERROR,2\r\n\r\nQNET>"
[GIN] 2025/07/02 - 08:48:37 | 200 |            0s |             ::1 | GET      "/bacnet/info?roomId=4"
time=2025-07-02T08:48:37.617+02:00 level=ERROR msg="[BACNET] Error reading temperature" device=1050 error="failed to execute request: Get \"http://localhost:5000/GetTemperature?DeviceId=1050&Port=47809\": context deadline exceeded (Client.Timeout exceeded while awaiting headers)"
time=2025-07-02T08:48:41.195+02:00 level=ERROR msg="[LUTRON] Error parsing response" command=?AREA,9,6 error="device returned error:  \r\n~ERROR,2\r\n\r\nQNET>"
[GIN] 2025/07/02 - 08:48:47 | 200 |            0s |             ::1 | GET      "/bacnet/info?roomId=4"
time=2025-07-02T08:48:47.618+02:00 level=ERROR msg="[BACNET] Error reading temperature" device=1050 error="failed to execute request: Get \"http://localhost:5000/GetTemperature?DeviceId=1050&Port=47809\": context deadline exceeded (Client.Timeout exceeded while awaiting headers)"
time=2025-07-02T08:48:53.181+02:00 level=ERROR msg="[LUTRON] Error parsing response" command=?AREA,10,6 error="device returned error:  \r\n~ERROR,2\r\n\r\nQNET>"
[GIN] 2025/07/02 - 08:48:57 | 200 |            0s |             ::1 | GET      "/bacnet/info?roomId=4"
time=2025-07-02T08:48:57.211+02:00 level=ERROR msg="[LUTRON] Error parsing response" command=?AREA,8,6 error="device returned error:  \r\n~ERROR,2\r\n\r\nQNET>"
time=2025-07-02T08:48:57.620+02:00 level=ERROR msg="[BACNET] Error reading temperature" device=1050 error="failed to execute request: Get \"http://localhost:5000/GetTemperature?DeviceId=1050&Port=47809\": context deadline exceeded (Client.Timeout exceeded while awaiting headers)"
time=2025-07-02T08:49:05.209+02:00 level=ERROR msg="[LUTRON] Error parsing response" command=?AREA,9,6 error="device returned error:  \r\n~ERROR,2\r\n\r\nQNET>"
[GIN] 2025/07/02 - 08:49:07 | 200 |            0s |             ::1 | GET      "/bacnet/info?roomId=4"
time=2025-07-02T08:49:07.621+02:00 level=ERROR msg="[BACNET] Error reading temperature" device=1050 error="failed to execute request: Get \"http://localhost:5000/GetTemperature?DeviceId=1050&Port=47809\": context deadline exceeded (Client.Timeout exceeded while awaiting headers)"
[GIN] 2025/07/02 - 08:49:17 | 200 |            0s |             ::1 | GET      "/bacnet/info?roomId=4"
time=2025-07-02T08:49:17.228+02:00 level=ERROR msg="[LUTRON] Error parsing response" command=?AREA,10,6 error="device returned error:  \r\n~ERROR,2\r\n\r\nQNET>"
time=2025-07-02T08:49:17.621+02:00 level=ERROR msg="[BACNET] Error reading temperature" device=1050 error="failed to execute request: Get \"http://localhost:5000/GetTemperature?DeviceId=1050&Port=47809\": context deadline exceeded (Client.Timeout exceeded while awaiting headers)"
time=2025-07-02T08:49:21.237+02:00 level=ERROR msg="[LUTRON] Error parsing response" command=?AREA,8,6 error="device returned error:  \r\n~ERROR,2\r\n\r\nQNET>"
[GIN] 2025/07/02 - 08:49:27 | 200 |            0s |             ::1 | GET      "/bacnet/info?roomId=4"
time=2025-07-02T08:49:27.623+02:00 level=ERROR msg="[BACNET] Error reading temperature" device=1050 error="failed to execute request: Get \"http://localhost:5000/GetTemperature?DeviceId=1050&Port=47809\": context deadline exceeded (Client.Timeout exceeded while awaiting headers)"
time=2025-07-02T08:49:29.240+02:00 level=ERROR msg="[LUTRON] Error parsing response" command=?AREA,9,6 error="device returned error:  \r\n~ERROR,2\r\n\r\nQNET>"
[GIN] 2025/07/02 - 08:49:37 | 200 |            0s |             ::1 | GET      "/bacnet/info?roomId=4"
time=2025-07-02T08:49:37.625+02:00 level=ERROR msg="[BACNET] Error reading temperature" device=1050 error="failed to execute request: Get \"http://localhost:5000/GetTemperature?DeviceId=1050&Port=47809\": context deadline exceeded (Client.Timeout exceeded while awaiting headers)"
time=2025-07-02T08:49:41.134+02:00 level=ERROR msg="[LUTRON] Error parsing response" command=?AREA,10,6 error="device returned error:  \r\n~ERROR,2\r\n\r\nQNET>"
time=2025-07-02T08:49:45.246+02:00 level=ERROR msg="[LUTRON] Error parsing response" command=?AREA,8,6 error="device returned error:  \r\n~ERROR,2\r\n\r\nQNET>"
[GIN] 2025/07/02 - 08:49:47 | 200 |            0s |             ::1 | GET      "/bacnet/info?roomId=4"
time=2025-07-02T08:49:47.626+02:00 level=ERROR msg="[BACNET] Error reading temperature" device=1050 error="failed to execute request: Get \"http://localhost:5000/GetTemperature?DeviceId=1050&Port=47809\": context deadline exceeded (Client.Timeout exceeded while awaiting headers)"
time=2025-07-02T08:49:53.143+02:00 level=ERROR msg="[LUTRON] Error parsing response" command=?AREA,9,6 error="device returned error:  \r\n~ERROR,2\r\n\r\nQNET>"
[GIN] 2025/07/02 - 08:49:57 | 200 |      1.3389ms |             ::1 | GET      "/bacnet/info?roomId=4"
time=2025-07-02T08:49:57.627+02:00 level=ERROR msg="[BACNET] Error reading temperature" device=1050 error="failed to execute request: Get \"http://localhost:5000/GetTemperature?DeviceId=1050&Port=47809\": context deadline exceeded (Client.Timeout exceeded while awaiting headers)"
time=2025-07-02T08:50:05.180+02:00 level=ERROR msg="[LUTRON] Error parsing response" command=?AREA,10,6 error="device returned error:  \r\n~ERROR,2\r\n\r\nQNET>"
[GIN] 2025/07/02 - 08:50:07 | 200 |         658µs |             ::1 | GET      "/bacnet/info?roomId=4"
time=2025-07-02T08:50:07.628+02:00 level=ERROR msg="[BACNET] Error reading temperature" device=1050 error="failed to execute request: Get \"http://localhost:5000/GetTemperature?DeviceId=1050&Port=47809\": context deadline exceeded (Client.Timeout exceeded while awaiting headers)"
time=2025-07-02T08:50:09.194+02:00 level=ERROR msg="[LUTRON] Error parsing response" command=?AREA,8,6 error="device returned error:  \r\n~ERROR,2\r\n\r\nQNET>"
[GIN] 2025/07/02 - 08:50:17 | 200 |            0s |             ::1 | GET      "/bacnet/info?roomId=4"
time=2025-07-02T08:50:17.202+02:00 level=ERROR msg="[LUTRON] Error parsing response" command=?AREA,9,6 error="device returned error:  \r\n~ERROR,2\r\n\r\nQNET>"
time=2025-07-02T08:50:17.629+02:00 level=ERROR msg="[BACNET] Error reading temperature" device=1050 error="failed to execute request: Get \"http://localhost:5000/GetTemperature?DeviceId=1050&Port=47809\": context deadline exceeded (Client.Timeout exceeded while awaiting headers)"
[GIN] 2025/07/02 - 08:50:27 | 200 |            0s |             ::1 | GET      "/bacnet/info?roomId=4"
time=2025-07-02T08:50:27.631+02:00 level=ERROR msg="[BACNET] Error reading temperature" device=1050 error="failed to execute request: Get \"http://localhost:5000/GetTemperature?DeviceId=1050&Port=47809\": context deadline exceeded (Client.Timeout exceeded while awaiting headers)"
time=2025-07-02T08:50:29.200+02:00 level=ERROR msg="[LUTRON] Error parsing response" command=?AREA,10,6 error="device returned error:  \r\n~ERROR,2\r\n\r\nQNET>"
time=2025-07-02T08:50:33.212+02:00 level=ERROR msg="[LUTRON] Error parsing response" command=?AREA,8,6 error="device returned error:  \r\n~ERROR,2\r\n\r\nQNET>"
[GIN] 2025/07/02 - 08:50:37 | 200 |            0s |             ::1 | GET      "/bacnet/info?roomId=4"
time=2025-07-02T08:50:37.632+02:00 level=ERROR msg="[BACNET] Error reading temperature" device=1050 error="failed to execute request: Get \"http://localhost:5000/GetTemperature?DeviceId=1050&Port=47809\": context deadline exceeded (Client.Timeout exceeded while awaiting headers)"
time=2025-07-02T08:50:41.215+02:00 level=ERROR msg="[LUTRON] Error parsing response" command=?AREA,9,6 error="device returned error:  \r\n~ERROR,2\r\n\r\nQNET>"
[GIN] 2025/07/02 - 08:50:47 | 200 |            0s |             ::1 | GET      "/bacnet/info?roomId=4"
time=2025-07-02T08:50:47.633+02:00 level=ERROR msg="[BACNET] Error reading temperature" device=1050 error="failed to execute request: Get \"http://localhost:5000/GetTemperature?DeviceId=1050&Port=47809\": context deadline exceeded (Client.Timeout exceeded while awaiting headers)"
time=2025-07-02T08:50:53.215+02:00 level=ERROR msg="[LUTRON] Error parsing response" command=?AREA,10,6 error="device returned error:  \r\n~ERROR,2\r\n\r\nQNET>"
[GIN] 2025/07/02 - 08:50:57 | 200 |            0s |             ::1 | GET      "/bacnet/info?roomId=4"
time=2025-07-02T08:50:57.236+02:00 level=ERROR msg="[LUTRON] Error parsing response" command=?AREA,8,6 error="device returned error:  \r\n~ERROR,2\r\n\r\nQNET>"
time=2025-07-02T08:50:57.635+02:00 level=ERROR msg="[BACNET] Error reading temperature" device=1050 error="failed to execute request: Get \"http://localhost:5000/GetTemperature?DeviceId=1050&Port=47809\": context deadline exceeded (Client.Timeout exceeded while awaiting headers)"
time=2025-07-02T08:51:05.227+02:00 level=ERROR msg="[LUTRON] Error parsing response" command=?AREA,9,6 error="device returned error:  \r\n~ERROR,2\r\n\r\nQNET>"
[GIN] 2025/07/02 - 08:51:07 | 200 |            0s |             ::1 | GET      "/bacnet/info?roomId=4"
time=2025-07-02T08:51:07.637+02:00 level=ERROR msg="[BACNET] Error reading temperature" device=1050 error="failed to execute request: Get \"http://localhost:5000/GetTemperature?DeviceId=1050&Port=47809\": context deadline exceeded (Client.Timeout exceeded while awaiting headers)"
[GIN] 2025/07/02 - 08:51:17 | 200 |            0s |             ::1 | GET      "/bacnet/info?roomId=4"
time=2025-07-02T08:51:17.244+02:00 level=ERROR msg="[LUTRON] Error parsing response" command=?AREA,10,6 error="device returned error:  \r\n~ERROR,2\r\n\r\nQNET>"
time=2025-07-02T08:51:17.638+02:00 level=ERROR msg="[BACNET] Error reading temperature" device=1050 error="failed to execute request: Get \"http://localhost:5000/GetTemperature?DeviceId=1050&Port=47809\": context deadline exceeded (Client.Timeout exceeded while awaiting headers)"
time=2025-07-02T08:51:21.251+02:00 level=ERROR msg="[LUTRON] Error parsing response" command=?AREA,8,6 error="device returned error:  \r\n~ERROR,2\r\n\r\nQNET>"
[GIN] 2025/07/02 - 08:51:27 | 200 |            0s |             ::1 | GET      "/bacnet/info?roomId=4"
time=2025-07-02T08:51:27.639+02:00 level=ERROR msg="[BACNET] Error reading temperature" device=1050 error="failed to execute request: Get \"http://localhost:5000/GetTemperature?DeviceId=1050&Port=47809\": context deadline exceeded (Client.Timeout exceeded while awaiting headers)"
time=2025-07-02T08:51:29.148+02:00 level=ERROR msg="[LUTRON] Error parsing response" command=?AREA,9,6 error="device returned error:  \r\n~ERROR,2\r\n\r\nQNET>"
[GIN] 2025/07/02 - 08:51:37 | 200 |            0s |             ::1 | GET      "/bacnet/info?roomId=4"
time=2025-07-02T08:51:37.641+02:00 level=ERROR msg="[BACNET] Error reading temperature" device=1050 error="failed to execute request: Get \"http://localhost:5000/GetTemperature?DeviceId=1050&Port=47809\": context deadline exceeded (Client.Timeout exceeded while awaiting headers)"
time=2025-07-02T08:51:41.165+02:00 level=ERROR msg="[LUTRON] Error parsing response" command=?AREA,10,6 error="device returned error:  \r\n~ERROR,2\r\n\r\nQNET>"
time=2025-07-02T08:51:45.190+02:00 level=ERROR msg="[LUTRON] Error parsing response" command=?AREA,8,6 error="device returned error:  \r\n~ERROR,2\r\n\r\nQNET>"
[GIN] 2025/07/02 - 08:51:47 | 200 |            0s |             ::1 | GET      "/bacnet/info?roomId=4"
time=2025-07-02T08:51:47.642+02:00 level=ERROR msg="[BACNET] Error reading temperature" device=1050 error="failed to execute request: Get \"http://localhost:5000/GetTemperature?DeviceId=1050&Port=47809\": context deadline exceeded (Client.Timeout exceeded while awaiting headers)"
time=2025-07-02T08:51:53.180+02:00 level=ERROR msg="[LUTRON] Error parsing response" command=?AREA,9,6 error="device returned error:  \r\n~ERROR,2\r\n\r\nQNET>"
[GIN] 2025/07/02 - 08:51:57 | 200 |            0s |             ::1 | GET      "/bacnet/info?roomId=4"
time=2025-07-02T08:51:57.643+02:00 level=ERROR msg="[BACNET] Error reading temperature" device=1050 error="failed to execute request: Get \"http://localhost:5000/GetTemperature?DeviceId=1050&Port=47809\": context deadline exceeded (Client.Timeout exceeded while awaiting headers)"
time=2025-07-02T08:52:05.197+02:00 level=ERROR msg="[LUTRON] Error parsing response" command=?AREA,10,6 error="device returned error:  \r\n~ERROR,2\r\n\r\nQNET>"
[GIN] 2025/07/02 - 08:52:07 | 200 |     12.3841ms |             ::1 | GET      "/bacnet/info?roomId=4"
time=2025-07-02T08:52:07.645+02:00 level=ERROR msg="[BACNET] Error reading temperature" device=1050 error="failed to execute request: Get \"http://localhost:5000/GetTemperature?DeviceId=1050&Port=47809\": context deadline exceeded (Client.Timeout exceeded while awaiting headers)"
time=2025-07-02T08:52:09.196+02:00 level=ERROR msg="[LUTRON] Error parsing response" command=?AREA,8,6 error="device returned error:  \r\n~ERROR,2\r\n\r\nQNET>"
[GIN] 2025/07/02 - 08:52:17 | 200 |            0s |             ::1 | GET      "/bacnet/info?roomId=4"
time=2025-07-02T08:52:17.201+02:00 level=ERROR msg="[LUTRON] Error parsing response" command=?AREA,9,6 error="device returned error:  \r\n~ERROR,2\r\n\r\nQNET>"
time=2025-07-02T08:52:17.646+02:00 level=ERROR msg="[BACNET] Error reading temperature" device=1050 error="failed to execute request: Get \"http://localhost:5000/GetTemperature?DeviceId=1050&Port=47809\": context deadline exceeded (Client.Timeout exceeded while awaiting headers)"
[GIN] 2025/07/02 - 08:52:27 | 200 |            0s |             ::1 | GET      "/bacnet/info?roomId=4"
time=2025-07-02T08:52:27.647+02:00 level=ERROR msg="[BACNET] Error reading temperature" device=1050 error="failed to execute request: Get \"http://localhost:5000/GetTemperature?DeviceId=1050&Port=47809\": context deadline exceeded (Client.Timeout exceeded while awaiting headers)"
time=2025-07-02T08:52:29.214+02:00 level=ERROR msg="[LUTRON] Error parsing response" command=?AREA,10,6 error="device returned error:  \r\n~ERROR,2\r\n\r\nQNET>"
time=2025-07-02T08:52:33.218+02:00 level=ERROR msg="[LUTRON] Error parsing response" command=?AREA,8,6 error="device returned error:  \r\n~ERROR,2\r\n\r\nQNET>"
[GIN] 2025/07/02 - 08:52:37 | 200 |      4.2846ms |             ::1 | GET      "/bacnet/info?roomId=4"
time=2025-07-02T08:52:37.648+02:00 level=ERROR msg="[BACNET] Error reading temperature" device=1050 error="failed to execute request: Get \"http://localhost:5000/GetTemperature?DeviceId=1050&Port=47809\": context deadline exceeded (Client.Timeout exceeded while awaiting headers)"
time=2025-07-02T08:52:41.237+02:00 level=ERROR msg="[LUTRON] Error parsing response" command=?AREA,9,6 error="device returned error:  \r\n~ERROR,2\r\n\r\nQNET>"
[GIN] 2025/07/02 - 08:52:47 | 200 |            0s |             ::1 | GET      "/bacnet/info?roomId=4"
time=2025-07-02T08:52:47.650+02:00 level=ERROR msg="[BACNET] Error reading temperature" device=1050 error="failed to execute request: Get \"http://localhost:5000/GetTemperature?DeviceId=1050&Port=47809\": context deadline exceeded (Client.Timeout exceeded while awaiting headers)"
time=2025-07-02T08:52:53.247+02:00 level=ERROR msg="[LUTRON] Error parsing response" command=?AREA,10,6 error="device returned error:  \r\n~ERROR,2\r\n\r\nQNET>"
[GIN] 2025/07/02 - 08:52:57 | 200 |            0s |             ::1 | GET      "/bacnet/info?roomId=4"
time=2025-07-02T08:52:57.243+02:00 level=ERROR msg="[LUTRON] Error parsing response" command=?AREA,8,6 error="device returned error:  \r\n~ERROR,2\r\n\r\nQNET>"
time=2025-07-02T08:52:57.651+02:00 level=ERROR msg="[BACNET] Error reading temperature" device=1050 error="failed to execute request: Get \"http://localhost:5000/GetTemperature?DeviceId=1050&Port=47809\": context deadline exceeded (Client.Timeout exceeded while awaiting headers)"
time=2025-07-02T08:53:05.157+02:00 level=ERROR msg="[LUTRON] Error parsing response" command=?AREA,9,6 error="device returned error:  \r\n~ERROR,2\r\n\r\nQNET>"
[GIN] 2025/07/02 - 08:53:07 | 200 |            0s |             ::1 | GET      "/bacnet/info?roomId=4"
time=2025-07-02T08:53:07.652+02:00 level=ERROR msg="[BACNET] Error reading temperature" device=1050 error="failed to execute request: Get \"http://localhost:5000/GetTemperature?DeviceId=1050&Port=47809\": context deadline exceeded (Client.Timeout exceeded while awaiting headers)"
[GIN] 2025/07/02 - 08:53:17 | 200 |            0s |             ::1 | GET      "/bacnet/info?roomId=4"
time=2025-07-02T08:53:17.184+02:00 level=ERROR msg="[LUTRON] Error parsing response" command=?AREA,10,6 error="device returned error:  \r\n~ERROR,2\r\n\r\nQNET>"
time=2025-07-02T08:53:17.652+02:00 level=ERROR msg="[BACNET] Error reading temperature" device=1050 error="failed to execute request: Get \"http://localhost:5000/GetTemperature?DeviceId=1050&Port=47809\": context deadline exceeded (Client.Timeout exceeded while awaiting headers)"
time=2025-07-02T08:53:21.181+02:00 level=ERROR msg="[LUTRON] Error parsing response" command=?AREA,8,6 error="device returned error:  \r\n~ERROR,2\r\n\r\nQNET>"
[GIN] 2025/07/02 - 08:53:27 | 200 |            0s |             ::1 | GET      "/bacnet/info?roomId=4"
time=2025-07-02T08:53:27.653+02:00 level=ERROR msg="[BACNET] Error reading temperature" device=1050 error="failed to execute request: Get \"http://localhost:5000/GetTemperature?DeviceId=1050&Port=47809\": context deadline exceeded (Client.Timeout exceeded while awaiting headers)"
time=2025-07-02T08:53:29.165+02:00 level=ERROR msg="[LUTRON] Error parsing response" command=?AREA,9,6 error="device returned error:  \r\n~ERROR,2\r\n\r\nQNET>"
[GIN] 2025/07/02 - 08:53:37 | 200 |            0s |             ::1 | GET      "/bacnet/info?roomId=4"
time=2025-07-02T08:53:37.654+02:00 level=ERROR msg="[BACNET] Error reading temperature" device=1050 error="failed to execute request: Get \"http://localhost:5000/GetTemperature?DeviceId=1050&Port=47809\": context deadline exceeded (Client.Timeout exceeded while awaiting headers)"
time=2025-07-02T08:53:41.174+02:00 level=ERROR msg="[LUTRON] Error parsing response" command=?AREA,10,6 error="device returned error:  \r\n~ERROR,2\r\n\r\nQNET>"
time=2025-07-02T08:53:45.191+02:00 level=ERROR msg="[LUTRON] Error parsing response" command=?AREA,8,6 error="device returned error:  \r\n~ERROR,2\r\n\r\nQNET>"
[GIN] 2025/07/02 - 08:53:47 | 200 |            0s |             ::1 | GET      "/bacnet/info?roomId=4"
time=2025-07-02T08:53:47.655+02:00 level=ERROR msg="[BACNET] Error reading temperature" device=1050 error="failed to execute request: Get \"http://localhost:5000/GetTemperature?DeviceId=1050&Port=47809\": context deadline exceeded (Client.Timeout exceeded while awaiting headers)"
time=2025-07-02T08:53:53.192+02:00 level=ERROR msg="[LUTRON] Error parsing response" command=?AREA,9,6 error="device returned error:  \r\n~ERROR,2\r\n\r\nQNET>"
[GIN] 2025/07/02 - 08:53:57 | 200 |            0s |             ::1 | GET      "/bacnet/info?roomId=4"
time=2025-07-02T08:53:57.657+02:00 level=ERROR msg="[BACNET] Error reading temperature" device=1050 error="failed to execute request: Get \"http://localhost:5000/GetTemperature?DeviceId=1050&Port=47809\": context deadline exceeded (Client.Timeout exceeded while awaiting headers)"
time=2025-07-02T08:54:05.221+02:00 level=ERROR msg="[LUTRON] Error parsing response" command=?AREA,10,6 error="device returned error:  \r\n~ERROR,2\r\n\r\nQNET>"
[GIN] 2025/07/02 - 08:54:07 | 200 |            0s |             ::1 | GET      "/bacnet/info?roomId=4"
time=2025-07-02T08:54:07.657+02:00 level=ERROR msg="[BACNET] Error reading temperature" device=1050 error="failed to execute request: Get \"http://localhost:5000/GetTemperature?DeviceId=1050&Port=47809\": context deadline exceeded (Client.Timeout exceeded while awaiting headers)"
time=2025-07-02T08:54:09.220+02:00 level=ERROR msg="[LUTRON] Error parsing response" command=?AREA,8,6 error="device returned error:  \r\n~ERROR,2\r\n\r\nQNET>"
[GIN] 2025/07/02 - 08:54:17 | 200 |            0s |             ::1 | GET      "/bacnet/info?roomId=4"
time=2025-07-02T08:54:17.226+02:00 level=ERROR msg="[LUTRON] Error parsing response" command=?AREA,9,6 error="device returned error:  \r\n~ERROR,2\r\n\r\nQNET>"
time=2025-07-02T08:54:17.659+02:00 level=ERROR msg="[BACNET] Error reading temperature" device=1050 error="failed to execute request: Get \"http://localhost:5000/GetTemperature?DeviceId=1050&Port=47809\": context deadline exceeded (Client.Timeout exceeded while awaiting headers)"
[GIN] 2025/07/02 - 08:54:27 | 200 |            0s |             ::1 | GET      "/bacnet/info?roomId=4"
time=2025-07-02T08:54:27.660+02:00 level=ERROR msg="[BACNET] Error reading temperature" device=1050 error="failed to execute request: Get \"http://localhost:5000/GetTemperature?DeviceId=1050&Port=47809\": context deadline exceeded (Client.Timeout exceeded while awaiting headers)"
time=2025-07-02T08:54:29.235+02:00 level=ERROR msg="[LUTRON] Error parsing response" command=?AREA,10,6 error="device returned error:  \r\n~ERROR,2\r\n\r\nQNET>"
time=2025-07-02T08:54:33.237+02:00 level=ERROR msg="[LUTRON] Error parsing response" command=?AREA,8,6 error="device returned error:  \r\n~ERROR,2\r\n\r\nQNET>"
[GIN] 2025/07/02 - 08:54:37 | 200 |            0s |             ::1 | GET      "/bacnet/info?roomId=4"
time=2025-07-02T08:54:37.662+02:00 level=ERROR msg="[BACNET] Error reading temperature" device=1050 error="failed to execute request: Get \"http://localhost:5000/GetTemperature?DeviceId=1050&Port=47809\": context deadline exceeded (Client.Timeout exceeded while awaiting headers)"
time=2025-07-02T08:54:41.252+02:00 level=ERROR msg="[LUTRON] Error parsing response" command=?AREA,9,6 error="device returned error:  \r\n~ERROR,2\r\n\r\nQNET>"
[GIN] 2025/07/02 - 08:54:47 | 200 |            0s |             ::1 | GET      "/bacnet/info?roomId=4"
time=2025-07-02T08:54:47.664+02:00 level=ERROR msg="[BACNET] Error reading temperature" device=1050 error="failed to execute request: Get \"http://localhost:5000/GetTemperature?DeviceId=1050&Port=47809\": context deadline exceeded (Client.Timeout exceeded while awaiting headers)"
time=2025-07-02T08:54:53.145+02:00 level=ERROR msg="[LUTRON] Error parsing response" command=?AREA,10,6 error="device returned error:  \r\n~ERROR,2\r\n\r\nQNET>"
[GIN] 2025/07/02 - 08:54:57 | 200 |       802.9µs |             ::1 | GET      "/bacnet/info?roomId=4"
time=2025-07-02T08:54:57.251+02:00 level=ERROR msg="[LUTRON] Error parsing response" command=?AREA,8,6 error="device returned error:  \r\n~ERROR,2\r\n\r\nQNET>"
time=2025-07-02T08:54:57.665+02:00 level=ERROR msg="[BACNET] Error reading temperature" device=1050 error="failed to execute request: Get \"http://localhost:5000/GetTemperature?DeviceId=1050&Port=47809\": context deadline exceeded (Client.Timeout exceeded while awaiting headers)"
time=2025-07-02T08:55:05.262+02:00 level=ERROR msg="[LUTRON] Error parsing response" command=?AREA,9,6 error="device returned error:  \r\n~ERROR,2\r\n\r\nQNET>"
[GIN] 2025/07/02 - 08:55:07 | 200 |            0s |             ::1 | GET      "/bacnet/info?roomId=4"
time=2025-07-02T08:55:07.667+02:00 level=ERROR msg="[BACNET] Error reading temperature" device=1050 error="failed to execute request: Get \"http://localhost:5000/GetTemperature?DeviceId=1050&Port=47809\": context deadline exceeded (Client.Timeout exceeded while awaiting headers)"
time=2025-07-02T08:55:17.155+02:00 level=ERROR msg="[LUTRON] Error parsing response" command=?AREA,10,6 error="device returned error:  \r\n~ERROR,2\r\n\r\nQNET>"
[GIN] 2025/07/02 - 08:55:17 | 200 |            0s |             ::1 | GET      "/bacnet/info?roomId=4"
time=2025-07-02T08:55:17.669+02:00 level=ERROR msg="[BACNET] Error reading temperature" device=1050 error="failed to execute request: Get \"http://localhost:5000/GetTemperature?DeviceId=1050&Port=47809\": context deadline exceeded (Client.Timeout exceeded while awaiting headers)"
time=2025-07-02T08:55:21.172+02:00 level=ERROR msg="[LUTRON] Error parsing response" command=?AREA,8,6 error="device returned error:  \r\n~ERROR,2\r\n\r\nQNET>"
[GIN] 2025/07/02 - 08:55:27 | 200 |       359.1µs |             ::1 | GET      "/bacnet/info?roomId=4"
time=2025-07-02T08:55:27.669+02:00 level=ERROR msg="[BACNET] Error reading temperature" device=1050 error="failed to execute request: Get \"http://localhost:5000/GetTemperature?DeviceId=1050&Port=47809\": context deadline exceeded (Client.Timeout exceeded while awaiting headers)"
time=2025-07-02T08:55:29.182+02:00 level=ERROR msg="[LUTRON] Error parsing response" command=?AREA,9,6 error="device returned error:  \r\n~ERROR,2\r\n\r\nQNET>"
[GIN] 2025/07/02 - 08:55:37 | 200 |       5.272ms |             ::1 | GET      "/bacnet/info?roomId=4"
time=2025-07-02T08:55:37.670+02:00 level=ERROR msg="[BACNET] Error reading temperature" device=1050 error="failed to execute request: Get \"http://localhost:5000/GetTemperature?DeviceId=1050&Port=47809\": context deadline exceeded (Client.Timeout exceeded while awaiting headers)"
time=2025-07-02T08:55:41.203+02:00 level=ERROR msg="[LUTRON] Error parsing response" command=?AREA,10,6 error="device returned error:  \r\n~ERROR,2\r\n\r\nQNET>"
time=2025-07-02T08:55:45.195+02:00 level=ERROR msg="[LUTRON] Error parsing response" command=?AREA,8,6 error="device returned error:  \r\n~ERROR,2\r\n\r\nQNET>"
[GIN] 2025/07/02 - 08:55:47 | 200 |            0s |             ::1 | GET      "/bacnet/info?roomId=4"
time=2025-07-02T08:55:47.672+02:00 level=ERROR msg="[BACNET] Error reading temperature" device=1050 error="failed to execute request: Get \"http://localhost:5000/GetTemperature?DeviceId=1050&Port=47809\": context deadline exceeded (Client.Timeout exceeded while awaiting headers)"
time=2025-07-02T08:55:53.214+02:00 level=ERROR msg="[LUTRON] Error parsing response" command=?AREA,9,6 error="device returned error:  \r\n~ERROR,2\r\n\r\nQNET>"
[GIN] 2025/07/02 - 08:55:57 | 200 |            0s |             ::1 | GET      "/bacnet/info?roomId=4"
time=2025-07-02T08:55:57.673+02:00 level=ERROR msg="[BACNET] Error reading temperature" device=1050 error="failed to execute request: Get \"http://localhost:5000/GetTemperature?DeviceId=1050&Port=47809\": context deadline exceeded (Client.Timeout exceeded while awaiting headers)"
time=2025-07-02T08:56:05.201+02:00 level=ERROR msg="[LUTRON] Error parsing response" command=?AREA,10,6 error="device returned error:  \r\n~ERROR,2\r\n\r\nQNET>"
[GIN] 2025/07/02 - 08:56:07 | 200 |            0s |             ::1 | GET      "/bacnet/info?roomId=4"
time=2025-07-02T08:56:07.674+02:00 level=ERROR msg="[BACNET] Error reading temperature" device=1050 error="failed to execute request: Get \"http://localhost:5000/GetTemperature?DeviceId=1050&Port=47809\": context deadline exceeded (Client.Timeout exceeded while awaiting headers)"
time=2025-07-02T08:56:09.209+02:00 level=ERROR msg="[LUTRON] Error parsing response" command=?AREA,8,6 error="device returned error:  \r\n~ERROR,2\r\n\r\nQNET>"
[GIN] 2025/07/02 - 08:56:17 | 200 |            0s |             ::1 | GET      "/bacnet/info?roomId=4"
time=2025-07-02T08:56:17.229+02:00 level=ERROR msg="[LUTRON] Error parsing response" command=?AREA,9,6 error="device returned error:  \r\n~ERROR,2\r\n\r\nQNET>"
time=2025-07-02T08:56:17.676+02:00 level=ERROR msg="[BACNET] Error reading temperature" device=1050 error="failed to execute request: Get \"http://localhost:5000/GetTemperature?DeviceId=1050&Port=47809\": context deadline exceeded (Client.Timeout exceeded while awaiting headers)"
[GIN] 2025/07/02 - 08:56:27 | 200 |            0s |             ::1 | GET      "/bacnet/info?roomId=4"
time=2025-07-02T08:56:27.678+02:00 level=ERROR msg="[BACNET] Error reading temperature" device=1050 error="failed to execute request: Get \"http://localhost:5000/GetTemperature?DeviceId=1050&Port=47809\": context deadline exceeded (Client.Timeout exceeded while awaiting headers)"
time=2025-07-02T08:56:29.239+02:00 level=ERROR msg="[LUTRON] Error parsing response" command=?AREA,10,6 error="device returned error:  \r\n~ERROR,2\r\n\r\nQNET>"
time=2025-07-02T08:56:33.252+02:00 level=ERROR msg="[LUTRON] Error parsing response" command=?AREA,8,6 error="device returned error:  \r\n~ERROR,2\r\n\r\nQNET>"
[GIN] 2025/07/02 - 08:56:37 | 200 |     12.8211ms |             ::1 | GET      "/bacnet/info?roomId=4"
time=2025-07-02T08:56:37.679+02:00 level=ERROR msg="[BACNET] Error reading temperature" device=1050 error="failed to execute request: Get \"http://localhost:5000/GetTemperature?DeviceId=1050&Port=47809\": context deadline exceeded (Client.Timeout exceeded while awaiting headers)"
time=2025-07-02T08:56:41.258+02:00 level=ERROR msg="[LUTRON] Error parsing response" command=?AREA,9,6 error="device returned error:  \r\n~ERROR,2\r\n\r\nQNET>"
[GIN] 2025/07/02 - 08:56:47 | 200 |            0s |             ::1 | GET      "/bacnet/info?roomId=4"
time=2025-07-02T08:56:47.680+02:00 level=ERROR msg="[BACNET] Error reading temperature" device=1050 error="failed to execute request: Get \"http://localhost:5000/GetTemperature?DeviceId=1050&Port=47809\": context deadline exceeded (Client.Timeout exceeded while awaiting headers)"
time=2025-07-02T08:56:53.156+02:00 level=ERROR msg="[LUTRON] Error parsing response" command=?AREA,10,6 error="device returned error:  \r\n~ERROR,2\r\n\r\nQNET>"
time=2025-07-02T08:56:57.160+02:00 level=ERROR msg="[LUTRON] Error parsing response" command=?AREA,8,6 error="device returned error:  \r\n~ERROR,2\r\n\r\nQNET>"
[GIN] 2025/07/02 - 08:56:57 | 200 |            0s |             ::1 | GET      "/bacnet/info?roomId=4"
time=2025-07-02T08:56:57.682+02:00 level=ERROR msg="[BACNET] Error reading temperature" device=1050 error="failed to execute request: Get \"http://localhost:5000/GetTemperature?DeviceId=1050&Port=47809\": context deadline exceeded (Client.Timeout exceeded while awaiting headers)"
time=2025-07-02T08:57:05.180+02:00 level=ERROR msg="[LUTRON] Error parsing response" command=?AREA,9,6 error="device returned error:  \r\n~ERROR,2\r\n\r\nQNET>"
[GIN] 2025/07/02 - 08:57:07 | 200 |            0s |             ::1 | GET      "/bacnet/info?roomId=4"
time=2025-07-02T08:57:07.683+02:00 level=ERROR msg="[BACNET] Error reading temperature" device=1050 error="failed to execute request: Get \"http://localhost:5000/GetTemperature?DeviceId=1050&Port=47809\": context deadline exceeded (Client.Timeout exceeded while awaiting headers)"
time=2025-07-02T08:57:17.186+02:00 level=ERROR msg="[LUTRON] Error parsing response" command=?AREA,10,6 error="device returned error:  \r\n~ERROR,2\r\n\r\nQNET>"
[GIN] 2025/07/02 - 08:57:17 | 200 |            0s |             ::1 | GET      "/bacnet/info?roomId=4"
time=2025-07-02T08:57:17.685+02:00 level=ERROR msg="[BACNET] Error reading temperature" device=1050 error="failed to execute request: Get \"http://localhost:5000/GetTemperature?DeviceId=1050&Port=47809\": context deadline exceeded (Client.Timeout exceeded while awaiting headers)"
time=2025-07-02T08:57:21.182+02:00 level=ERROR msg="[LUTRON] Error parsing response" command=?AREA,8,6 error="device returned error:  \r\n~ERROR,2\r\n\r\nQNET>"
[GIN] 2025/07/02 - 08:57:27 | 200 |            0s |             ::1 | GET      "/bacnet/info?roomId=4"
time=2025-07-02T08:57:27.686+02:00 level=ERROR msg="[BACNET] Error reading temperature" device=1050 error="failed to execute request: Get \"http://localhost:5000/GetTemperature?DeviceId=1050&Port=47809\": context deadline exceeded (Client.Timeout exceeded while awaiting headers)"
time=2025-07-02T08:57:29.195+02:00 level=ERROR msg="[LUTRON] Error parsing response" command=?AREA,9,6 error="device returned error:  \r\n~ERROR,2\r\n\r\nQNET>"
[GIN] 2025/07/02 - 08:57:37 | 200 |            0s |             ::1 | GET      "/bacnet/info?roomId=4"
time=2025-07-02T08:57:37.687+02:00 level=ERROR msg="[BACNET] Error reading temperature" device=1050 error="failed to execute request: Get \"http://localhost:5000/GetTemperature?DeviceId=1050&Port=47809\": context deadline exceeded (Client.Timeout exceeded while awaiting headers)"
time=2025-07-02T08:57:41.213+02:00 level=ERROR msg="[LUTRON] Error parsing response" command=?AREA,10,6 error="device returned error:  \r\n~ERROR,2\r\n\r\nQNET>"
time=2025-07-02T08:57:45.211+02:00 level=ERROR msg="[LUTRON] Error parsing response" command=?AREA,8,6 error="device returned error:  \r\n~ERROR,2\r\n\r\nQNET>"
[GIN] 2025/07/02 - 08:57:47 | 200 |            0s |             ::1 | GET      "/bacnet/info?roomId=4"
time=2025-07-02T08:57:47.689+02:00 level=ERROR msg="[BACNET] Error reading temperature" device=1050 error="failed to execute request: Get \"http://localhost:5000/GetTemperature?DeviceId=1050&Port=47809\": context deadline exceeded (Client.Timeout exceeded while awaiting headers)"
time=2025-07-02T08:57:53.225+02:00 level=ERROR msg="[LUTRON] Error parsing response" command=?AREA,9,6 error="device returned error:  \r\n~ERROR,2\r\n\r\nQNET>"
[GIN] 2025/07/02 - 08:57:57 | 200 |            0s |             ::1 | GET      "/bacnet/info?roomId=4"
time=2025-07-02T08:57:57.690+02:00 level=ERROR msg="[BACNET] Error reading temperature" device=1050 error="failed to execute request: Get \"http://localhost:5000/GetTemperature?DeviceId=1050&Port=47809\": context deadline exceeded (Client.Timeout exceeded while awaiting headers)"
time=2025-07-02T08:58:05.237+02:00 level=ERROR msg="[LUTRON] Error parsing response" command=?AREA,10,6 error="device returned error:  \r\n~ERROR,2\r\n\r\nQNET>"
[GIN] 2025/07/02 - 08:58:07 | 200 |            0s |             ::1 | GET      "/bacnet/info?roomId=4"
time=2025-07-02T08:58:07.691+02:00 level=ERROR msg="[BACNET] Error reading temperature" device=1050 error="failed to execute request: Get \"http://localhost:5000/GetTemperature?DeviceId=1050&Port=47809\": context deadline exceeded (Client.Timeout exceeded while awaiting headers)"
time=2025-07-02T08:58:09.249+02:00 level=ERROR msg="[LUTRON] Error parsing response" command=?AREA,8,6 error="device returned error:  \r\n~ERROR,2\r\n\r\nQNET>"
[GIN] 2025/07/02 - 08:58:17 | 200 |            0s |             ::1 | GET      "/bacnet/info?roomId=4"
time=2025-07-02T08:58:17.246+02:00 level=ERROR msg="[LUTRON] Error parsing response" command=?AREA,9,6 error="device returned error:  \r\n~ERROR,2\r\n\r\nQNET>"
time=2025-07-02T08:58:17.692+02:00 level=ERROR msg="[BACNET] Error reading temperature" device=1050 error="failed to execute request: Get \"http://localhost:5000/GetTemperature?DeviceId=1050&Port=47809\": context deadline exceeded (Client.Timeout exceeded while awaiting headers)"
[GIN] 2025/07/02 - 08:58:27 | 200 |            0s |             ::1 | GET      "/bacnet/info?roomId=4"
time=2025-07-02T08:58:27.693+02:00 level=ERROR msg="[BACNET] Error reading temperature" device=1050 error="failed to execute request: Get \"http://localhost:5000/GetTemperature?DeviceId=1050&Port=47809\": context deadline exceeded (Client.Timeout exceeded while awaiting headers)"
time=2025-07-02T08:58:29.147+02:00 level=ERROR msg="[LUTRON] Error parsing response" command=?AREA,10,6 error="device returned error:  \r\n~ERROR,2\r\n\r\nQNET>"
time=2025-07-02T08:58:33.250+02:00 level=ERROR msg="[LUTRON] Error parsing response" command=?AREA,8,6 error="device returned error:  \r\n~ERROR,2\r\n\r\nQNET>"
[GIN] 2025/07/02 - 08:58:37 | 200 |            0s |             ::1 | GET      "/bacnet/info?roomId=4"
time=2025-07-02T08:58:37.696+02:00 level=ERROR msg="[BACNET] Error reading temperature" device=1050 error="failed to execute request: Get \"http://localhost:5000/GetTemperature?DeviceId=1050&Port=47809\": context deadline exceeded (Client.Timeout exceeded while awaiting headers)"
time=2025-07-02T08:58:41.164+02:00 level=ERROR msg="[LUTRON] Error parsing response" command=?AREA,9,6 error="device returned error:  \r\n~ERROR,2\r\n\r\nQNET>"
[GIN] 2025/07/02 - 08:58:47 | 200 |            0s |             ::1 | GET      "/bacnet/info?roomId=4"
time=2025-07-02T08:58:47.697+02:00 level=ERROR msg="[BACNET] Error reading temperature" device=1050 error="failed to execute request: Get \"http://localhost:5000/GetTemperature?DeviceId=1050&Port=47809\": context deadline exceeded (Client.Timeout exceeded while awaiting headers)"
time=2025-07-02T08:58:53.170+02:00 level=ERROR msg="[LUTRON] Error parsing response" command=?AREA,10,6 error="device returned error:  \r\n~ERROR,2\r\n\r\nQNET>"
time=2025-07-02T08:58:57.179+02:00 level=ERROR msg="[LUTRON] Error parsing response" command=?AREA,8,6 error="device returned error:  \r\n~ERROR,2\r\n\r\nQNET>"
[GIN] 2025/07/02 - 08:58:57 | 200 |      9.8753ms |             ::1 | GET      "/bacnet/info?roomId=4"
time=2025-07-02T08:58:57.699+02:00 level=ERROR msg="[BACNET] Error reading temperature" device=1050 error="failed to execute request: Get \"http://localhost:5000/GetTemperature?DeviceId=1050&Port=47809\": context deadline exceeded (Client.Timeout exceeded while awaiting headers)"
time=2025-07-02T08:59:05.179+02:00 level=ERROR msg="[LUTRON] Error parsing response" command=?AREA,9,6 error="device returned error:  \r\n~ERROR,2\r\n\r\nQNET>"
[GIN] 2025/07/02 - 08:59:07 | 200 |            0s |             ::1 | GET      "/bacnet/info?roomId=4"
time=2025-07-02T08:59:07.700+02:00 level=ERROR msg="[BACNET] Error reading temperature" device=1050 error="failed to execute request: Get \"http://localhost:5000/GetTemperature?DeviceId=1050&Port=47809\": context deadline exceeded (Client.Timeout exceeded while awaiting headers)"
time=2025-07-02T08:59:17.181+02:00 level=ERROR msg="[LUTRON] Error parsing response" command=?AREA,10,6 error="device returned error:  \r\n~ERROR,2\r\n\r\nQNET>"
[GIN] 2025/07/02 - 08:59:17 | 200 |            0s |             ::1 | GET      "/bacnet/info?roomId=4"
time=2025-07-02T08:59:17.701+02:00 level=ERROR msg="[BACNET] Error reading temperature" device=1050 error="failed to execute request: Get \"http://localhost:5000/GetTemperature?DeviceId=1050&Port=47809\": context deadline exceeded (Client.Timeout exceeded while awaiting headers)"
time=2025-07-02T08:59:21.202+02:00 level=ERROR msg="[LUTRON] Error parsing response" command=?AREA,8,6 error="device returned error:  \r\n~ERROR,2\r\n\r\nQNET>"
[GIN] 2025/07/02 - 08:59:27 | 200 |            0s |             ::1 | GET      "/bacnet/info?roomId=4"
time=2025-07-02T08:59:27.701+02:00 level=ERROR msg="[BACNET] Error reading temperature" device=1050 error="failed to execute request: Get \"http://localhost:5000/GetTemperature?DeviceId=1050&Port=47809\": context deadline exceeded (Client.Timeout exceeded while awaiting headers)"
time=2025-07-02T08:59:29.218+02:00 level=ERROR msg="[LUTRON] Error parsing response" command=?AREA,9,6 error="device returned error:  \r\n~ERROR,2\r\n\r\nQNET>"
[GIN] 2025/07/02 - 08:59:37 | 200 |      1.6829ms |             ::1 | GET      "/bacnet/info?roomId=4"
time=2025-07-02T08:59:37.702+02:00 level=ERROR msg="[BACNET] Error reading temperature" device=1050 error="failed to execute request: Get \"http://localhost:5000/GetTemperature?DeviceId=1050&Port=47809\": context deadline exceeded (Client.Timeout exceeded while awaiting headers)"
time=2025-07-02T08:59:41.221+02:00 level=ERROR msg="[LUTRON] Error parsing response" command=?AREA,10,6 error="device returned error:  \r\n~ERROR,2\r\n\r\nQNET>"
time=2025-07-02T08:59:45.220+02:00 level=ERROR msg="[LUTRON] Error parsing response" command=?AREA,8,6 error="device returned error:  \r\n~ERROR,2\r\n\r\nQNET>"
[GIN] 2025/07/02 - 08:59:47 | 200 |            0s |             ::1 | GET      "/bacnet/info?roomId=4"
time=2025-07-02T08:59:47.703+02:00 level=ERROR msg="[BACNET] Error reading temperature" device=1050 error="failed to execute request: Get \"http://localhost:5000/GetTemperature?DeviceId=1050&Port=47809\": context deadline exceeded (Client.Timeout exceeded while awaiting headers)"
time=2025-07-02T08:59:53.240+02:00 level=ERROR msg="[LUTRON] Error parsing response" command=?AREA,9,6 error="device returned error:  \r\n~ERROR,2\r\n\r\nQNET>"
[GIN] 2025/07/02 - 08:59:57 | 200 |            0s |             ::1 | GET      "/bacnet/info?roomId=4"
time=2025-07-02T08:59:57.704+02:00 level=ERROR msg="[BACNET] Error reading temperature" device=1050 error="failed to execute request: Get \"http://localhost:5000/GetTemperature?DeviceId=1050&Port=47809\": context deadline exceeded (Client.Timeout exceeded while awaiting headers)"
time=2025-07-02T09:00:05.246+02:00 level=ERROR msg="[LUTRON] Error parsing response" command=?AREA,10,6 error="device returned error:  \r\n~ERROR,2\r\n\r\nQNET>"
[GIN] 2025/07/02 - 09:00:07 | 200 |            0s |             ::1 | GET      "/bacnet/info?roomId=4"
time=2025-07-02T09:00:07.705+02:00 level=ERROR msg="[BACNET] Error reading temperature" device=1050 error="failed to execute request: Get \"http://localhost:5000/GetTemperature?DeviceId=1050&Port=47809\": context deadline exceeded (Client.Timeout exceeded while awaiting headers)"
time=2025-07-02T09:00:09.241+02:00 level=ERROR msg="[LUTRON] Error parsing response" command=?AREA,8,6 error="device returned error:  \r\n~ERROR,2\r\n\r\nQNET>"
time=2025-07-02T09:00:17.154+02:00 level=ERROR msg="[LUTRON] Error parsing response" command=?AREA,9,6 error="device returned error:  \r\n~ERROR,2\r\n\r\nQNET>"
[GIN] 2025/07/02 - 09:00:17 | 200 |      4.9139ms |             ::1 | GET      "/bacnet/info?roomId=4"
time=2025-07-02T09:00:17.707+02:00 level=ERROR msg="[BACNET] Error reading temperature" device=1050 error="failed to execute request: Get \"http://localhost:5000/GetTemperature?DeviceId=1050&Port=47809\": context deadline exceeded (Client.Timeout exceeded while awaiting headers)"
[GIN] 2025/07/02 - 09:00:27 | 200 |            0s |             ::1 | GET      "/bacnet/info?roomId=4"
time=2025-07-02T09:00:27.709+02:00 level=ERROR msg="[BACNET] Error reading temperature" device=1050 error="failed to execute request: Get \"http://localhost:5000/GetTemperature?DeviceId=1050&Port=47809\": context deadline exceeded (Client.Timeout exceeded while awaiting headers)"
time=2025-07-02T09:00:29.164+02:00 level=ERROR msg="[LUTRON] Error parsing response" command=?AREA,10,6 error="device returned error:  \r\n~ERROR,2\r\n\r\nQNET>"
time=2025-07-02T09:00:33.172+02:00 level=ERROR msg="[LUTRON] Error parsing response" command=?AREA,8,6 error="device returned error:  \r\n~ERROR,2\r\n\r\nQNET>"
[GIN] 2025/07/02 - 09:00:37 | 200 |            0s |             ::1 | GET      "/bacnet/info?roomId=4"
time=2025-07-02T09:00:37.710+02:00 level=ERROR msg="[BACNET] Error reading temperature" device=1050 error="failed to execute request: Get \"http://localhost:5000/GetTemperature?DeviceId=1050&Port=47809\": context deadline exceeded (Client.Timeout exceeded while awaiting headers)"
time=2025-07-02T09:00:41.185+02:00 level=ERROR msg="[LUTRON] Error parsing response" command=?AREA,9,6 error="device returned error:  \r\n~ERROR,2\r\n\r\nQNET>"
[GIN] 2025/07/02 - 09:00:47 | 200 |      4.3924ms |             ::1 | GET      "/bacnet/info?roomId=4"
time=2025-07-02T09:00:47.712+02:00 level=ERROR msg="[BACNET] Error reading temperature" device=1050 error="failed to execute request: Get \"http://localhost:5000/GetTemperature?DeviceId=1050&Port=47809\": context deadline exceeded (Client.Timeout exceeded while awaiting headers)"
time=2025-07-02T09:00:53.201+02:00 level=ERROR msg="[LUTRON] Error parsing response" command=?AREA,10,6 error="device returned error:  \r\n~ERROR,2\r\n\r\nQNET>"
time=2025-07-02T09:00:57.193+02:00 level=ERROR msg="[LUTRON] Error parsing response" command=?AREA,8,6 error="device returned error:  \r\n~ERROR,2\r\n\r\nQNET>"
[GIN] 2025/07/02 - 09:00:57 | 200 |            0s |             ::1 | GET      "/bacnet/info?roomId=4"
time=2025-07-02T09:00:57.713+02:00 level=ERROR msg="[BACNET] Error reading temperature" device=1050 error="failed to execute request: Get \"http://localhost:5000/GetTemperature?DeviceId=1050&Port=47809\": context deadline exceeded (Client.Timeout exceeded while awaiting headers)"
time=2025-07-02T09:01:05.212+02:00 level=ERROR msg="[LUTRON] Error parsing response" command=?AREA,9,6 error="device returned error:  \r\n~ERROR,2\r\n\r\nQNET>"
[GIN] 2025/07/02 - 09:01:07 | 200 |            0s |             ::1 | GET      "/bacnet/info?roomId=4"
time=2025-07-02T09:01:07.714+02:00 level=ERROR msg="[BACNET] Error reading temperature" device=1050 error="failed to execute request: Get \"http://localhost:5000/GetTemperature?DeviceId=1050&Port=47809\": context deadline exceeded (Client.Timeout exceeded while awaiting headers)"
time=2025-07-02T09:01:17.222+02:00 level=ERROR msg="[LUTRON] Error parsing response" command=?AREA,10,6 error="device returned error:  \r\n~ERROR,2\r\n\r\nQNET>"
[GIN] 2025/07/02 - 09:01:17 | 200 |            0s |             ::1 | GET      "/bacnet/info?roomId=4"
time=2025-07-02T09:01:17.715+02:00 level=ERROR msg="[BACNET] Error reading temperature" device=1050 error="failed to execute request: Get \"http://localhost:5000/GetTemperature?DeviceId=1050&Port=47809\": context deadline exceeded (Client.Timeout exceeded while awaiting headers)"
time=2025-07-02T09:01:21.215+02:00 level=ERROR msg="[LUTRON] Error parsing response" command=?AREA,8,6 error="device returned error:  \r\n~ERROR,2\r\n\r\nQNET>"
[GIN] 2025/07/02 - 09:01:27 | 200 |            0s |             ::1 | GET      "/bacnet/info?roomId=4"
time=2025-07-02T09:01:27.717+02:00 level=ERROR msg="[BACNET] Error reading temperature" device=1050 error="failed to execute request: Get \"http://localhost:5000/GetTemperature?DeviceId=1050&Port=47809\": context deadline exceeded (Client.Timeout exceeded while awaiting headers)"
time=2025-07-02T09:01:29.229+02:00 level=ERROR msg="[LUTRON] Error parsing response" command=?AREA,9,6 error="device returned error:  \r\n~ERROR,2\r\n\r\nQNET>"
[GIN] 2025/07/02 - 09:01:37 | 200 |       2.884ms |             ::1 | GET      "/bacnet/info?roomId=4"
time=2025-07-02T09:01:37.718+02:00 level=ERROR msg="[BACNET] Error reading temperature" device=1050 error="failed to execute request: Get \"http://localhost:5000/GetTemperature?DeviceId=1050&Port=47809\": context deadline exceeded (Client.Timeout exceeded while awaiting headers)"
time=2025-07-02T09:01:41.240+02:00 level=ERROR msg="[LUTRON] Error parsing response" command=?AREA,10,6 error="device returned error:  \r\n~ERROR,2\r\n\r\nQNET>"
time=2025-07-02T09:01:45.244+02:00 level=ERROR msg="[LUTRON] Error parsing response" command=?AREA,8,6 error="device returned error:  \r\n~ERROR,2\r\n\r\nQNET>"
[GIN] 2025/07/02 - 09:01:47 | 200 |            0s |             ::1 | GET      "/bacnet/info?roomId=4"
time=2025-07-02T09:01:47.720+02:00 level=ERROR msg="[BACNET] Error reading temperature" device=1050 error="failed to execute request: Get \"http://localhost:5000/GetTemperature?DeviceId=1050&Port=47809\": context deadline exceeded (Client.Timeout exceeded while awaiting headers)"
time=2025-07-02T09:01:53.255+02:00 level=ERROR msg="[LUTRON] Error parsing response" command=?AREA,9,6 error="device returned error:  \r\n~ERROR,2\r\n\r\nQNET>"
[GIN] 2025/07/02 - 09:01:57 | 200 |      4.9332ms |             ::1 | GET      "/bacnet/info?roomId=4"
time=2025-07-02T09:01:57.722+02:00 level=ERROR msg="[BACNET] Error reading temperature" device=1050 error="failed to execute request: Get \"http://localhost:5000/GetTemperature?DeviceId=1050&Port=47809\": context deadline exceeded (Client.Timeout exceeded while awaiting headers)"
time=2025-07-02T09:02:05.156+02:00 level=ERROR msg="[LUTRON] Error parsing response" command=?AREA,10,6 error="device returned error:  \r\n~ERROR,2\r\n\r\nQNET>"
[GIN] 2025/07/02 - 09:02:07 | 200 |            0s |             ::1 | GET      "/bacnet/info?roomId=4"
time=2025-07-02T09:02:07.723+02:00 level=ERROR msg="[BACNET] Error reading temperature" device=1050 error="failed to execute request: Get \"http://localhost:5000/GetTemperature?DeviceId=1050&Port=47809\": context deadline exceeded (Client.Timeout exceeded while awaiting headers)"
time=2025-07-02T09:02:09.175+02:00 level=ERROR msg="[LUTRON] Error parsing response" command=?AREA,8,6 error="device returned error:  \r\n~ERROR,2\r\n\r\nQNET>"
time=2025-07-02T09:02:17.181+02:00 level=ERROR msg="[LUTRON] Error parsing response" command=?AREA,9,6 error="device returned error:  \r\n~ERROR,2\r\n\r\nQNET>"
[GIN] 2025/07/02 - 09:02:17 | 200 |            0s |             ::1 | GET      "/bacnet/info?roomId=4"
time=2025-07-02T09:02:17.724+02:00 level=ERROR msg="[BACNET] Error reading temperature" device=1050 error="failed to execute request: Get \"http://localhost:5000/GetTemperature?DeviceId=1050&Port=47809\": context deadline exceeded (Client.Timeout exceeded while awaiting headers)"
[GIN] 2025/07/02 - 09:02:27 | 200 |            0s |             ::1 | GET      "/bacnet/info?roomId=4"
time=2025-07-02T09:02:27.727+02:00 level=ERROR msg="[BACNET] Error reading temperature" device=1050 error="failed to execute request: Get \"http://localhost:5000/GetTemperature?DeviceId=1050&Port=47809\": context deadline exceeded (Client.Timeout exceeded while awaiting headers)"
time=2025-07-02T09:02:29.194+02:00 level=ERROR msg="[LUTRON] Error parsing response" command=?AREA,10,6 error="device returned error:  \r\n~ERROR,2\r\n\r\nQNET>"
time=2025-07-02T09:02:33.182+02:00 level=ERROR msg="[LUTRON] Error parsing response" command=?AREA,8,6 error="device returned error:  \r\n~ERROR,2\r\n\r\nQNET>"
[GIN] 2025/07/02 - 09:02:37 | 200 |            0s |             ::1 | GET      "/bacnet/info?roomId=4"
time=2025-07-02T09:02:37.728+02:00 level=ERROR msg="[BACNET] Error reading temperature" device=1050 error="failed to execute request: Get \"http://localhost:5000/GetTemperature?DeviceId=1050&Port=47809\": context deadline exceeded (Client.Timeout exceeded while awaiting headers)"
time=2025-07-02T09:02:41.193+02:00 level=ERROR msg="[LUTRON] Error parsing response" command=?AREA,9,6 error="device returned error:  \r\n~ERROR,2\r\n\r\nQNET>"
[GIN] 2025/07/02 - 09:02:47 | 200 |            0s |             ::1 | GET      "/bacnet/info?roomId=4"
time=2025-07-02T09:02:47.730+02:00 level=ERROR msg="[BACNET] Error reading temperature" device=1050 error="failed to execute request: Get \"http://localhost:5000/GetTemperature?DeviceId=1050&Port=47809\": context deadline exceeded (Client.Timeout exceeded while awaiting headers)"
time=2025-07-02T09:02:53.192+02:00 level=ERROR msg="[LUTRON] Error parsing response" command=?AREA,10,6 error="device returned error:  \r\n~ERROR,2\r\n\r\nQNET>"
time=2025-07-02T09:02:57.216+02:00 level=ERROR msg="[LUTRON] Error parsing response" command=?AREA,8,6 error="device returned error:  \r\n~ERROR,2\r\n\r\nQNET>"
[GIN] 2025/07/02 - 09:02:57 | 200 |            0s |             ::1 | GET      "/bacnet/info?roomId=4"
time=2025-07-02T09:02:57.731+02:00 level=ERROR msg="[BACNET] Error reading temperature" device=1050 error="failed to execute request: Get \"http://localhost:5000/GetTemperature?DeviceId=1050&Port=47809\": context deadline exceeded (Client.Timeout exceeded while awaiting headers)"
time=2025-07-02T09:03:05.208+02:00 level=ERROR msg="[LUTRON] Error parsing response" command=?AREA,9,6 error="device returned error:  \r\n~ERROR,2\r\n\r\nQNET>"
[GIN] 2025/07/02 - 09:03:07 | 200 |            0s |             ::1 | GET      "/bacnet/info?roomId=4"
time=2025-07-02T09:03:07.733+02:00 level=ERROR msg="[BACNET] Error reading temperature" device=1050 error="failed to execute request: Get \"http://localhost:5000/GetTemperature?DeviceId=1050&Port=47809\": context deadline exceeded (Client.Timeout exceeded while awaiting headers)"
time=2025-07-02T09:03:17.233+02:00 level=ERROR msg="[LUTRON] Error parsing response" command=?AREA,10,6 error="device returned error:  \r\n~ERROR,2\r\n\r\nQNET>"
[GIN] 2025/07/02 - 09:03:17 | 200 |            0s |             ::1 | GET      "/bacnet/info?roomId=4"
time=2025-07-02T09:03:17.735+02:00 level=ERROR msg="[BACNET] Error reading temperature" device=1050 error="failed to execute request: Get \"http://localhost:5000/GetTemperature?DeviceId=1050&Port=47809\": context deadline exceeded (Client.Timeout exceeded while awaiting headers)"
time=2025-07-02T09:03:21.222+02:00 level=ERROR msg="[LUTRON] Error parsing response" command=?AREA,8,6 error="device returned error:  \r\n~ERROR,2\r\n\r\nQNET>"
[GIN] 2025/07/02 - 09:03:27 | 200 |            0s |             ::1 | GET      "/bacnet/info?roomId=4"
time=2025-07-02T09:03:27.736+02:00 level=ERROR msg="[BACNET] Error reading temperature" device=1050 error="failed to execute request: Get \"http://localhost:5000/GetTemperature?DeviceId=1050&Port=47809\": context deadline exceeded (Client.Timeout exceeded while awaiting headers)"
time=2025-07-02T09:03:29.240+02:00 level=ERROR msg="[LUTRON] Error parsing response" command=?AREA,9,6 error="device returned error:  \r\n~ERROR,2\r\n\r\nQNET>"
[GIN] 2025/07/02 - 09:03:37 | 200 |            0s |             ::1 | GET      "/bacnet/info?roomId=4"
time=2025-07-02T09:03:37.737+02:00 level=ERROR msg="[BACNET] Error reading temperature" device=1050 error="failed to execute request: Get \"http://localhost:5000/GetTemperature?DeviceId=1050&Port=47809\": context deadline exceeded (Client.Timeout exceeded while awaiting headers)"
time=2025-07-02T09:03:41.262+02:00 level=ERROR msg="[LUTRON] Error parsing response" command=?AREA,10,6 error="device returned error:  \r\n~ERROR,2\r\n\r\nQNET>"
time=2025-07-02T09:03:45.154+02:00 level=ERROR msg="[LUTRON] Error parsing response" command=?AREA,8,6 error="device returned error:  \r\n~ERROR,2\r\n\r\nQNET>"
[GIN] 2025/07/02 - 09:03:47 | 200 |            0s |             ::1 | GET      "/bacnet/info?roomId=4"
time=2025-07-02T09:03:47.738+02:00 level=ERROR msg="[BACNET] Error reading temperature" device=1050 error="failed to execute request: Get \"http://localhost:5000/GetTemperature?DeviceId=1050&Port=47809\": context deadline exceeded (Client.Timeout exceeded while awaiting headers)"
time=2025-07-02T09:03:53.160+02:00 level=ERROR msg="[LUTRON] Error parsing response" command=?AREA,9,6 error="device returned error:  \r\n~ERROR,2\r\n\r\nQNET>"
[GIN] 2025/07/02 - 09:03:57 | 200 |            0s |             ::1 | GET      "/bacnet/info?roomId=4"
time=2025-07-02T09:03:57.739+02:00 level=ERROR msg="[BACNET] Error reading temperature" device=1050 error="failed to execute request: Get \"http://localhost:5000/GetTemperature?DeviceId=1050&Port=47809\": context deadline exceeded (Client.Timeout exceeded while awaiting headers)"
time=2025-07-02T09:04:05.159+02:00 level=ERROR msg="[LUTRON] Error parsing response" command=?AREA,10,6 error="device returned error:  \r\n~ERROR,2\r\n\r\nQNET>"
[GIN] 2025/07/02 - 09:04:07 | 200 |            0s |             ::1 | GET      "/bacnet/info?roomId=4"
time=2025-07-02T09:04:07.741+02:00 level=ERROR msg="[BACNET] Error reading temperature" device=1050 error="failed to execute request: Get \"http://localhost:5000/GetTemperature?DeviceId=1050&Port=47809\": context deadline exceeded (Client.Timeout exceeded while awaiting headers)"
time=2025-07-02T09:04:09.165+02:00 level=ERROR msg="[LUTRON] Error parsing response" command=?AREA,8,6 error="device returned error:  \r\n~ERROR,2\r\n\r\nQNET>"
time=2025-07-02T09:04:17.176+02:00 level=ERROR msg="[LUTRON] Error parsing response" command=?AREA,9,6 error="device returned error:  \r\n~ERROR,2\r\n\r\nQNET>"
[GIN] 2025/07/02 - 09:04:17 | 200 |            0s |             ::1 | GET      "/bacnet/info?roomId=4"
time=2025-07-02T09:04:17.742+02:00 level=ERROR msg="[BACNET] Error reading temperature" device=1050 error="failed to execute request: Get \"http://localhost:5000/GetTemperature?DeviceId=1050&Port=47809\": context deadline exceeded (Client.Timeout exceeded while awaiting headers)"
