time=2025-06-30T12:33:26.967+02:00 level=INFO msg="Server starting" time=2025-06-30T12:33:26+02:00
time=2025-06-30T12:33:26.968+02:00 level=INFO msg="[SERVER] Loaded config."
time=2025-06-30T12:33:26.968+02:00 level=INFO msg="[LUTRON] Lutron cache initialized"
time=2025-06-30T12:33:27.037+02:00 level=INFO msg=[WEBSOCKET] "connection established"=true
time=2025-06-30T12:33:27.040+02:00 level=WARN msg=[WEBSOCKET] "policy violation, not reconnecting"="websocket: close 1008 (policy violation): connection already exists"
time=2025-06-30T12:33:27.040+02:00 level=INFO msg=[WEBSOCKET] "read routine ending, reconnect"=false
time=2025-06-30T12:33:27.042+02:00 level=ERROR msg=[WEBSOCKET] "Write close error"="websocket: close sent"
time=2025-06-30T12:33:27.475+02:00 level=INFO msg="[LUTRON] Lutron routine started"
time=2025-06-30T12:33:27.475+02:00 level=INFO msg="[BACNET] Bacnet cache initialized"
time=2025-06-30T12:33:27.475+02:00 level=INFO msg="[LUTRON] Read routine started"
time=2025-06-30T12:33:27.476+02:00 level=INFO msg="[BACNET] Bacnet routine started"
time=2025-06-30T12:33:27.476+02:00 level=INFO msg="[BACNET] Read routine started"
time=2025-06-30T12:33:27.476+02:00 level=INFO msg="[CYVIZ] Initialized Cyviz Cache"
time=2025-06-30T12:33:27.480+02:00 level=INFO msg="[CYVIZ] Cyviz routine started" roomId=4 ip=172.31.105.10:15555
time=2025-06-30T12:33:27.481+02:00 level=INFO msg="[CYVIZ] Read routine started" roomId=4
time=2025-06-30T12:33:27.485+02:00 level=INFO msg="[CYVIZ] Cyviz routine started" roomId=3 ip=10.10.100.2:15555
time=2025-06-30T12:33:27.485+02:00 level=INFO msg="[CYVIZ] Read routine started" roomId=3
time=2025-06-30T12:33:32.169+02:00 level=ERROR msg="[LUTRON] Error parsing response" command=?AREA,8,6 error="device returned error:  connection established\r\n~ERROR,2\r\n\r\nQNET>"
time=2025-06-30T12:33:40.171+02:00 level=ERROR msg="[LUTRON] Error parsing response" command=?AREA,9,6 error="device returned error:  \r\n~ERROR,2\r\n\r\nQNET>"
time=2025-06-30T12:33:52.190+02:00 level=ERROR msg="[LUTRON] Error parsing response" command=?AREA,10,6 error="device returned error:  \r\n~ERROR,2\r\n\r\nQNET>"
time=2025-06-30T12:33:56.163+02:00 level=ERROR msg="[LUTRON] Error parsing response" command=?AREA,8,6 error="device returned error:  \r\n~ERROR,2\r\n\r\nQNET>"
time=2025-06-30T12:34:04.185+02:00 level=ERROR msg="[LUTRON] Error parsing response" command=?AREA,9,6 error="device returned error:  \r\n~ERROR,2\r\n\r\nQNET>"
time=2025-06-30T12:34:16.088+02:00 level=ERROR msg="[LUTRON] Error parsing response" command=?AREA,10,6 error="device returned error:  \r\n~ERROR,2\r\n\r\nQNET>"
[GIN] 2025/06/30 - 12:34:17 | 200 |            0s |             ::1 | GET      "/bacnet/info?roomId=4"
time=2025-06-30T12:34:20.117+02:00 level=ERROR msg="[LUTRON] Error parsing response" command=?AREA,8,6 error="device returned error:  \r\n~ERROR,2\r\n\r\nQNET>"
[GIN] 2025/06/30 - 12:34:22 | 200 |            0s |             ::1 | GET      "/bacnet/info?roomId=4"
time=2025-06-30T12:34:28.113+02:00 level=ERROR msg="[LUTRON] Error parsing response" command=?AREA,9,6 error="device returned error:  \r\n~ERROR,2\r\n\r\nQNET>"
time=2025-06-30T12:34:40.121+02:00 level=ERROR msg="[LUTRON] Error parsing response" command=?AREA,10,6 error="device returned error:  \r\n~ERROR,2\r\n\r\nQNET>"
time=2025-06-30T12:34:44.140+02:00 level=ERROR msg="[LUTRON] Error parsing response" command=?AREA,8,6 error="device returned error:  \r\n~ERROR,2\r\n\r\nQNET>"
time=2025-06-30T12:34:52.139+02:00 level=ERROR msg="[LUTRON] Error parsing response" command=?AREA,9,6 error="device returned error:  \r\n~ERROR,2\r\n\r\nQNET>"
[GIN] 2025/06/30 - 12:34:57 | 404 |            0s |             ::1 | GET      "/cyviz/info"
[GIN] 2025/06/30 - 12:35:00 | 404 |            0s |             ::1 | GET      "/cyviz/info?roomId=4"
time=2025-06-30T12:35:04.137+02:00 level=ERROR msg="[LUTRON] Error parsing response" command=?AREA,10,6 error="device returned error:  \r\n~ERROR,2\r\n\r\nQNET>"
[GIN] 2025/06/30 - 12:35:07 | 404 |            0s |             ::1 | GET      "/cyviz/status?roomId=4"
time=2025-06-30T12:35:08.145+02:00 level=ERROR msg="[LUTRON] Error parsing response" command=?AREA,8,6 error="device returned error:  \r\n~ERROR,2\r\n\r\nQNET>"
time=2025-06-30T12:35:16.159+02:00 level=ERROR msg="[LUTRON] Error parsing response" command=?AREA,9,6 error="device returned error:  \r\n~ERROR,2\r\n\r\nQNET>"
time=2025-06-30T12:35:28.169+02:00 level=ERROR msg="[LUTRON] Error parsing response" command=?AREA,10,6 error="device returned error:  \r\n~ERROR,2\r\n\r\nQNET>"
[GIN] 2025/06/30 - 12:35:30 | 200 |            0s |             ::1 | GET      "/cyviz/avinput?roomId=4"
time=2025-06-30T12:35:32.080+02:00 level=ERROR msg="[LUTRON] Error parsing response" command=?AREA,8,6 error="device returned error:  \r\n~ERROR,2\r\n\r\nQNET>"
[GIN] 2025/06/30 - 12:35:39 | 200 |            0s |             ::1 | GET      "/cyviz/avinput?roomId=4"
time=2025-06-30T12:35:40.089+02:00 level=ERROR msg="[LUTRON] Error parsing response" command=?AREA,9,6 error="device returned error:  \r\n~ERROR,2\r\n\r\nQNET>"
[GIN] 2025/06/30 - 12:35:44 | 200 |            0s |             ::1 | GET      "/cyviz/avinput?roomId=4"
[GIN] 2025/06/30 - 12:35:51 | 500 |            0s |             ::1 | GET      "/cyviz/avinput?roomId=6"
time=2025-06-30T12:35:52.089+02:00 level=ERROR msg="[LUTRON] Error parsing response" command=?AREA,10,6 error="device returned error:  \r\n~ERROR,2\r\n\r\nQNET>"
[GIN] 2025/06/30 - 12:35:54 | 500 |            0s |             ::1 | GET      "/cyviz/avinput?roomId=7"
time=2025-06-30T12:35:56.092+02:00 level=ERROR msg="[LUTRON] Error parsing response" command=?AREA,8,6 error="device returned error:  \r\n~ERROR,2\r\n\r\nQNET>"
[GIN] 2025/06/30 - 12:35:57 | 500 |            0s |             ::1 | GET      "/cyviz/avinput?roomId=8"
[GIN] 2025/06/30 - 12:36:00 | 500 |            0s |             ::1 | GET      "/cyviz/avinput?roomId=0"
[GIN] 2025/06/30 - 12:36:03 | 500 |            0s |             ::1 | GET      "/cyviz/avinput?roomId=1"
time=2025-06-30T12:36:04.100+02:00 level=ERROR msg="[LUTRON] Error parsing response" command=?AREA,9,6 error="device returned error:  \r\n~ERROR,2\r\n\r\nQNET>"
[GIN] 2025/06/30 - 12:36:06 | 500 |            0s |             ::1 | GET      "/cyviz/avinput?roomId=2"
[GIN] 2025/06/30 - 12:36:09 | 200 |      3.1427ms |             ::1 | GET      "/cyviz/avinput?roomId=3"
[GIN] 2025/06/30 - 12:36:13 | 200 |            0s |             ::1 | GET      "/cyviz/avinput?roomId=4"
time=2025-06-30T12:36:16.110+02:00 level=ERROR msg="[LUTRON] Error parsing response" command=?AREA,10,6 error="device returned error:  \r\n~ERROR,2\r\n\r\nQNET>"
[GIN] 2025/06/30 - 12:36:17 | 200 |            0s |             ::1 | GET      "/cyviz/avinput?roomId=3"
time=2025-06-30T12:36:20.121+02:00 level=ERROR msg="[LUTRON] Error parsing response" command=?AREA,8,6 error="device returned error:  \r\n~ERROR,2\r\n\r\nQNET>"
time=2025-06-30T12:36:28.123+02:00 level=ERROR msg="[LUTRON] Error parsing response" command=?AREA,9,6 error="device returned error:  \r\n~ERROR,2\r\n\r\nQNET>"
time=2025-06-30T12:36:40.139+02:00 level=ERROR msg="[LUTRON] Error parsing response" command=?AREA,10,6 error="device returned error:  \r\n~ERROR,2\r\n\r\nQNET>"
time=2025-06-30T12:36:44.141+02:00 level=ERROR msg="[LUTRON] Error parsing response" command=?AREA,8,6 error="device returned error:  \r\n~ERROR,2\r\n\r\nQNET>"
[GIN] 2025/06/30 - 12:36:51 | 404 |            0s |             ::1 | GET      "/lutron/modes?roomId=4"
time=2025-06-30T12:36:52.145+02:00 level=ERROR msg="[LUTRON] Error parsing response" command=?AREA,9,6 error="device returned error:  \r\n~ERROR,2\r\n\r\nQNET>"
time=2025-06-30T12:37:04.151+02:00 level=ERROR msg="[LUTRON] Error parsing response" command=?AREA,10,6 error="device returned error:  \r\n~ERROR,2\r\n\r\nQNET>"
time=2025-06-30T12:37:08.148+02:00 level=ERROR msg="[LUTRON] Error parsing response" command=?AREA,8,6 error="device returned error:  \r\n~ERROR,2\r\n\r\nQNET>"
[GIN] 2025/06/30 - 12:37:14 | 200 |            0s |             ::1 | GET      "/modes?roomId=4"
time=2025-06-30T12:37:16.172+02:00 level=ERROR msg="[LUTRON] Error parsing response" command=?AREA,9,6 error="device returned error:  \r\n~ERROR,2\r\n\r\nQNET>"
time=2025-06-30T12:37:28.177+02:00 level=ERROR msg="[LUTRON] Error parsing response" command=?AREA,10,6 error="device returned error:  \r\n~ERROR,2\r\n\r\nQNET>"
time=2025-06-30T12:37:32.180+02:00 level=ERROR msg="[LUTRON] Error parsing response" command=?AREA,8,6 error="device returned error:  \r\n~ERROR,2\r\n\r\nQNET>"
time=2025-06-30T12:37:40.089+02:00 level=ERROR msg="[LUTRON] Error parsing response" command=?AREA,9,6 error="device returned error:  \r\n~ERROR,2\r\n\r\nQNET>"
time=2025-06-30T12:37:52.110+02:00 level=ERROR msg="[LUTRON] Error parsing response" command=?AREA,10,6 error="device returned error:  \r\n~ERROR,2\r\n\r\nQNET>"
time=2025-06-30T12:37:56.099+02:00 level=ERROR msg="[LUTRON] Error parsing response" command=?AREA,8,6 error="device returned error:  \r\n~ERROR,2\r\n\r\nQNET>"
time=2025-06-30T12:38:04.107+02:00 level=ERROR msg="[LUTRON] Error parsing response" command=?AREA,9,6 error="device returned error:  \r\n~ERROR,2\r\n\r\nQNET>"
time=2025-06-30T12:38:16.125+02:00 level=ERROR msg="[LUTRON] Error parsing response" command=?AREA,10,6 error="device returned error:  \r\n~ERROR,2\r\n\r\nQNET>"
time=2025-06-30T12:38:20.115+02:00 level=ERROR msg="[LUTRON] Error parsing response" command=?AREA,8,6 error="device returned error:  \r\n~ERROR,2\r\n\r\nQNET>"
time=2025-06-30T12:38:28.127+02:00 level=ERROR msg="[LUTRON] Error parsing response" command=?AREA,9,6 error="device returned error:  \r\n~ERROR,2\r\n\r\nQNET>"
time=2025-06-30T12:38:40.141+02:00 level=ERROR msg="[LUTRON] Error parsing response" command=?AREA,10,6 error="device returned error:  \r\n~ERROR,2\r\n\r\nQNET>"
time=2025-06-30T12:38:44.144+02:00 level=ERROR msg="[LUTRON] Error parsing response" command=?AREA,8,6 error="device returned error:  \r\n~ERROR,2\r\n\r\nQNET>"
time=2025-06-30T12:38:52.173+02:00 level=ERROR msg="[LUTRON] Error parsing response" command=?AREA,9,6 error="device returned error:  \r\n~ERROR,2\r\n\r\nQNET>"
time=2025-06-30T12:39:04.171+02:00 level=ERROR msg="[LUTRON] Error parsing response" command=?AREA,10,6 error="device returned error:  \r\n~ERROR,2\r\n\r\nQNET>"
time=2025-06-30T12:39:08.188+02:00 level=ERROR msg="[LUTRON] Error parsing response" command=?AREA,8,6 error="device returned error:  \r\n~ERROR,2\r\n\r\nQNET>"
time=2025-06-30T12:39:16.084+02:00 level=ERROR msg="[LUTRON] Error parsing response" command=?AREA,9,6 error="device returned error:  \r\n~ERROR,2\r\n\r\nQNET>"
time=2025-06-30T12:39:28.083+02:00 level=ERROR msg="[LUTRON] Error parsing response" command=?AREA,10,6 error="device returned error:  \r\n~ERROR,2\r\n\r\nQNET>"
time=2025-06-30T12:39:32.101+02:00 level=ERROR msg="[LUTRON] Error parsing response" command=?AREA,8,6 error="device returned error:  \r\n~ERROR,2\r\n\r\nQNET>"
time=2025-06-30T12:39:40.121+02:00 level=ERROR msg="[LUTRON] Error parsing response" command=?AREA,9,6 error="device returned error:  \r\n~ERROR,2\r\n\r\nQNET>"
time=2025-06-30T12:39:52.119+02:00 level=ERROR msg="[LUTRON] Error parsing response" command=?AREA,10,6 error="device returned error:  \r\n~ERROR,2\r\n\r\nQNET>"
time=2025-06-30T12:39:56.109+02:00 level=ERROR msg="[LUTRON] Error parsing response" command=?AREA,8,6 error="device returned error:  \r\n~ERROR,2\r\n\r\nQNET>"
time=2025-06-30T12:40:04.127+02:00 level=ERROR msg="[LUTRON] Error parsing response" command=?AREA,9,6 error="device returned error:  \r\n~ERROR,2\r\n\r\nQNET>"
time=2025-06-30T12:40:16.119+02:00 level=ERROR msg="[LUTRON] Error parsing response" command=?AREA,10,6 error="device returned error:  \r\n~ERROR,2\r\n\r\nQNET>"
time=2025-06-30T12:40:20.128+02:00 level=ERROR msg="[LUTRON] Error parsing response" command=?AREA,8,6 error="device returned error:  \r\n~ERROR,2\r\n\r\nQNET>"
time=2025-06-30T12:40:28.143+02:00 level=ERROR msg="[LUTRON] Error parsing response" command=?AREA,9,6 error="device returned error:  \r\n~ERROR,2\r\n\r\nQNET>"
time=2025-06-30T12:40:40.152+02:00 level=ERROR msg="[LUTRON] Error parsing response" command=?AREA,10,6 error="device returned error:  \r\n~ERROR,2\r\n\r\nQNET>"
time=2025-06-30T12:40:44.167+02:00 level=ERROR msg="[LUTRON] Error parsing response" command=?AREA,8,6 error="device returned error:  \r\n~ERROR,2\r\n\r\nQNET>"
time=2025-06-30T12:40:52.157+02:00 level=ERROR msg="[LUTRON] Error parsing response" command=?AREA,9,6 error="device returned error:  \r\n~ERROR,2\r\n\r\nQNET>"
time=2025-06-30T12:41:04.177+02:00 level=ERROR msg="[LUTRON] Error parsing response" command=?AREA,10,6 error="device returned error:  \r\n~ERROR,2\r\n\r\nQNET>"
time=2025-06-30T12:41:08.168+02:00 level=ERROR msg="[LUTRON] Error parsing response" command=?AREA,8,6 error="device returned error:  \r\n~ERROR,2\r\n\r\nQNET>"
time=2025-06-30T12:41:16.087+02:00 level=ERROR msg="[LUTRON] Error parsing response" command=?AREA,9,6 error="device returned error:  \r\n~ERROR,2\r\n\r\nQNET>"
time=2025-06-30T12:41:28.096+02:00 level=ERROR msg="[LUTRON] Error parsing response" command=?AREA,10,6 error="device returned error:  \r\n~ERROR,2\r\n\r\nQNET>"
time=2025-06-30T12:41:32.117+02:00 level=ERROR msg="[LUTRON] Error parsing response" command=?AREA,8,6 error="device returned error:  \r\n~ERROR,2\r\n\r\nQNET>"
time=2025-06-30T12:41:40.111+02:00 level=ERROR msg="[LUTRON] Error parsing response" command=?AREA,9,6 error="device returned error:  \r\n~ERROR,2\r\n\r\nQNET>"
time=2025-06-30T12:41:52.114+02:00 level=ERROR msg="[LUTRON] Error parsing response" command=?AREA,10,6 error="device returned error:  \r\n~ERROR,2\r\n\r\nQNET>"
time=2025-06-30T12:41:56.116+02:00 level=ERROR msg="[LUTRON] Error parsing response" command=?AREA,8,6 error="device returned error:  \r\n~ERROR,2\r\n\r\nQNET>"
time=2025-06-30T12:42:04.117+02:00 level=ERROR msg="[LUTRON] Error parsing response" command=?AREA,9,6 error="device returned error:  \r\n~ERROR,2\r\n\r\nQNET>"
time=2025-06-30T12:42:16.149+02:00 level=ERROR msg="[LUTRON] Error parsing response" command=?AREA,10,6 error="device returned error:  \r\n~ERROR,2\r\n\r\nQNET>"
time=2025-06-30T12:42:20.144+02:00 level=ERROR msg="[LUTRON] Error parsing response" command=?AREA,8,6 error="device returned error:  \r\n~ERROR,2\r\n\r\nQNET>"
time=2025-06-30T12:42:28.149+02:00 level=ERROR msg="[LUTRON] Error parsing response" command=?AREA,9,6 error="device returned error:  \r\n~ERROR,2\r\n\r\nQNET>"
time=2025-06-30T12:42:40.184+02:00 level=ERROR msg="[LUTRON] Error parsing response" command=?AREA,10,6 error="device returned error:  \r\n~ERROR,2\r\n\r\nQNET>"
time=2025-06-30T12:42:44.166+02:00 level=ERROR msg="[LUTRON] Error parsing response" command=?AREA,8,6 error="device returned error:  \r\n~ERROR,2\r\n\r\nQNET>"
time=2025-06-30T12:42:52.185+02:00 level=ERROR msg="[LUTRON] Error parsing response" command=?AREA,9,6 error="device returned error:  \r\n~ERROR,2\r\n\r\nQNET>"
time=2025-06-30T12:43:04.191+02:00 level=ERROR msg="[LUTRON] Error parsing response" command=?AREA,10,6 error="device returned error:  \r\n~ERROR,2\r\n\r\nQNET>"
time=2025-06-30T12:43:08.191+02:00 level=ERROR msg="[LUTRON] Error parsing response" command=?AREA,8,6 error="device returned error:  \r\n~ERROR,2\r\n\r\nQNET>"
time=2025-06-30T12:43:16.081+02:00 level=ERROR msg="[LUTRON] Error parsing response" command=?AREA,9,6 error="device returned error:  \r\n~ERROR,2\r\n\r\nQNET>"
time=2025-06-30T12:43:28.113+02:00 level=ERROR msg="[LUTRON] Error parsing response" command=?AREA,10,6 error="device returned error:  \r\n~ERROR,2\r\n\r\nQNET>"
time=2025-06-30T12:43:32.101+02:00 level=ERROR msg="[LUTRON] Error parsing response" command=?AREA,8,6 error="device returned error:  \r\n~ERROR,2\r\n\r\nQNET>"
time=2025-06-30T12:43:40.106+02:00 level=ERROR msg="[LUTRON] Error parsing response" command=?AREA,9,6 error="device returned error:  \r\n~ERROR,2\r\n\r\nQNET>"
time=2025-06-30T12:43:52.148+02:00 level=ERROR msg="[LUTRON] Error parsing response" command=?AREA,10,6 error="device returned error:  \r\n~ERROR,2\r\n\r\nQNET>"
time=2025-06-30T12:43:56.127+02:00 level=ERROR msg="[LUTRON] Error parsing response" command=?AREA,8,6 error="device returned error:  \r\n~ERROR,2\r\n\r\nQNET>"
time=2025-06-30T12:44:04.137+02:00 level=ERROR msg="[LUTRON] Error parsing response" command=?AREA,9,6 error="device returned error:  \r\n~ERROR,2\r\n\r\nQNET>"
time=2025-06-30T12:44:16.157+02:00 level=ERROR msg="[LUTRON] Error parsing response" command=?AREA,10,6 error="device returned error:  \r\n~ERROR,2\r\n\r\nQNET>"
time=2025-06-30T12:44:20.142+02:00 level=ERROR msg="[LUTRON] Error parsing response" command=?AREA,8,6 error="device returned error:  \r\n~ERROR,2\r\n\r\nQNET>"
time=2025-06-30T12:44:28.150+02:00 level=ERROR msg="[LUTRON] Error parsing response" command=?AREA,9,6 error="device returned error:  \r\n~ERROR,2\r\n\r\nQNET>"
time=2025-06-30T12:44:40.164+02:00 level=ERROR msg="[LUTRON] Error parsing response" command=?AREA,10,6 error="device returned error:  \r\n~ERROR,2\r\n\r\nQNET>"
time=2025-06-30T12:44:44.176+02:00 level=ERROR msg="[LUTRON] Error parsing response" command=?AREA,8,6 error="device returned error:  \r\n~ERROR,2\r\n\r\nQNET>"
time=2025-06-30T12:44:52.184+02:00 level=ERROR msg="[LUTRON] Error parsing response" command=?AREA,9,6 error="device returned error:  \r\n~ERROR,2\r\n\r\nQNET>"
time=2025-06-30T12:45:04.083+02:00 level=ERROR msg="[LUTRON] Error parsing response" command=?AREA,10,6 error="device returned error:  \r\n~ERROR,2\r\n\r\nQNET>"
time=2025-06-30T12:45:08.096+02:00 level=ERROR msg="[LUTRON] Error parsing response" command=?AREA,8,6 error="device returned error:  \r\n~ERROR,2\r\n\r\nQNET>"
