time=2025-07-02T09:43:32.619+02:00 level=INFO msg="Server starting" time=2025-07-02T09:43:32+02:00
time=2025-07-02T09:43:32.619+02:00 level=INFO msg="[SERVER] Loaded config."
time=2025-07-02T09:43:32.619+02:00 level=INFO msg="[LUTRON] Lutron cache initialized"
time=2025-07-02T09:43:32.695+02:00 level=INFO msg=[WEBSOCKET] "connection established"=true
time=2025-07-02T09:43:33.133+02:00 level=INFO msg="[LUTRON] Lutron routine started"
time=2025-07-02T09:43:33.134+02:00 level=INFO msg="[BACNET] Bacnet cache initialized"
time=2025-07-02T09:43:33.135+02:00 level=INFO msg="[BACNET] Bacnet routine started"
time=2025-07-02T09:43:33.133+02:00 level=INFO msg="[LUTRON] Read routine started"
time=2025-07-02T09:43:33.135+02:00 level=INFO msg="[BACNET] Read routine started"
time=2025-07-02T09:43:33.137+02:00 level=INFO msg="[CYVIZ] Initialized Cyviz Cache"
time=2025-07-02T09:43:33.151+02:00 level=INFO msg="[CYVIZ] Cyviz routine started" roomId=4 ip=10.10.100.1:15555
time=2025-07-02T09:43:33.151+02:00 level=INFO msg="[CYVIZ] Read routine started" roomId=4
time=2025-07-02T09:43:33.159+02:00 level=INFO msg="[CYVIZ] Cyviz routine started" roomId=3 ip=10.10.100.2:15555
time=2025-07-02T09:43:33.159+02:00 level=INFO msg="[CYVIZ] Read routine started" roomId=3
[GIN] 2025/07/02 - 09:43:33 | 200 |       562.3µs |             ::1 | GET      "/bacnet/info?roomId=4"
time=2025-07-02T09:43:37.621+02:00 level=INFO msg="[CYVIZ-USECASE] Setting Cyviz status" roomId=4 data="{ScreenData:[{Position:0xc00000b8b8 CurrentSource:0xc00000b8b0 PresetMode:<nil>}] VolumeLevel:<nil> VolumeMute:<nil> PowerState:<nil>}"
time=2025-07-02T09:43:37.622+02:00 level=INFO msg="[CYVIZ-USECASE] Entire Cyviz cache" cache="&{mutex:{w:{_:{} mu:{state:0 sema:0}} writerSem:0 readerSem:0 readerCount:{_:{} v:0} readerWait:{_:{} v:0}} data:map[3:{ScreenData:[{CurrentSource:0 Position:1 PresetMode:MV12} {CurrentSource:1 Position:2 PresetMode:MV12}] VolumeLevel:50 VolumeMute:false PowerState:false} 4:{ScreenData:[{CurrentSource:1 Position:1 PresetMode:}] VolumeLevel:50 VolumeMute:false PowerState:false}]}"
time=2025-07-02T09:43:37.622+02:00 level=INFO msg="[CYVIZ-USECASE] Cyviz cache for room" roomId=4 cache="&{mutex:{w:{_:{} mu:{state:0 sema:0}} writerSem:0 readerSem:0 readerCount:{_:{} v:0} readerWait:{_:{} v:0}} data:map[3:{ScreenData:[{CurrentSource:0 Position:1 PresetMode:MV12} {CurrentSource:1 Position:2 PresetMode:MV12}] VolumeLevel:50 VolumeMute:false PowerState:false} 4:{ScreenData:[{CurrentSource:1 Position:1 PresetMode:}] VolumeLevel:50 VolumeMute:false PowerState:false}]}"
time=2025-07-02T09:43:37.623+02:00 level=INFO msg="[CYVIZ-USECASE] Updated Cyviz cache for room" roomId=4 cache="{ScreenData:[{CurrentSource:1 Position:1 PresetMode:}] VolumeLevel:50 VolumeMute:false PowerState:false}"
[GIN] 2025/07/02 - 09:43:37 | 200 |      3.2394ms |             ::1 | POST     "/cyviz/avinput"
[GIN] 2025/07/02 - 09:43:37 | 200 |            0s |             ::1 | GET      "/bacnet/info?roomId=4"
[GIN] 2025/07/02 - 09:43:45 | 200 |            0s |             ::1 | GET      "/cyviz/avinput?roomId=3"
[GIN] 2025/07/02 - 09:43:47 | 200 |            0s |             ::1 | GET      "/bacnet/info?roomId=4"
[GIN] 2025/07/02 - 09:43:57 | 200 |            0s |             ::1 | GET      "/bacnet/info?roomId=4"
time=2025-07-02T09:43:58.852+02:00 level=INFO msg="[CYVIZ-USECASE] Setting Cyviz status" roomId=3 data="{ScreenData:[{Position:0xc000263508 CurrentSource:0xc000263500 PresetMode:<nil>}] VolumeLevel:<nil> VolumeMute:<nil> PowerState:<nil>}"
time=2025-07-02T09:43:58.852+02:00 level=INFO msg="[CYVIZ-USECASE] Entire Cyviz cache" cache="&{mutex:{w:{_:{} mu:{state:0 sema:0}} writerSem:0 readerSem:0 readerCount:{_:{} v:0} readerWait:{_:{} v:0}} data:map[3:{ScreenData:[] VolumeLevel:87 VolumeMute:false PowerState:false} 4:{ScreenData:[] VolumeLevel:100 VolumeMute:false PowerState:false}]}"
time=2025-07-02T09:43:58.852+02:00 level=INFO msg="[CYVIZ-USECASE] Cyviz cache for room" roomId=3 cache="&{mutex:{w:{_:{} mu:{state:0 sema:0}} writerSem:0 readerSem:0 readerCount:{_:{} v:0} readerWait:{_:{} v:0}} data:map[3:{ScreenData:[] VolumeLevel:87 VolumeMute:false PowerState:false} 4:{ScreenData:[] VolumeLevel:100 VolumeMute:false PowerState:false}]}"
time=2025-07-02T09:43:58.852+02:00 level=INFO msg="[CYVIZ-USECASE] Updated Cyviz cache for room" roomId=3 cache="{ScreenData:[] VolumeLevel:87 VolumeMute:false PowerState:false}"
[GIN] 2025/07/02 - 09:43:58 | 500 |      1.0335ms |             ::1 | POST     "/cyviz/avinput"
time=2025-07-02T09:44:04.886+02:00 level=INFO msg="[CYVIZ-USECASE] Setting Cyviz status" roomId=4 data="{ScreenData:[{Position:0xc0002637d8 CurrentSource:0xc0002637d0 PresetMode:<nil>}] VolumeLevel:<nil> VolumeMute:<nil> PowerState:<nil>}"
time=2025-07-02T09:44:04.886+02:00 level=INFO msg="[CYVIZ-USECASE] Entire Cyviz cache" cache="&{mutex:{w:{_:{} mu:{state:0 sema:0}} writerSem:0 readerSem:0 readerCount:{_:{} v:0} readerWait:{_:{} v:0}} data:map[3:{ScreenData:[] VolumeLevel:0 VolumeMute:false PowerState:false} 4:{ScreenData:[] VolumeLevel:0 VolumeMute:false PowerState:false}]}"
time=2025-07-02T09:44:04.886+02:00 level=INFO msg="[CYVIZ-USECASE] Cyviz cache for room" roomId=4 cache="&{mutex:{w:{_:{} mu:{state:0 sema:0}} writerSem:0 readerSem:0 readerCount:{_:{} v:0} readerWait:{_:{} v:0}} data:map[3:{ScreenData:[] VolumeLevel:0 VolumeMute:false PowerState:false} 4:{ScreenData:[] VolumeLevel:0 VolumeMute:false PowerState:false}]}"
time=2025-07-02T09:44:04.886+02:00 level=INFO msg="[CYVIZ-USECASE] Updated Cyviz cache for room" roomId=4 cache="{ScreenData:[] VolumeLevel:0 VolumeMute:false PowerState:false}"
[GIN] 2025/07/02 - 09:44:04 | 500 |      1.0441ms |             ::1 | POST     "/cyviz/avinput"
[GIN] 2025/07/02 - 09:44:07 | 200 |      8.4013ms |             ::1 | GET      "/bacnet/info?roomId=4"
[GIN] 2025/07/02 - 09:44:14 | 200 |            0s |             ::1 | GET      "/cyviz/avinput?roomId=3"
[GIN] 2025/07/02 - 09:44:17 | 200 |            0s |             ::1 | GET      "/bacnet/info?roomId=4"
[GIN] 2025/07/02 - 09:44:27 | 200 |            0s |             ::1 | GET      "/bacnet/info?roomId=4"
[GIN] 2025/07/02 - 09:44:37 | 200 |            0s |             ::1 | GET      "/bacnet/info?roomId=4"
