time=2025-07-13T09:41:02.554+02:00 level=INFO msg="Server starting" time=2025-07-13T09:41:02+02:00
time=2025-07-13T09:41:02.554+02:00 level=INFO msg="[SERVER] Loaded config."
time=2025-07-13T09:41:02.554+02:00 level=INFO msg="[LUTRON] Lutron cache initialized"
time=2025-07-13T09:41:02.653+02:00 level=INFO msg=[WEBSOCKET] "connection established"=true
time=2025-07-13T09:41:03.066+02:00 level=INFO msg="[LUTRON] Lutron routine started"
time=2025-07-13T09:41:03.067+02:00 level=INFO msg="[BACNET] Bacnet cache initialized"
time=2025-07-13T09:41:03.067+02:00 level=INFO msg="[BACNET] Bacnet routine started"
time=2025-07-13T09:41:03.069+02:00 level=INFO msg="[CYVIZ] Initialized Cyviz Cache"
time=2025-07-13T09:41:03.066+02:00 level=INFO msg="[LUTRON] Read routine started"
time=2025-07-13T09:41:03.067+02:00 level=INFO msg="[BACNET] Read routine started"
time=2025-07-13T09:41:03.077+02:00 level=INFO msg="[CYVIZ] Cyviz routine started" roomId=4 ip=10.10.100.1:15555
time=2025-07-13T09:41:03.085+02:00 level=INFO msg="[CYVIZ] Cyviz routine started" roomId=3 ip=10.10.100.2:15555
[GIN] 2025/07/13 - 09:41:04 | 200 |            0s |             ::1 | GET      "/bacnet/info?roomId=4"
[GIN] 2025/07/13 - 09:41:14 | 200 |            0s |             ::1 | GET      "/bacnet/info?roomId=4"
[GIN] 2025/07/13 - 09:41:24 | 200 |            0s |             ::1 | GET      "/bacnet/info?roomId=4"
[GIN] 2025/07/13 - 09:41:34 | 200 |            0s |             ::1 | GET      "/bacnet/info?roomId=4"
time=2025-07-13T09:41:38.070+02:00 level=ERROR msg="[LUTRON] Error reading response" command=?AREA,5,6 error=EOF
[GIN] 2025/07/13 - 09:41:44 | 200 |            0s |             ::1 | GET      "/bacnet/info?roomId=4"
time=2025-07-13T09:41:45.069+02:00 level=ERROR msg="[LUTRON] Error reading response" command=?DEVICE,2,81,9 error=EOF
time=2025-07-13T09:41:45.069+02:00 level=ERROR msg="[LUTRON] Error reading response" command=?DEVICE,2,84,9 error=EOF
