time=2025-07-02T10:09:09.486+02:00 level=INFO msg="Server starting" time=2025-07-02T10:09:09+02:00
time=2025-07-02T10:09:09.487+02:00 level=INFO msg="[SERVER] Loaded config."
time=2025-07-02T10:09:09.487+02:00 level=INFO msg="[LUTRON] Lutron cache initialized"
time=2025-07-02T10:09:09.992+02:00 level=INFO msg="[LUTRON] Lutron routine started"
time=2025-07-02T10:09:09.992+02:00 level=INFO msg="[LUTRON] Read routine started"
time=2025-07-02T10:09:09.993+02:00 level=INFO msg="[BACNET] Bacnet cache initialized"
time=2025-07-02T10:09:09.993+02:00 level=INFO msg="[BACNET] Bacnet routine started"
time=2025-07-02T10:09:09.993+02:00 level=INFO msg="[BACNET] Read routine started"
time=2025-07-02T10:09:09.996+02:00 level=INFO msg="[CYVIZ] Initialized Cyviz Cache"
time=2025-07-02T10:09:10.004+02:00 level=INFO msg="[CYVIZ] Cyviz routine started" roomId=4 ip=10.10.100.1:15555
time=2025-07-02T10:09:10.012+02:00 level=INFO msg="[CYVIZ] Cyviz routine started" roomId=3 ip=10.10.100.2:15555
time=2025-07-02T10:09:10.556+02:00 level=INFO msg=[WEBSOCKET] "connection established"=true
[GIN] 2025/07/02 - 10:09:42 | 200 |      1.3354ms |             ::1 | GET      "/modes?roomId=4"
time=2025-07-02T10:09:42.438+02:00 level=INFO msg="\x1b[46;30m[WEBSOCKET FUNCTION CALL START]\x1b[0m - 1751443785751243919"
time=2025-07-02T10:09:42.438+02:00 level=INFO msg="[WEBSOCKET DATA]" payload="{\"color\":\"red\"}"
time=2025-07-02T10:09:42.439+02:00 level=INFO msg="[WEBSOCKET DATA]" response="Not implemented"
time=2025-07-02T10:09:42.440+02:00 level=INFO msg="\x1b[46;30m[WEBSOCKET FUNCTION CALL END]\x1b[0m 1751443785751243919 | Function: IadeaChangeColor | ID: 16 | Time taken: 0s"
[GIN] 2025/07/02 - 10:09:52 | 200 |            0s |             ::1 | GET      "/bacnet/info?roomId=4"
[GIN] 2025/07/02 - 10:09:58 | 200 |            0s |             ::1 | POST     "/modes"
time=2025-07-02T10:09:58.545+02:00 level=INFO msg="[LUTRON] Reading paused for write operations"
[GIN] 2025/07/02 - 10:10:02 | 200 |            0s |             ::1 | GET      "/bacnet/info?roomId=4"
time=2025-07-02T10:10:02.512+02:00 level=INFO msg="[LUTRON] Reading resumed"
[GIN] 2025/07/02 - 10:10:04 | 200 |      3.1267ms |             ::1 | POST     "/modes"
time=2025-07-02T10:10:04.229+02:00 level=INFO msg="[LUTRON] Reading paused for write operations"
time=2025-07-02T10:10:08.146+02:00 level=INFO msg="[LUTRON] Reading resumed"
[GIN] 2025/07/02 - 10:10:11 | 200 |            0s |             ::1 | POST     "/modes"
time=2025-07-02T10:10:11.998+02:00 level=INFO msg="[LUTRON] Reading paused for write operations"
[GIN] 2025/07/02 - 10:10:12 | 200 |            0s |             ::1 | GET      "/bacnet/info?roomId=4"
time=2025-07-02T10:10:15.881+02:00 level=INFO msg="[LUTRON] Reading resumed"
[GIN] 2025/07/02 - 10:10:19 | 200 |            0s |             ::1 | POST     "/modes"
time=2025-07-02T10:10:19.162+02:00 level=INFO msg="[LUTRON] Reading paused for write operations"
[GIN] 2025/07/02 - 10:10:22 | 200 |            0s |             ::1 | GET      "/bacnet/info?roomId=4"
time=2025-07-02T10:10:23.078+02:00 level=INFO msg="[LUTRON] Reading resumed"
[GIN] 2025/07/02 - 10:10:28 | 200 |            0s |             ::1 | POST     "/modes"
time=2025-07-02T10:10:28.665+02:00 level=INFO msg="[LUTRON] Reading paused for write operations"
[GIN] 2025/07/02 - 10:10:32 | 200 |            0s |             ::1 | GET      "/bacnet/info?roomId=4"
time=2025-07-02T10:10:32.591+02:00 level=INFO msg="[LUTRON] Reading resumed"
[GIN] 2025/07/02 - 10:10:37 | 200 |            0s |             ::1 | POST     "/modes"
time=2025-07-02T10:10:37.678+02:00 level=INFO msg="[LUTRON] Reading paused for write operations"
time=2025-07-02T10:10:41.283+02:00 level=INFO msg="[LUTRON] Reading resumed"
[GIN] 2025/07/02 - 10:10:42 | 200 |            0s |             ::1 | GET      "/bacnet/info?roomId=4"
[GIN] 2025/07/02 - 10:10:46 | 200 |            0s |             ::1 | GET      "/modes?roomId=4"
[GIN] 2025/07/02 - 10:10:48 | 200 |            0s |             ::1 | GET      "/modes?roomId=5"
[GIN] 2025/07/02 - 10:10:52 | 200 |            0s |             ::1 | GET      "/bacnet/info?roomId=4"
[GIN] 2025/07/02 - 10:10:52 | 200 |            0s |             ::1 | POST     "/modes"
time=2025-07-02T10:10:52.273+02:00 level=INFO msg="[LUTRON] Reading paused for write operations"
[GIN] 2025/07/02 - 10:10:55 | 200 |            0s |             ::1 | POST     "/modes"
[GIN] 2025/07/02 - 10:10:56 | 200 |            0s |             ::1 | GET      "/bacnet/info?roomId=4"
[GIN] 2025/07/02 - 10:10:58 | 200 |      3.7724ms |             ::1 | POST     "/modes"
time=2025-07-02T10:11:01.881+02:00 level=INFO msg="[LUTRON] Reading resumed"
[GIN] 2025/07/02 - 10:11:02 | 200 |            0s |             ::1 | GET      "/bacnet/info?roomId=4"
[GIN] 2025/07/02 - 10:11:03 | 200 |            0s |             ::1 | POST     "/modes"
time=2025-07-02T10:11:04.601+02:00 level=INFO msg="[LUTRON] Reading paused for write operations"
[GIN] 2025/07/02 - 10:11:06 | 200 |            0s |             ::1 | GET      "/bacnet/info?roomId=4"
time=2025-07-02T10:11:07.807+02:00 level=INFO msg="[LUTRON] Reading resumed"
[GIN] 2025/07/02 - 10:11:08 | 200 |      1.6827ms |             ::1 | POST     "/modes"
time=2025-07-02T10:11:08.238+02:00 level=INFO msg="[LUTRON] Reading paused for write operations"
time=2025-07-02T10:11:12.113+02:00 level=INFO msg="[LUTRON] Reading resumed"
[GIN] 2025/07/02 - 10:11:12 | 200 |            0s |             ::1 | GET      "/bacnet/info?roomId=4"
[GIN] 2025/07/02 - 10:11:15 | 200 |            0s |             ::1 | GET      "/modes?roomId=6"
[GIN] 2025/07/02 - 10:11:16 | 200 |            0s |             ::1 | GET      "/bacnet/info?roomId=4"
[GIN] 2025/07/02 - 10:11:22 | 200 |            0s |             ::1 | GET      "/bacnet/info?roomId=4"
[GIN] 2025/07/02 - 10:11:26 | 200 |       1.054ms |             ::1 | GET      "/bacnet/info?roomId=4"
[GIN] 2025/07/02 - 10:11:32 | 200 |            0s |             ::1 | GET      "/bacnet/info?roomId=4"
[GIN] 2025/07/02 - 10:11:36 | 200 |            0s |             ::1 | GET      "/bacnet/info?roomId=4"
[GIN] 2025/07/02 - 10:11:42 | 200 |            0s |             ::1 | GET      "/bacnet/info?roomId=4"
[GIN] 2025/07/02 - 10:11:46 | 200 |      2.0442ms |             ::1 | GET      "/bacnet/info?roomId=4"
[GIN] 2025/07/02 - 10:11:52 | 200 |            0s |             ::1 | GET      "/bacnet/info?roomId=4"
[GIN] 2025/07/02 - 10:11:56 | 200 |            0s |             ::1 | GET      "/bacnet/info?roomId=4"
[GIN] 2025/07/02 - 10:12:02 | 200 |            0s |             ::1 | GET      "/bacnet/info?roomId=4"
[GIN] 2025/07/02 - 10:12:04 | 200 |       520.5µs |             ::1 | POST     "/modes"
time=2025-07-02T10:12:04.176+02:00 level=INFO msg="[LUTRON] Reading paused for write operations"
[GIN] 2025/07/02 - 10:12:06 | 200 |            0s |             ::1 | GET      "/bacnet/info?roomId=4"
time=2025-07-02T10:12:08.032+02:00 level=INFO msg="[LUTRON] Reading resumed"
[GIN] 2025/07/02 - 10:12:09 | 200 |      6.7168ms |             ::1 | POST     "/modes"
time=2025-07-02T10:12:09.759+02:00 level=INFO msg="[LUTRON] Reading paused for write operations"
[GIN] 2025/07/02 - 10:12:11 | 200 |       842.9µs |             ::1 | GET      "/modes?roomId=4"
[GIN] 2025/07/02 - 10:12:12 | 200 |            0s |             ::1 | GET      "/bacnet/info?roomId=4"
time=2025-07-02T10:12:12.960+02:00 level=INFO msg="[LUTRON] Reading resumed"
[GIN] 2025/07/02 - 10:12:16 | 200 |            0s |             ::1 | GET      "/bacnet/info?roomId=4"
[GIN] 2025/07/02 - 10:12:22 | 200 |            0s |             ::1 | GET      "/bacnet/info?roomId=4"
[GIN] 2025/07/02 - 10:12:26 | 200 |            0s |             ::1 | GET      "/bacnet/info?roomId=4"
[GIN] 2025/07/02 - 10:12:27 | 200 |         500µs |             ::1 | GET      "/modes?roomId=5"
[GIN] 2025/07/02 - 10:12:32 | 200 |            0s |             ::1 | GET      "/bacnet/info?roomId=4"
[GIN] 2025/07/02 - 10:12:32 | 200 |            0s |             ::1 | GET      "/modes?roomId=4"
[GIN] 2025/07/02 - 10:12:33 | 200 |            0s |             ::1 | POST     "/modes"
time=2025-07-02T10:12:33.666+02:00 level=INFO msg="[LUTRON] Reading paused for write operations"
[GIN] 2025/07/02 - 10:12:34 | 200 |            0s |             ::1 | GET      "/modes?roomId=6"
[GIN] 2025/07/02 - 10:12:36 | 200 |      2.2767ms |             ::1 | GET      "/bacnet/info?roomId=4"
time=2025-07-02T10:12:37.076+02:00 level=INFO msg="[LUTRON] Reading resumed"
[GIN] 2025/07/02 - 10:12:41 | 200 |            0s |             ::1 | GET      "/modes?roomId=5"
[GIN] 2025/07/02 - 10:12:42 | 200 |            0s |             ::1 | GET      "/bacnet/info?roomId=4"
[GIN] 2025/07/02 - 10:12:42 | 200 |            0s |             ::1 | GET      "/modes?roomId=4"
[GIN] 2025/07/02 - 10:12:43 | 200 |            0s |             ::1 | GET      "/modes?roomId=5"
[GIN] 2025/07/02 - 10:12:46 | 200 |            0s |             ::1 | GET      "/bacnet/info?roomId=4"
[GIN] 2025/07/02 - 10:12:52 | 200 |            0s |             ::1 | GET      "/bacnet/info?roomId=4"
[GIN] 2025/07/02 - 10:12:56 | 200 |            0s |             ::1 | GET      "/bacnet/info?roomId=4"
[GIN] 2025/07/02 - 10:13:02 | 200 |            0s |             ::1 | GET      "/bacnet/info?roomId=4"
[GIN] 2025/07/02 - 10:13:06 | 200 |            0s |             ::1 | GET      "/bacnet/info?roomId=4"
[GIN] 2025/07/02 - 10:13:12 | 200 |            0s |             ::1 | GET      "/bacnet/info?roomId=4"
[GIN] 2025/07/02 - 10:13:16 | 200 |            0s |             ::1 | GET      "/bacnet/info?roomId=4"
[GIN] 2025/07/02 - 10:13:22 | 200 |            0s |             ::1 | GET      "/bacnet/info?roomId=4"
[GIN] 2025/07/02 - 10:13:26 | 200 |            0s |             ::1 | GET      "/bacnet/info?roomId=4"
[GIN] 2025/07/02 - 10:13:32 | 200 |            0s |             ::1 | GET      "/bacnet/info?roomId=4"
[GIN] 2025/07/02 - 10:13:36 | 200 |            0s |             ::1 | GET      "/bacnet/info?roomId=4"
[GIN] 2025/07/02 - 10:13:42 | 200 |            0s |             ::1 | GET      "/bacnet/info?roomId=4"
[GIN] 2025/07/02 - 10:13:46 | 200 |      2.3457ms |             ::1 | GET      "/bacnet/info?roomId=4"
[GIN] 2025/07/02 - 10:13:52 | 200 |            0s |             ::1 | GET      "/bacnet/info?roomId=4"
[GIN] 2025/07/02 - 10:13:56 | 200 |            0s |             ::1 | GET      "/bacnet/info?roomId=4"
[GIN] 2025/07/02 - 10:14:02 | 200 |            0s |             ::1 | GET      "/bacnet/info?roomId=4"
[GIN] 2025/07/02 - 10:14:06 | 200 |            0s |             ::1 | GET      "/bacnet/info?roomId=4"
[GIN] 2025/07/02 - 10:14:12 | 200 |            0s |             ::1 | GET      "/bacnet/info?roomId=4"
[GIN] 2025/07/02 - 10:14:16 | 200 |      1.9083ms |             ::1 | GET      "/bacnet/info?roomId=4"
[GIN] 2025/07/02 - 10:14:19 | 200 |            0s |             ::1 | GET      "/modes?roomId=4"
[GIN] 2025/07/02 - 10:14:20 | 200 |      2.5022ms |             ::1 | POST     "/modes"
time=2025-07-02T10:14:20.562+02:00 level=INFO msg="[LUTRON] Reading paused for write operations"
[GIN] 2025/07/02 - 10:14:22 | 200 |            0s |             ::1 | GET      "/bacnet/info?roomId=4"
time=2025-07-02T10:14:24.436+02:00 level=INFO msg="[LUTRON] Reading resumed"
[GIN] 2025/07/02 - 10:14:25 | 200 |    100.6388ms |             ::1 | POST     "/lutron/shades"
[GIN] 2025/07/02 - 10:14:26 | 200 |      5.7493ms |             ::1 | GET      "/bacnet/info?roomId=4"
time=2025-07-02T10:14:26.671+02:00 level=INFO msg="[LUTRON] Reading paused for write operations"
time=2025-07-02T10:14:29.872+02:00 level=INFO msg="[LUTRON] Reading resumed"
time=2025-07-02T10:14:30.471+02:00 level=INFO msg="[IPTV] Attempting request" url="http://192.168.1.79:8080/remoteControl/cmd?key=116&mode=0&operation=1"
[GIN] 2025/07/02 - 10:14:30 | 200 |    218.7428ms |             ::1 | POST     "/iptv"
[GIN] 2025/07/02 - 10:14:32 | 200 |            0s |             ::1 | GET      "/bacnet/info?roomId=4"
time=2025-07-02T10:14:33.326+02:00 level=INFO msg="[IPTV] Attempting request" url="http://192.168.1.79:8080/remoteControl/cmd?key=514&mode=0&operation=1"
time=2025-07-02T10:14:33.578+02:00 level=INFO msg="[IPTV] Attempting request" url="http://192.168.1.79:8080/remoteControl/cmd?key=515&mode=0&operation=1"
time=2025-07-02T10:14:33.830+02:00 level=INFO msg="[IPTV] Attempting request" url="http://192.168.1.79:8080/remoteControl/cmd?key=518&mode=0&operation=1"
[GIN] 2025/07/02 - 10:14:33 | 200 |    609.5887ms |             ::1 | POST     "/iptv"
time=2025-07-02T10:14:38.232+02:00 level=INFO msg="[IPTV] Attempting request" url="http://192.168.1.79:8080/remoteControl/cmd?key=115&mode=0&operation=1"
[GIN] 2025/07/02 - 10:14:38 | 200 |    102.7938ms |             ::1 | POST     "/iptv"
time=2025-07-02T10:14:38.408+02:00 level=INFO msg="[IPTV] Attempting request" url="http://192.168.1.79:8080/remoteControl/cmd?key=115&mode=0&operation=1"
[GIN] 2025/07/02 - 10:14:38 | 200 |    100.8537ms |             ::1 | POST     "/iptv"
time=2025-07-02T10:14:38.564+02:00 level=INFO msg="[IPTV] Attempting request" url="http://192.168.1.79:8080/remoteControl/cmd?key=115&mode=0&operation=1"
[GIN] 2025/07/02 - 10:14:38 | 200 |    107.5482ms |             ::1 | POST     "/iptv"
time=2025-07-02T10:14:38.707+02:00 level=INFO msg="[IPTV] Attempting request" url="http://192.168.1.79:8080/remoteControl/cmd?key=115&mode=0&operation=1"
[GIN] 2025/07/02 - 10:14:38 | 200 |    101.3776ms |             ::1 | POST     "/iptv"
time=2025-07-02T10:14:38.942+02:00 level=INFO msg="[IPTV] Attempting request" url="http://192.168.1.79:8080/remoteControl/cmd?key=115&mode=0&operation=1"
[GIN] 2025/07/02 - 10:14:39 | 200 |     102.564ms |             ::1 | POST     "/iptv"
time=2025-07-02T10:14:39.124+02:00 level=INFO msg="[IPTV] Attempting request" url="http://192.168.1.79:8080/remoteControl/cmd?key=115&mode=0&operation=1"
[GIN] 2025/07/02 - 10:14:39 | 200 |    105.0512ms |             ::1 | POST     "/iptv"
time=2025-07-02T10:14:39.274+02:00 level=INFO msg="[IPTV] Attempting request" url="http://192.168.1.79:8080/remoteControl/cmd?key=115&mode=0&operation=1"
[GIN] 2025/07/02 - 10:14:39 | 200 |    100.4995ms |             ::1 | POST     "/iptv"
time=2025-07-02T10:14:39.489+02:00 level=INFO msg="[IPTV] Attempting request" url="http://192.168.1.79:8080/remoteControl/cmd?key=115&mode=0&operation=1"
[GIN] 2025/07/02 - 10:14:39 | 200 |     100.913ms |             ::1 | POST     "/iptv"
time=2025-07-02T10:14:39.656+02:00 level=INFO msg="[IPTV] Attempting request" url="http://192.168.1.79:8080/remoteControl/cmd?key=115&mode=0&operation=1"
[GIN] 2025/07/02 - 10:14:39 | 200 |    100.3675ms |             ::1 | POST     "/iptv"
time=2025-07-02T10:14:39.823+02:00 level=INFO msg="[IPTV] Attempting request" url="http://192.168.1.79:8080/remoteControl/cmd?key=115&mode=0&operation=1"
[GIN] 2025/07/02 - 10:14:39 | 200 |    100.7318ms |             ::1 | POST     "/iptv"
time=2025-07-02T10:14:40.056+02:00 level=INFO msg="[IPTV] Attempting request" url="http://192.168.1.79:8080/remoteControl/cmd?key=114&mode=0&operation=1"
[GIN] 2025/07/02 - 10:14:40 | 200 |    100.2064ms |             ::1 | POST     "/iptv"
time=2025-07-02T10:14:40.224+02:00 level=INFO msg="[IPTV] Attempting request" url="http://192.168.1.79:8080/remoteControl/cmd?key=114&mode=0&operation=1"
[GIN] 2025/07/02 - 10:14:40 | 200 |    101.0507ms |             ::1 | POST     "/iptv"
time=2025-07-02T10:14:40.407+02:00 level=INFO msg="[IPTV] Attempting request" url="http://192.168.1.79:8080/remoteControl/cmd?key=115&mode=0&operation=1"
[GIN] 2025/07/02 - 10:14:40 | 200 |    100.2894ms |             ::1 | POST     "/iptv"
time=2025-07-02T10:14:40.573+02:00 level=INFO msg="[IPTV] Attempting request" url="http://192.168.1.79:8080/remoteControl/cmd?key=115&mode=0&operation=1"
[GIN] 2025/07/02 - 10:14:40 | 200 |    101.2251ms |             ::1 | POST     "/iptv"
time=2025-07-02T10:14:40.757+02:00 level=INFO msg="[IPTV] Attempting request" url="http://192.168.1.79:8080/remoteControl/cmd?key=114&mode=0&operation=1"
[GIN] 2025/07/02 - 10:14:40 | 200 |    100.0701ms |             ::1 | POST     "/iptv"
time=2025-07-02T10:14:40.922+02:00 level=INFO msg="[IPTV] Attempting request" url="http://192.168.1.79:8080/remoteControl/cmd?key=114&mode=0&operation=1"
[GIN] 2025/07/02 - 10:14:41 | 200 |    101.5789ms |             ::1 | POST     "/iptv"
time=2025-07-02T10:14:41.090+02:00 level=INFO msg="[IPTV] Attempting request" url="http://192.168.1.79:8080/remoteControl/cmd?key=115&mode=0&operation=1"
[GIN] 2025/07/02 - 10:14:41 | 200 |    100.4874ms |             ::1 | POST     "/iptv"
time=2025-07-02T10:14:41.257+02:00 level=INFO msg="[IPTV] Attempting request" url="http://192.168.1.79:8080/remoteControl/cmd?key=114&mode=0&operation=1"
[GIN] 2025/07/02 - 10:14:41 | 200 |     100.645ms |             ::1 | POST     "/iptv"
time=2025-07-02T10:14:41.422+02:00 level=INFO msg="[IPTV] Attempting request" url="http://192.168.1.79:8080/remoteControl/cmd?key=114&mode=0&operation=1"
[GIN] 2025/07/02 - 10:14:41 | 200 |    100.2004ms |             ::1 | POST     "/iptv"
time=2025-07-02T10:14:42.111+02:00 level=INFO msg="[IPTV] Attempting request" url="http://192.168.1.79:8080/remoteControl/cmd?key=114&mode=0&operation=1"
[GIN] 2025/07/02 - 10:14:42 | 200 |    100.4362ms |             ::1 | POST     "/iptv"
time=2025-07-02T10:14:42.273+02:00 level=INFO msg="[IPTV] Attempting request" url="http://192.168.1.79:8080/remoteControl/cmd?key=114&mode=0&operation=1"
[GIN] 2025/07/02 - 10:14:42 | 200 |    102.7602ms |             ::1 | POST     "/iptv"
[GIN] 2025/07/02 - 10:14:42 | 200 |            0s |             ::1 | GET      "/bacnet/info?roomId=4"
time=2025-07-02T10:14:42.472+02:00 level=INFO msg="[IPTV] Attempting request" url="http://192.168.1.79:8080/remoteControl/cmd?key=114&mode=0&operation=1"
[GIN] 2025/07/02 - 10:14:42 | 200 |    105.9918ms |             ::1 | POST     "/iptv"
time=2025-07-02T10:14:42.622+02:00 level=INFO msg="[IPTV] Attempting request" url="http://192.168.1.79:8080/remoteControl/cmd?key=114&mode=0&operation=1"
[GIN] 2025/07/02 - 10:14:42 | 200 |    101.9233ms |             ::1 | POST     "/iptv"
time=2025-07-02T10:14:42.789+02:00 level=INFO msg="[IPTV] Attempting request" url="http://192.168.1.79:8080/remoteControl/cmd?key=114&mode=0&operation=1"
[GIN] 2025/07/02 - 10:14:42 | 200 |    101.4696ms |             ::1 | POST     "/iptv"
time=2025-07-02T10:14:42.923+02:00 level=INFO msg="[IPTV] Attempting request" url="http://192.168.1.79:8080/remoteControl/cmd?key=114&mode=0&operation=1"
[GIN] 2025/07/02 - 10:14:43 | 200 |    101.9017ms |             ::1 | POST     "/iptv"
time=2025-07-02T10:14:43.530+02:00 level=INFO msg="[IPTV] Attempting request" url="http://192.168.1.79:8080/remoteControl/cmd?key=113&mode=0&operation=1"
[GIN] 2025/07/02 - 10:14:43 | 200 |    107.8616ms |             ::1 | POST     "/iptv"
time=2025-07-02T10:14:44.426+02:00 level=INFO msg="[IPTV] Attempting request" url="http://192.168.1.79:8080/remoteControl/cmd?key=113&mode=0&operation=1"
[GIN] 2025/07/02 - 10:14:44 | 200 |    102.9967ms |             ::1 | POST     "/iptv"
time=2025-07-02T10:14:45.754+02:00 level=INFO msg="[IPTV] Attempting request" url="http://192.168.1.79:8080/remoteControl/cmd?key=514&mode=0&operation=1"
time=2025-07-02T10:14:46.010+02:00 level=INFO msg="[IPTV] Attempting request" url="http://192.168.1.79:8080/remoteControl/cmd?key=515&mode=0&operation=1"
time=2025-07-02T10:14:46.263+02:00 level=INFO msg="[IPTV] Attempting request" url="http://192.168.1.79:8080/remoteControl/cmd?key=519&mode=0&operation=1"
[GIN] 2025/07/02 - 10:14:46 | 200 |    611.6634ms |             ::1 | POST     "/iptv"
[GIN] 2025/07/02 - 10:14:52 | 200 |            0s |             ::1 | GET      "/bacnet/info?roomId=4"
[GIN] 2025/07/02 - 10:14:53 | 200 |            0s |             ::1 | GET      "/modes?roomId=4"
[GIN] 2025/07/02 - 10:15:02 | 200 |            0s |             ::1 | GET      "/bacnet/info?roomId=4"
[GIN] 2025/07/02 - 10:15:12 | 200 |      3.8275ms |             ::1 | GET      "/bacnet/info?roomId=4"
[GIN] 2025/07/02 - 10:15:22 | 200 |            0s |             ::1 | GET      "/bacnet/info?roomId=4"
[GIN] 2025/07/02 - 10:15:32 | 200 |            0s |             ::1 | GET      "/bacnet/info?roomId=4"
[GIN] 2025/07/02 - 10:15:42 | 200 |            0s |             ::1 | GET      "/bacnet/info?roomId=4"
[GIN] 2025/07/02 - 10:15:52 | 200 |            0s |             ::1 | GET      "/bacnet/info?roomId=4"
[GIN] 2025/07/02 - 10:16:02 | 200 |            0s |             ::1 | GET      "/bacnet/info?roomId=4"
[GIN] 2025/07/02 - 10:16:12 | 200 |      1.0118ms |             ::1 | GET      "/bacnet/info?roomId=4"
[GIN] 2025/07/02 - 10:16:22 | 200 |            0s |             ::1 | GET      "/bacnet/info?roomId=4"
[GIN] 2025/07/02 - 10:16:32 | 200 |            0s |             ::1 | GET      "/bacnet/info?roomId=4"
[GIN] 2025/07/02 - 10:16:42 | 200 |            0s |             ::1 | GET      "/bacnet/info?roomId=4"
[GIN] 2025/07/02 - 10:16:52 | 200 |            0s |             ::1 | GET      "/bacnet/info?roomId=4"
[GIN] 2025/07/02 - 10:17:02 | 200 |            0s |             ::1 | GET      "/bacnet/info?roomId=4"
[GIN] 2025/07/02 - 10:17:07 | 200 |       2.046ms |             ::1 | POST     "/modes"
time=2025-07-02T10:17:07.631+02:00 level=INFO msg="[LUTRON] Reading paused for write operations"
time=2025-07-02T10:17:11.528+02:00 level=INFO msg="[LUTRON] Reading resumed"
[GIN] 2025/07/02 - 10:17:12 | 200 |            0s |             ::1 | GET      "/bacnet/info?roomId=4"
[GIN] 2025/07/02 - 10:17:22 | 200 |      2.8701ms |             ::1 | GET      "/bacnet/info?roomId=4"
[GIN] 2025/07/02 - 10:17:32 | 200 |            0s |             ::1 | GET      "/bacnet/info?roomId=4"
[GIN] 2025/07/02 - 10:17:38 | 200 |            0s |             ::1 | GET      "/bacnet/info?roomId=4"
[GIN] 2025/07/02 - 10:17:40 | 200 |    2.0335249s |             ::1 | POST     "/bacnet/info"
[GIN] 2025/07/02 - 10:17:42 | 200 |            0s |             ::1 | GET      "/bacnet/info?roomId=4"
[GIN] 2025/07/02 - 10:17:42 | 200 |    2.0262865s |             ::1 | POST     "/bacnet/info"
[GIN] 2025/07/02 - 10:17:42 | 200 |            0s |             ::1 | GET      "/bacnet/info?roomId=4"
[GIN] 2025/07/02 - 10:17:45 | 200 |            0s |             ::1 | GET      "/bacnet/info?roomId=4"
[GIN] 2025/07/02 - 10:17:52 | 200 |            0s |             ::1 | GET      "/bacnet/info?roomId=4"
[GIN] 2025/07/02 - 10:17:57 | 200 |    2.0159178s |             ::1 | POST     "/bacnet/info"
[GIN] 2025/07/02 - 10:17:57 | 200 |            0s |             ::1 | GET      "/bacnet/info?roomId=4"
[GIN] 2025/07/02 - 10:18:02 | 200 |            0s |             ::1 | GET      "/bacnet/info?roomId=4"
[GIN] 2025/07/02 - 10:18:04 | 200 |    2.0109888s |             ::1 | POST     "/bacnet/info"
[GIN] 2025/07/02 - 10:18:04 | 200 |            0s |             ::1 | GET      "/bacnet/info?roomId=4"
[GIN] 2025/07/02 - 10:18:11 | 200 |      1.6105ms |             ::1 | GET      "/bacnet/info?roomId=4"
[GIN] 2025/07/02 - 10:18:12 | 200 |            0s |             ::1 | GET      "/bacnet/info?roomId=4"
[GIN] 2025/07/02 - 10:18:13 | 200 |     2.015563s |             ::1 | POST     "/bacnet/info"
[GIN] 2025/07/02 - 10:18:15 | 200 |            0s |             ::1 | GET      "/bacnet/info?roomId=4"
[GIN] 2025/07/02 - 10:18:17 | 200 |    2.0101027s |             ::1 | POST     "/bacnet/info"
[GIN] 2025/07/02 - 10:18:18 | 200 |            0s |             ::1 | GET      "/bacnet/info?roomId=4"
[GIN] 2025/07/02 - 10:18:22 | 200 |            0s |             ::1 | GET      "/bacnet/info?roomId=4"
[GIN] 2025/07/02 - 10:18:22 | 200 |            0s |             ::1 | GET      "/bacnet/info?roomId=4"
[GIN] 2025/07/02 - 10:18:32 | 200 |            0s |             ::1 | GET      "/bacnet/info?roomId=4"
[GIN] 2025/07/02 - 10:18:42 | 200 |      6.4745ms |             ::1 | GET      "/bacnet/info?roomId=4"
[GIN] 2025/07/02 - 10:18:52 | 200 |            0s |             ::1 | GET      "/bacnet/info?roomId=4"
[GIN] 2025/07/02 - 10:19:02 | 200 |            0s |             ::1 | GET      "/bacnet/info?roomId=4"
[GIN] 2025/07/02 - 10:19:12 | 200 |            0s |             ::1 | GET      "/bacnet/info?roomId=4"
[GIN] 2025/07/02 - 10:19:22 | 200 |            0s |             ::1 | GET      "/bacnet/info?roomId=4"
time=2025-07-02T10:19:31.188+02:00 level=INFO msg="[IPTV] Attempting request" url="http://192.168.1.79:8080/remoteControl/cmd?key=116&mode=0&operation=1"
[GIN] 2025/07/02 - 10:19:31 | 200 |    108.0945ms |             ::1 | POST     "/iptv"
[GIN] 2025/07/02 - 10:19:32 | 200 |      7.0377ms |             ::1 | GET      "/bacnet/info?roomId=4"
[GIN] 2025/07/02 - 10:19:42 | 200 |            0s |             ::1 | GET      "/bacnet/info?roomId=4"
[GIN] 2025/07/02 - 10:19:52 | 200 |            0s |             ::1 | GET      "/bacnet/info?roomId=4"
[GIN] 2025/07/02 - 10:20:02 | 200 |            0s |             ::1 | GET      "/bacnet/info?roomId=4"
[GIN] 2025/07/02 - 10:20:12 | 200 |            0s |             ::1 | GET      "/bacnet/info?roomId=4"
[GIN] 2025/07/02 - 10:20:22 | 200 |            0s |             ::1 | GET      "/bacnet/info?roomId=4"
[GIN] 2025/07/02 - 10:20:32 | 200 |            0s |             ::1 | GET      "/bacnet/info?roomId=4"
[GIN] 2025/07/02 - 10:20:42 | 200 |            0s |             ::1 | GET      "/bacnet/info?roomId=4"
[GIN] 2025/07/02 - 10:20:52 | 200 |            0s |             ::1 | GET      "/bacnet/info?roomId=4"
[GIN] 2025/07/02 - 10:21:02 | 200 |            0s |             ::1 | GET      "/bacnet/info?roomId=4"
[GIN] 2025/07/02 - 10:21:12 | 200 |         470µs |             ::1 | GET      "/bacnet/info?roomId=4"
[GIN] 2025/07/02 - 10:21:22 | 200 |            0s |             ::1 | GET      "/bacnet/info?roomId=4"
[GIN] 2025/07/02 - 10:21:32 | 200 |            0s |             ::1 | GET      "/bacnet/info?roomId=4"
[GIN] 2025/07/02 - 10:21:42 | 200 |      3.1692ms |             ::1 | GET      "/bacnet/info?roomId=4"
[GIN] 2025/07/02 - 10:21:52 | 200 |            0s |             ::1 | GET      "/bacnet/info?roomId=4"
[GIN] 2025/07/02 - 10:22:02 | 200 |            0s |             ::1 | GET      "/bacnet/info?roomId=4"
[GIN] 2025/07/02 - 10:22:12 | 200 |            0s |             ::1 | GET      "/bacnet/info?roomId=4"
