time=2025-07-13T09:19:25.890+02:00 level=INFO msg="Server starting" time=2025-07-13T09:19:25+02:00
time=2025-07-13T09:19:25.890+02:00 level=INFO msg="[SERVER] Loaded config."
time=2025-07-13T09:19:25.890+02:00 level=INFO msg="[LUTRON] Lutron cache initialized"
time=2025-07-13T09:19:25.956+02:00 level=INFO msg=[WEBSOCKET] "connection established"=true
time=2025-07-13T09:19:26.395+02:00 level=INFO msg="[LUTRON] Lutron routine started"
time=2025-07-13T09:19:26.396+02:00 level=INFO msg="[BACNET] Bacnet cache initialized"
time=2025-07-13T09:19:26.396+02:00 level=INFO msg="[BACNET] Bacnet routine started"
time=2025-07-13T09:19:26.395+02:00 level=INFO msg="[LUTRON] Read routine started"
time=2025-07-13T09:19:26.396+02:00 level=INFO msg="[BACNET] Read routine started"
time=2025-07-13T09:19:26.399+02:00 level=INFO msg="[CYVIZ] Initialized Cyviz Cache"
time=2025-07-13T09:19:26.407+02:00 level=INFO msg="[CYVIZ] Cyviz routine started" roomId=4 ip=10.10.100.1:15555
time=2025-07-13T09:19:26.416+02:00 level=INFO msg="[CYVIZ] Cyviz routine started" roomId=3 ip=10.10.100.2:15555
[GIN] 2025/07/13 - 09:19:34 | 200 |      1.0477ms |             ::1 | GET      "/bacnet/info?roomId=4"
[GIN] 2025/07/13 - 09:19:44 | 200 |            0s |             ::1 | GET      "/bacnet/info?roomId=4"
[GIN] 2025/07/13 - 09:19:54 | 200 |            0s |             ::1 | GET      "/bacnet/info?roomId=4"
[GIN] 2025/07/13 - 09:20:04 | 200 |      2.0095ms |             ::1 | GET      "/bacnet/info?roomId=4"
[GIN] 2025/07/13 - 09:20:14 | 200 |            0s |             ::1 | GET      "/bacnet/info?roomId=4"
[GIN] 2025/07/13 - 09:20:24 | 200 |            0s |             ::1 | GET      "/bacnet/info?roomId=4"
[GIN] 2025/07/13 - 09:20:34 | 200 |     13.4488ms |             ::1 | GET      "/bacnet/info?roomId=4"
[GIN] 2025/07/13 - 09:20:44 | 200 |            0s |             ::1 | GET      "/bacnet/info?roomId=4"
[GIN] 2025/07/13 - 09:20:54 | 200 |            0s |             ::1 | GET      "/bacnet/info?roomId=4"
[GIN] 2025/07/13 - 09:21:04 | 200 |            0s |             ::1 | GET      "/bacnet/info?roomId=4"
[GIN] 2025/07/13 - 09:21:14 | 200 |            0s |             ::1 | GET      "/bacnet/info?roomId=4"
[GIN] 2025/07/13 - 09:21:24 | 200 |            0s |             ::1 | GET      "/bacnet/info?roomId=4"
[GIN] 2025/07/13 - 09:21:34 | 200 |            0s |             ::1 | GET      "/bacnet/info?roomId=4"
[GIN] 2025/07/13 - 09:21:35 | 200 |            0s |             ::1 | GET      "/modes?roomId=4"
[GIN] 2025/07/13 - 09:21:37 | 200 |       400.5µs |             ::1 | POST     "/modes"
time=2025-07-13T09:21:37.608+02:00 level=INFO msg="[LUTRON] Reading paused for write operations"
[GIN] 2025/07/13 - 09:21:40 | 200 |            0s |             ::1 | GET      "/modes?roomId=4"
time=2025-07-13T09:21:41.477+02:00 level=INFO msg="[LUTRON] Reading resumed"
[GIN] 2025/07/13 - 09:21:44 | 200 |            0s |             ::1 | GET      "/bacnet/info?roomId=4"
[GIN] 2025/07/13 - 09:21:47 | 200 |      2.2817ms |             ::1 | POST     "/modes"
time=2025-07-13T09:21:47.577+02:00 level=INFO msg="[LUTRON] Reading paused for write operations"
[GIN] 2025/07/13 - 09:21:50 | 200 |            0s |             ::1 | GET      "/modes?roomId=4"
time=2025-07-13T09:21:51.462+02:00 level=INFO msg="[LUTRON] Reading resumed"
[GIN] 2025/07/13 - 09:21:54 | 200 |            0s |             ::1 | GET      "/bacnet/info?roomId=4"
[GIN] 2025/07/13 - 09:22:04 | 200 |            0s |             ::1 | GET      "/bacnet/info?roomId=4"
[GIN] 2025/07/13 - 09:22:14 | 200 |            0s |             ::1 | GET      "/bacnet/info?roomId=4"
[GIN] 2025/07/13 - 09:22:24 | 200 |            0s |             ::1 | GET      "/bacnet/info?roomId=4"
[GIN] 2025/07/13 - 09:22:34 | 200 |            0s |             ::1 | GET      "/bacnet/info?roomId=4"
[GIN] 2025/07/13 - 09:22:44 | 200 |            0s |             ::1 | GET      "/bacnet/info?roomId=4"
[GIN] 2025/07/13 - 09:22:47 | 404 |            0s |             ::1 | GET      "/lutron/shades?roomId=4"
[GIN] 2025/07/13 - 09:22:53 | 200 |            0s |             ::1 | POST     "/lutron/shades"
time=2025-07-13T09:22:53.438+02:00 level=INFO msg="[LUTRON] Reading paused for write operations"
[GIN] 2025/07/13 - 09:22:54 | 200 |            0s |             ::1 | GET      "/bacnet/info?roomId=4"
time=2025-07-13T09:22:57.277+02:00 level=INFO msg="[LUTRON] Reading resumed"
[GIN] 2025/07/13 - 09:22:57 | 200 |            0s |             ::1 | POST     "/lutron/shades"
time=2025-07-13T09:22:58.984+02:00 level=INFO msg="[LUTRON] Reading paused for write operations"
time=2025-07-13T09:23:02.153+02:00 level=INFO msg="[LUTRON] Reading resumed"
[GIN] 2025/07/13 - 09:23:04 | 200 |      5.1809ms |             ::1 | POST     "/lutron/shades"
[GIN] 2025/07/13 - 09:23:04 | 200 |            0s |             ::1 | GET      "/bacnet/info?roomId=4"
time=2025-07-13T09:23:05.086+02:00 level=INFO msg="[LUTRON] Reading paused for write operations"
time=2025-07-13T09:23:08.296+02:00 level=INFO msg="[LUTRON] Reading resumed"
[GIN] 2025/07/13 - 09:23:14 | 200 |            0s |             ::1 | GET      "/bacnet/info?roomId=4"
[GIN] 2025/07/13 - 09:23:24 | 200 |            0s |             ::1 | GET      "/bacnet/info?roomId=4"
[GIN] 2025/07/13 - 09:23:34 | 200 |            0s |             ::1 | GET      "/bacnet/info?roomId=4"
time=2025-07-13T09:23:38.527+02:00 level=ERROR msg="[LUTRON] Error reading response" command=?DEVICE,2,81,9 error=EOF
time=2025-07-13T09:23:38.528+02:00 level=ERROR msg="[LUTRON] Error reading response" command=?DEVICE,2,84,9 error=EOF
