time=2025-07-02T09:48:23.166+02:00 level=INFO msg="Server starting" time=2025-07-02T09:48:23+02:00
time=2025-07-02T09:48:23.166+02:00 level=INFO msg="[SERVER] Loaded config."
time=2025-07-02T09:48:23.166+02:00 level=INFO msg="[LUTRON] Lutron cache initialized"
time=2025-07-02T09:48:23.226+02:00 level=INFO msg=[WEBSOCKET] "connection established"=true
time=2025-07-02T09:48:23.676+02:00 level=INFO msg="[LUTRON] Lutron routine started"
time=2025-07-02T09:48:23.676+02:00 level=INFO msg="[LUTRON] Read routine started"
time=2025-07-02T09:48:23.677+02:00 level=INFO msg="[BACNET] Bacnet cache initialized"
time=2025-07-02T09:48:23.679+02:00 level=INFO msg="[BACNET] Bacnet routine started"
time=2025-07-02T09:48:23.679+02:00 level=INFO msg="[CYVIZ] Initialized Cyviz Cache"
time=2025-07-02T09:48:23.679+02:00 level=INFO msg="[BACNET] Read routine started"
time=2025-07-02T09:48:23.685+02:00 level=INFO msg="[CYVIZ] Cyviz routine started" roomId=4 ip=10.10.100.1:15555
time=2025-07-02T09:48:23.696+02:00 level=INFO msg="[CYVIZ] Cyviz routine started" roomId=3 ip=10.10.100.2:15555
[GIN] 2025/07/02 - 09:48:27 | 200 |       641.6µs |             ::1 | GET      "/bacnet/info?roomId=4"
[GIN] 2025/07/02 - 09:48:29 | 200 |       716.3µs |             ::1 | GET      "/cyviz/avinput?roomId=3"
time=2025-07-02T09:48:33.917+02:00 level=INFO msg="[CYVIZ-USECASE] Setting Cyviz status" roomId=4 data="{ScreenData:[{Position:0xc000265d18 CurrentSource:0xc000265d10 PresetMode:<nil>}] VolumeLevel:<nil> VolumeMute:<nil> PowerState:<nil>}"
time=2025-07-02T09:48:33.917+02:00 level=INFO msg="[CYVIZ-USECASE] Entire Cyviz cache" cache="&{mutex:{w:{_:{} mu:{state:0 sema:0}} writerSem:0 readerSem:0 readerCount:{_:{} v:0} readerWait:{_:{} v:0}} data:map[3:{ScreenData:[{CurrentSource:0 Position:1 PresetMode:MV12} {CurrentSource:1 Position:2 PresetMode:MV12}] VolumeLevel:50 VolumeMute:false PowerState:false} 4:{ScreenData:[{CurrentSource:1 Position:1 PresetMode:}] VolumeLevel:50 VolumeMute:false PowerState:false}]}"
time=2025-07-02T09:48:33.917+02:00 level=INFO msg="[CYVIZ-USECASE] Cyviz cache for room" roomId=4 cache="&{mutex:{w:{_:{} mu:{state:0 sema:0}} writerSem:0 readerSem:0 readerCount:{_:{} v:0} readerWait:{_:{} v:0}} data:map[3:{ScreenData:[{CurrentSource:0 Position:1 PresetMode:MV12} {CurrentSource:1 Position:2 PresetMode:MV12}] VolumeLevel:50 VolumeMute:false PowerState:false} 4:{ScreenData:[{CurrentSource:1 Position:1 PresetMode:}] VolumeLevel:50 VolumeMute:false PowerState:false}]}"
time=2025-07-02T09:48:33.917+02:00 level=INFO msg="[CYVIZ-USECASE] Updated Cyviz cache for room" roomId=4 cache="{ScreenData:[{CurrentSource:1 Position:1 PresetMode:}] VolumeLevel:50 VolumeMute:false PowerState:false}"
[GIN] 2025/07/02 - 09:48:33 | 200 |      2.5374ms |             ::1 | POST     "/cyviz/avinput"
[GIN] 2025/07/02 - 09:48:36 | 200 |            0s |             ::1 | GET      "/cyviz/avinput?roomId=3"
[GIN] 2025/07/02 - 09:48:37 | 200 |            0s |             ::1 | GET      "/bacnet/info?roomId=4"
[GIN] 2025/07/02 - 09:48:47 | 200 |            0s |             ::1 | GET      "/bacnet/info?roomId=4"
[GIN] 2025/07/02 - 09:48:57 | 200 |            0s |             ::1 | GET      "/bacnet/info?roomId=4"
[GIN] 2025/07/02 - 09:49:07 | 200 |            0s |             ::1 | GET      "/bacnet/info?roomId=4"
[GIN] 2025/07/02 - 09:49:17 | 200 |            0s |             ::1 | GET      "/bacnet/info?roomId=4"
[GIN] 2025/07/02 - 09:49:27 | 200 |      2.0708ms |             ::1 | GET      "/bacnet/info?roomId=4"
[GIN] 2025/07/02 - 09:49:37 | 200 |            0s |             ::1 | GET      "/bacnet/info?roomId=4"
[GIN] 2025/07/02 - 09:49:47 | 200 |            0s |             ::1 | GET      "/bacnet/info?roomId=4"
