time=2025-07-02T09:44:45.030+02:00 level=INFO msg="Server starting" time=2025-07-02T09:44:45+02:00
time=2025-07-02T09:44:45.030+02:00 level=INFO msg="[SERVER] Loaded config."
time=2025-07-02T09:44:45.031+02:00 level=INFO msg="[LUTRON] Lutron cache initialized"
time=2025-07-02T09:44:45.094+02:00 level=INFO msg=[WEBSOCKET] "connection established"=true
time=2025-07-02T09:44:45.539+02:00 level=INFO msg="[LUTRON] Lutron routine started"
time=2025-07-02T09:44:45.539+02:00 level=INFO msg="[LUTRON] Read routine started"
time=2025-07-02T09:44:45.539+02:00 level=INFO msg="[BACNET] Bacnet cache initialized"
time=2025-07-02T09:44:45.541+02:00 level=INFO msg="[BACNET] Bacnet routine started"
time=2025-07-02T09:44:45.541+02:00 level=INFO msg="[CYVIZ] Initialized Cyviz Cache"
time=2025-07-02T09:44:45.541+02:00 level=INFO msg="[BACNET] Read routine started"
time=2025-07-02T09:44:45.552+02:00 level=INFO msg="[CYVIZ] Cyviz routine started" roomId=4 ip=10.10.100.1:15555
time=2025-07-02T09:44:45.554+02:00 level=INFO msg="[CYVIZ] Read routine started" roomId=4
time=2025-07-02T09:44:45.561+02:00 level=INFO msg="[CYVIZ] Cyviz routine started" roomId=3 ip=10.10.100.2:15555
time=2025-07-02T09:44:45.561+02:00 level=INFO msg="[CYVIZ] Read routine started" roomId=3
[GIN] 2025/07/02 - 09:44:47 | 200 |       505.4µs |             ::1 | GET      "/bacnet/info?roomId=4"
[GIN] 2025/07/02 - 09:44:57 | 200 |            0s |             ::1 | GET      "/bacnet/info?roomId=4"
[GIN] 2025/07/02 - 09:45:07 | 200 |            0s |             ::1 | GET      "/bacnet/info?roomId=4"
[GIN] 2025/07/02 - 09:45:17 | 200 |            0s |             ::1 | GET      "/bacnet/info?roomId=4"
[GIN] 2025/07/02 - 09:45:27 | 200 |            0s |             ::1 | GET      "/bacnet/info?roomId=4"
[GIN] 2025/07/02 - 09:45:37 | 200 |            0s |             ::1 | GET      "/bacnet/info?roomId=4"
[GIN] 2025/07/02 - 09:45:47 | 200 |            0s |             ::1 | GET      "/bacnet/info?roomId=4"
[GIN] 2025/07/02 - 09:45:57 | 200 |            0s |             ::1 | GET      "/bacnet/info?roomId=4"
[GIN] 2025/07/02 - 09:46:07 | 200 |     10.5377ms |             ::1 | GET      "/bacnet/info?roomId=4"
time=2025-07-02T09:46:12.351+02:00 level=INFO msg="[CYVIZ-USECASE] Setting Cyviz status" roomId=4 data="{ScreenData:[{Position:0xc0002ae478 CurrentSource:0xc0002ae470 PresetMode:<nil>}] VolumeLevel:<nil> VolumeMute:<nil> PowerState:<nil>}"
time=2025-07-02T09:46:12.351+02:00 level=INFO msg="[CYVIZ-USECASE] Entire Cyviz cache" cache="&{mutex:{w:{_:{} mu:{state:0 sema:0}} writerSem:0 readerSem:0 readerCount:{_:{} v:0} readerWait:{_:{} v:0}} data:map[3:{ScreenData:[] VolumeLevel:87 VolumeMute:false PowerState:false} 4:{ScreenData:[] VolumeLevel:100 VolumeMute:false PowerState:false}]}"
time=2025-07-02T09:46:12.351+02:00 level=INFO msg="[CYVIZ-USECASE] Cyviz cache for room" roomId=4 cache="&{mutex:{w:{_:{} mu:{state:0 sema:0}} writerSem:0 readerSem:0 readerCount:{_:{} v:0} readerWait:{_:{} v:0}} data:map[3:{ScreenData:[] VolumeLevel:87 VolumeMute:false PowerState:false} 4:{ScreenData:[] VolumeLevel:100 VolumeMute:false PowerState:false}]}"
time=2025-07-02T09:46:12.351+02:00 level=INFO msg="[CYVIZ-USECASE] Updated Cyviz cache for room" roomId=4 cache="{ScreenData:[] VolumeLevel:100 VolumeMute:false PowerState:false}"
[GIN] 2025/07/02 - 09:46:12 | 500 |      1.0493ms |             ::1 | POST     "/cyviz/avinput"
[GIN] 2025/07/02 - 09:46:17 | 200 |            0s |             ::1 | GET      "/bacnet/info?roomId=4"
[GIN] 2025/07/02 - 09:46:27 | 200 |            0s |             ::1 | GET      "/bacnet/info?roomId=4"
[GIN] 2025/07/02 - 09:46:37 | 200 |            0s |             ::1 | GET      "/bacnet/info?roomId=4"
[GIN] 2025/07/02 - 09:46:47 | 200 |       559.3µs |             ::1 | GET      "/bacnet/info?roomId=4"
[GIN] 2025/07/02 - 09:46:57 | 200 |            0s |             ::1 | GET      "/bacnet/info?roomId=4"
[GIN] 2025/07/02 - 09:47:07 | 200 |            0s |             ::1 | GET      "/bacnet/info?roomId=4"
[GIN] 2025/07/02 - 09:47:17 | 200 |            0s |             ::1 | GET      "/bacnet/info?roomId=4"
[GIN] 2025/07/02 - 09:47:27 | 200 |            0s |             ::1 | GET      "/bacnet/info?roomId=4"
[GIN] 2025/07/02 - 09:47:37 | 200 |            0s |             ::1 | GET      "/bacnet/info?roomId=4"
[GIN] 2025/07/02 - 09:47:47 | 200 |            0s |             ::1 | GET      "/bacnet/info?roomId=4"
